2025-06-20 19:04:57,799 [trainer.py] => Starting new run
2025-06-20 19:04:57,801 [trainer.py] => ID: 0
2025-06-20 19:04:57,801 [trainer.py] => dataset: dogs
2025-06-20 19:04:57,801 [trainer.py] => shuffle: True
2025-06-20 19:04:57,801 [trainer.py] => init_cls: 12
2025-06-20 19:04:57,801 [trainer.py] => increment: 12
2025-06-20 19:04:57,801 [trainer.py] => k: 12
2025-06-20 19:04:57,801 [trainer.py] => model_name: ncm
2025-06-20 19:04:57,801 [trainer.py] => convnet_type: pretrained_vit_b16_224_in21k
2025-06-20 19:04:57,801 [trainer.py] => device: [0]
2025-06-20 19:04:57,801 [trainer.py] => seed: 1993
2025-06-20 19:04:57,801 [trainer.py] => batch_size: 128
2025-06-20 19:04:57,801 [trainer.py] => tuned_epoch: 0
2025-06-20 19:04:57,801 [trainer.py] => body_lr: 0
2025-06-20 19:04:57,801 [trainer.py] => head_lr: 0
2025-06-20 19:04:57,801 [trainer.py] => weight_decay: 0.0005
2025-06-20 19:04:57,801 [trainer.py] => min_lr: 0
2025-06-20 19:04:57,801 [trainer.py] => use_RP: True
2025-06-20 19:04:57,801 [trainer.py] => M: 10000
2025-06-20 19:04:57,801 [trainer.py] => use_input_norm: False
2025-06-20 19:04:57,802 [trainer.py] => do_not_save: False
2025-06-20 19:04:58,047 [GDDSG.py] => 85,798,656 total parameters.
2025-06-20 19:04:58,048 [GDDSG.py] => 85,798,656 training parameters.
2025-06-20 19:04:58,391 [data_manager.py] => Class Order: [8,70,91,85,106,88,86,23,107,80,43,116,55,89,72,99,94,68,108,40,3,113,9,77,44,114,65,71,35,26,82,28,52,1,109,87,19,17,110,13,81,59,56,6,74,22,16,64,38,15,118,58,100,41,84,102,45,60,98,14,20,50,10,31,53,54,37,79,96,115,2,117,66,76,78,42,24,34,103,21,119,0,104,27,18,111,11,12,47,25,101,30,83,46,62,69,90,36,61,7,63,92,75,5,32,105,4,51,48,73,93,39,95,112,67,29,97,49,57,33]
2025-06-20 19:04:58,453 [trainer.py] => Pre-trained network parameters: 85798656
2025-06-20 19:04:58,453 [GDDSG.py] => Starting CIL Task 1
2025-06-20 19:04:58,454 [GDDSG.py] => Learning on classes 0-11
2025-06-20 19:05:11,046 [GDDSG.py] => Class Groups: {0: [0, 1, 2, 3, 4, 5, 7, 8, 9, 10, 11], 1: [6], 2: []}
2025-06-20 19:05:12,663 [GDDSG.py] => Optimal lambda: 1000000.0
2025-06-20 19:05:15,374 [GDDSG.py] => Optimal lambda: 100.0
2025-06-20 19:05:16,255 [GDDSG.py] => 93,598,657 total parameters.
2025-06-20 19:05:16,256 [GDDSG.py] => 7,800,001 training parameters.
2025-06-20 19:05:20,623 [predictitid.py] => Best parameters: a=0.4865989654440494, b=0.45807627759931047, c=0.055324756956640075
2025-06-20 19:05:20,623 [predictitid.py] => Best accuracy: 0.9991666666666666
2025-06-20 19:06:03,947 [GDDSG.py] => Task 0, Backtest 0, Accuracy 0.9765625, ID Accuracy 0.985200845665962
2025-06-20 19:06:03,948 [GDDSG.py] => Now Task 0, Average Accuracy 0.9765625
2025-06-20 19:06:03,954 [GDDSG.py] => Starting CIL Task 2
2025-06-20 19:06:03,954 [GDDSG.py] => Learning on classes 12-23
2025-06-20 19:06:17,393 [GDDSG.py] => Class Groups: {0: [0, 1, 2, 3, 4, 5, 7, 8, 9, 10, 11, 12], 1: [6, 13, 14, 15, 16, 17, 18, 19, 20, 21, 22, 23], 2: []}
2025-06-20 19:06:19,856 [GDDSG.py] => Optimal lambda: 1000000.0
2025-06-20 19:06:23,002 [GDDSG.py] => Optimal lambda: 1000000.0
2025-06-20 19:06:23,745 [GDDSG.py] => 93,497,089 total parameters.
2025-06-20 19:06:23,746 [GDDSG.py] => 7,698,433 training parameters.
2025-06-20 19:06:33,738 [predictitid.py] => Best parameters: a=0.44200668240986357, b=0.6082642332375926, c=-0.05027091564745623
2025-06-20 19:06:33,738 [predictitid.py] => Best accuracy: 0.99625
2025-06-20 19:06:47,415 [GDDSG.py] => Task 1, Backtest 0, Accuracy 0.97802734375, ID Accuracy 0.9862579281183932
2025-06-20 19:07:29,352 [GDDSG.py] => Task 1, Backtest 1, Accuracy 0.97900390625, ID Accuracy 0.9813302217036173
2025-06-20 19:07:29,353 [GDDSG.py] => Now Task 1, Average Accuracy 0.978515625
2025-06-20 19:07:29,357 [GDDSG.py] => Starting CIL Task 3
2025-06-20 19:07:29,357 [GDDSG.py] => Learning on classes 24-35
2025-06-20 19:07:42,398 [GDDSG.py] => Class Groups: {0: [0, 1, 2, 3, 4, 5, 7, 8, 9, 10, 11, 12], 1: [6, 13, 14, 15, 16, 17, 18, 19, 20, 21, 22, 23], 2: [24, 25, 26, 27, 28, 29, 30, 31, 32, 33, 34, 35], 3: []}
2025-06-20 19:07:44,843 [GDDSG.py] => Optimal lambda: 10000000.0
2025-06-20 19:07:48,241 [GDDSG.py] => Optimal lambda: 1000.0
2025-06-20 19:07:50,454 [GDDSG.py] => Optimal lambda: 1000000.0
2025-06-20 19:07:51,379 [GDDSG.py] => 93,506,305 total parameters.
2025-06-20 19:07:51,380 [GDDSG.py] => 7,707,649 training parameters.
2025-06-20 19:08:11,704 [predictitid.py] => Best parameters: a=0.4187437706965978, b=0.17929916174463123, c=0.40195706755877103
2025-06-20 19:08:11,704 [predictitid.py] => Best accuracy: 0.9922222222222222
2025-06-20 19:08:25,905 [GDDSG.py] => Task 2, Backtest 0, Accuracy 0.97021484375, ID Accuracy 0.9756871035940803
2025-06-20 19:08:41,627 [GDDSG.py] => Task 2, Backtest 1, Accuracy 0.96728515625, ID Accuracy 0.9591598599766628
2025-06-20 19:09:22,383 [GDDSG.py] => Task 2, Backtest 2, Accuracy 0.97119140625, ID Accuracy 0.9749702026221693
2025-06-20 19:09:22,384 [GDDSG.py] => Now Task 2, Average Accuracy 0.9695638020833334
2025-06-20 19:09:22,391 [GDDSG.py] => Starting CIL Task 4
2025-06-20 19:09:22,392 [GDDSG.py] => Learning on classes 36-47
2025-06-20 19:09:35,491 [GDDSG.py] => Class Groups: {0: [0, 1, 2, 3, 4, 5, 7, 8, 9, 10, 11, 12], 1: [6, 13, 14, 15, 16, 17, 18, 19, 20, 21, 22, 23], 2: [24, 25, 26, 27, 28, 29, 30, 31, 32, 33, 34, 35], 3: [36, 37, 38, 39, 40, 42, 43, 44, 45, 47], 4: [41, 46], 5: []}
2025-06-20 19:09:37,896 [GDDSG.py] => Optimal lambda: 10000000.0
2025-06-20 19:09:41,307 [GDDSG.py] => Optimal lambda: 1000.0
2025-06-20 19:09:44,537 [GDDSG.py] => Optimal lambda: 10000.0
2025-06-20 19:09:46,760 [GDDSG.py] => Optimal lambda: 1000000.0
2025-06-20 19:09:49,188 [GDDSG.py] => Optimal lambda: 100.0
2025-06-20 19:09:50,094 [GDDSG.py] => 93,515,521 total parameters.
2025-06-20 19:09:50,095 [GDDSG.py] => 7,716,865 training parameters.
2025-06-20 19:10:21,004 [predictitid.py] => Best parameters: a=0.1700491961190673, b=0.4098847686391085, c=0.4200660352418242
2025-06-20 19:10:21,004 [predictitid.py] => Best accuracy: 0.9902083333333334
2025-06-20 19:10:35,304 [GDDSG.py] => Task 3, Backtest 0, Accuracy 0.96826171875, ID Accuracy 0.9714587737843552
2025-06-20 19:10:51,091 [GDDSG.py] => Task 3, Backtest 1, Accuracy 0.97314453125, ID Accuracy 0.970828471411902
2025-06-20 19:11:06,576 [GDDSG.py] => Task 3, Backtest 2, Accuracy 0.96923828125, ID Accuracy 0.9725864123957092
2025-06-20 19:11:45,672 [GDDSG.py] => Task 3, Backtest 3, Accuracy 0.94384765625, ID Accuracy 0.9401273885350319
2025-06-20 19:11:45,672 [GDDSG.py] => Now Task 3, Average Accuracy 0.963623046875
2025-06-20 19:11:45,680 [GDDSG.py] => Starting CIL Task 5
2025-06-20 19:11:45,680 [GDDSG.py] => Learning on classes 48-59
2025-06-20 19:11:58,613 [GDDSG.py] => Class Groups: {0: [0, 1, 2, 3, 4, 5, 7, 8, 9, 10, 11, 12], 1: [6, 13, 14, 15, 16, 17, 18, 19, 20, 21, 22, 23], 2: [24, 25, 26, 27, 28, 29, 30, 31, 32, 33, 34, 35], 3: [36, 37, 38, 39, 40, 42, 43, 44, 45, 47, 48, 50], 4: [41, 46, 51, 52, 53, 54, 55, 56, 57, 58, 59], 5: [49], 6: []}
2025-06-20 19:12:01,039 [GDDSG.py] => Optimal lambda: 10000000.0
2025-06-20 19:12:04,466 [GDDSG.py] => Optimal lambda: 1000.0
2025-06-20 19:12:07,623 [GDDSG.py] => Optimal lambda: 10000.0
2025-06-20 19:12:10,761 [GDDSG.py] => Optimal lambda: 1000000.0
2025-06-20 19:12:13,780 [GDDSG.py] => Optimal lambda: 1000000.0
2025-06-20 19:12:16,030 [GDDSG.py] => Optimal lambda: 100.0
2025-06-20 19:12:16,865 [GDDSG.py] => 93,524,737 total parameters.
2025-06-20 19:12:16,865 [GDDSG.py] => 7,726,081 training parameters.
2025-06-20 19:12:59,524 [predictitid.py] => Best parameters: a=0.4349443787525205, b=0.313212235497423, c=0.25184338575005655
2025-06-20 19:12:59,524 [predictitid.py] => Best accuracy: 0.9905
2025-06-20 19:13:14,282 [GDDSG.py] => Task 4, Backtest 0, Accuracy 0.9736328125, ID Accuracy 0.9746300211416491
2025-06-20 19:13:30,693 [GDDSG.py] => Task 4, Backtest 1, Accuracy 0.96630859375, ID Accuracy 0.9626604434072346
2025-06-20 19:13:46,624 [GDDSG.py] => Task 4, Backtest 2, Accuracy 0.97119140625, ID Accuracy 0.9725864123957092
2025-06-20 19:14:01,649 [GDDSG.py] => Task 4, Backtest 3, Accuracy 0.9501953125, ID Accuracy 0.9515923566878981
2025-06-20 19:14:41,712 [GDDSG.py] => Task 4, Backtest 4, Accuracy 0.95068359375, ID Accuracy 0.9543773119605425
2025-06-20 19:14:41,713 [GDDSG.py] => Now Task 4, Average Accuracy 0.96240234375
2025-06-20 19:14:41,721 [GDDSG.py] => Starting CIL Task 6
2025-06-20 19:14:41,722 [GDDSG.py] => Learning on classes 60-71
2025-06-20 19:14:54,602 [GDDSG.py] => Class Groups: {0: [0, 1, 2, 3, 4, 5, 7, 8, 9, 10, 11, 12], 1: [6, 13, 14, 15, 16, 17, 18, 19, 20, 21, 22, 23], 2: [24, 25, 26, 27, 28, 29, 30, 31, 32, 33, 34, 35], 3: [36, 37, 38, 39, 40, 42, 43, 44, 45, 47, 48, 50], 4: [41, 46, 51, 52, 53, 54, 55, 56, 57, 58, 59, 60], 5: [49, 61, 63, 64, 65, 66, 67, 68, 69, 71], 6: [62, 70], 7: []}
2025-06-20 19:14:57,037 [GDDSG.py] => Optimal lambda: 10000000.0
2025-06-20 19:15:00,459 [GDDSG.py] => Optimal lambda: 1000.0
2025-06-20 19:15:03,597 [GDDSG.py] => Optimal lambda: 10000.0
2025-06-20 19:15:06,729 [GDDSG.py] => Optimal lambda: 10000000.0
2025-06-20 19:15:09,848 [GDDSG.py] => Optimal lambda: 1000000.0
2025-06-20 19:15:12,885 [GDDSG.py] => Optimal lambda: 1000000.0
2025-06-20 19:15:15,099 [GDDSG.py] => Optimal lambda: 100000.0
2025-06-20 19:15:15,937 [GDDSG.py] => 93,533,953 total parameters.
2025-06-20 19:15:15,938 [GDDSG.py] => 7,735,297 training parameters.
2025-06-20 19:16:08,593 [predictitid.py] => Best parameters: a=0.6701748485009683, b=0.2298159679049676, c=0.10000918359406408
2025-06-20 19:16:08,593 [predictitid.py] => Best accuracy: 0.9897222222222222
2025-06-20 19:16:22,910 [GDDSG.py] => Task 5, Backtest 0, Accuracy 0.97265625, ID Accuracy 0.9778012684989429
2025-06-20 19:16:39,235 [GDDSG.py] => Task 5, Backtest 1, Accuracy 0.96728515625, ID Accuracy 0.9638273045507585
2025-06-20 19:16:54,956 [GDDSG.py] => Task 5, Backtest 2, Accuracy 0.96923828125, ID Accuracy 0.9678188319427891
2025-06-20 19:17:10,033 [GDDSG.py] => Task 5, Backtest 3, Accuracy 0.94287109375, ID Accuracy 0.9388535031847134
2025-06-20 19:17:25,008 [GDDSG.py] => Task 5, Backtest 4, Accuracy 0.962890625, ID Accuracy 0.9593094944512947
2025-06-20 19:18:08,256 [GDDSG.py] => Task 5, Backtest 5, Accuracy 0.94140625, ID Accuracy 0.9345172031076582
2025-06-20 19:18:08,257 [GDDSG.py] => Now Task 5, Average Accuracy 0.9593912760416666
2025-06-20 19:18:08,266 [GDDSG.py] => Starting CIL Task 7
2025-06-20 19:18:08,266 [GDDSG.py] => Learning on classes 72-83
2025-06-20 19:18:22,013 [GDDSG.py] => Class Groups: {0: [0, 1, 2, 3, 4, 5, 7, 8, 9, 10, 11, 12], 1: [6, 13, 14, 15, 16, 17, 18, 19, 20, 21, 22, 23], 2: [24, 25, 26, 27, 28, 29, 30, 31, 32, 33, 34, 35], 3: [36, 37, 38, 39, 40, 42, 43, 44, 45, 47, 48, 50], 4: [41, 46, 51, 52, 53, 54, 55, 56, 57, 58, 59, 60], 5: [49, 61, 63, 64, 65, 66, 67, 68, 69, 71, 72, 74], 6: [62, 70, 73, 75, 76, 78, 79, 80, 81, 82, 83], 7: [77], 8: []}
2025-06-20 19:18:24,517 [GDDSG.py] => Optimal lambda: 10000000.0
2025-06-20 19:18:28,066 [GDDSG.py] => Optimal lambda: 1000.0
2025-06-20 19:18:31,292 [GDDSG.py] => Optimal lambda: 10000.0
2025-06-20 19:18:34,498 [GDDSG.py] => Optimal lambda: 10000000.0
2025-06-20 19:18:37,690 [GDDSG.py] => Optimal lambda: 1000000.0
2025-06-20 19:18:40,854 [GDDSG.py] => Optimal lambda: 1000.0
2025-06-20 19:18:43,879 [GDDSG.py] => Optimal lambda: 1000000.0
2025-06-20 19:18:46,112 [GDDSG.py] => Optimal lambda: 10000.0
2025-06-20 19:18:46,957 [GDDSG.py] => 93,543,169 total parameters.
2025-06-20 19:18:46,958 [GDDSG.py] => 7,744,513 training parameters.
2025-06-20 19:19:52,997 [predictitid.py] => Best parameters: a=0.2966843733931828, b=0.44667296093180653, c=0.2566426656750107
2025-06-20 19:19:52,997 [predictitid.py] => Best accuracy: 0.9889285714285714
2025-06-20 19:20:08,828 [GDDSG.py] => Task 6, Backtest 0, Accuracy 0.9736328125, ID Accuracy 0.9788583509513742
2025-06-20 19:20:25,657 [GDDSG.py] => Task 6, Backtest 1, Accuracy 0.953125, ID Accuracy 0.9509918319719953
2025-06-20 19:20:41,619 [GDDSG.py] => Task 6, Backtest 2, Accuracy 0.96044921875, ID Accuracy 0.9547079856972587
2025-06-20 19:20:57,157 [GDDSG.py] => Task 6, Backtest 3, Accuracy 0.9375, ID Accuracy 0.9414012738853503
2025-06-20 19:21:12,809 [GDDSG.py] => Task 6, Backtest 4, Accuracy 0.95703125, ID Accuracy 0.9630086313193588
2025-06-20 19:21:29,522 [GDDSG.py] => Task 6, Backtest 5, Accuracy 0.93896484375, ID Accuracy 0.9322974472807991
2025-06-20 19:22:11,488 [GDDSG.py] => Task 6, Backtest 6, Accuracy 0.9599609375, ID Accuracy 0.9564719358533792
2025-06-20 19:22:11,488 [GDDSG.py] => Now Task 6, Average Accuracy 0.9543805803571429
2025-06-20 19:22:11,499 [GDDSG.py] => Starting CIL Task 8
2025-06-20 19:22:11,500 [GDDSG.py] => Learning on classes 84-95
2025-06-20 19:22:25,261 [GDDSG.py] => Class Groups: {0: [0, 1, 2, 3, 4, 5, 7, 8, 9, 10, 11, 12], 1: [6, 13, 14, 15, 16, 17, 18, 19, 20, 21, 22, 23], 2: [24, 25, 26, 27, 28, 29, 30, 31, 32, 33, 34, 35], 3: [36, 37, 38, 39, 40, 42, 43, 44, 45, 47, 48, 50], 4: [41, 46, 51, 52, 53, 54, 55, 56, 57, 58, 59, 60], 5: [49, 61, 63, 64, 65, 66, 67, 68, 69, 71, 72, 74], 6: [62, 70, 73, 75, 76, 78, 79, 80, 81, 82, 83, 84], 7: [77, 85, 86, 87, 88, 89, 90, 91, 92, 94, 95], 8: [93], 9: []}
2025-06-20 19:22:27,711 [GDDSG.py] => Optimal lambda: 10000000.0
2025-06-20 19:22:31,163 [GDDSG.py] => Optimal lambda: 1000.0
2025-06-20 19:22:34,317 [GDDSG.py] => Optimal lambda: 10000.0
2025-06-20 19:22:37,511 [GDDSG.py] => Optimal lambda: 10000000.0
2025-06-20 19:22:40,668 [GDDSG.py] => Optimal lambda: 1000000.0
2025-06-20 19:22:43,811 [GDDSG.py] => Optimal lambda: 10000000.0
2025-06-20 19:22:46,956 [GDDSG.py] => Optimal lambda: 100000.0
2025-06-20 19:22:49,992 [GDDSG.py] => Optimal lambda: 1000000.0
2025-06-20 19:22:52,224 [GDDSG.py] => Optimal lambda: 1000.0
2025-06-20 19:22:53,073 [GDDSG.py] => 93,552,385 total parameters.
2025-06-20 19:22:53,074 [GDDSG.py] => 7,753,729 training parameters.
2025-06-20 19:24:15,931 [predictitid.py] => Best parameters: a=0.504780192703669, b=0.3866933520751536, c=0.10852645522117738
2025-06-20 19:24:15,932 [predictitid.py] => Best accuracy: 0.9889583333333334
2025-06-20 19:24:30,497 [GDDSG.py] => Task 7, Backtest 0, Accuracy 0.96826171875, ID Accuracy 0.9746300211416491
2025-06-20 19:24:46,388 [GDDSG.py] => Task 7, Backtest 1, Accuracy 0.9453125, ID Accuracy 0.9428238039673279
2025-06-20 19:25:01,995 [GDDSG.py] => Task 7, Backtest 2, Accuracy 0.95703125, ID Accuracy 0.9511323003575686
2025-06-20 19:25:16,878 [GDDSG.py] => Task 7, Backtest 3, Accuracy 0.93994140625, ID Accuracy 0.9388535031847134
2025-06-20 19:25:32,142 [GDDSG.py] => Task 7, Backtest 4, Accuracy 0.95458984375, ID Accuracy 0.9568434032059187
2025-06-20 19:25:48,570 [GDDSG.py] => Task 7, Backtest 5, Accuracy 0.93115234375, ID Accuracy 0.9245283018867925
2025-06-20 19:26:04,992 [GDDSG.py] => Task 7, Backtest 6, Accuracy 0.95654296875, ID Accuracy 0.9541809851088202
2025-06-20 19:26:49,598 [GDDSG.py] => Task 7, Backtest 7, Accuracy 0.92333984375, ID Accuracy 0.9131428571428571
2025-06-20 19:26:49,599 [GDDSG.py] => Now Task 7, Average Accuracy 0.947021484375
2025-06-20 19:26:49,612 [GDDSG.py] => Starting CIL Task 9
2025-06-20 19:26:49,612 [GDDSG.py] => Learning on classes 96-107
2025-06-20 19:27:03,138 [GDDSG.py] => Class Groups: {0: [0, 1, 2, 3, 4, 5, 7, 8, 9, 10, 11, 12], 1: [6, 13, 14, 15, 16, 17, 18, 19, 20, 21, 22, 23], 2: [24, 25, 26, 27, 28, 29, 30, 31, 32, 33, 34, 35], 3: [36, 37, 38, 39, 40, 42, 43, 44, 45, 47, 48, 50], 4: [41, 46, 51, 52, 53, 54, 55, 56, 57, 58, 59, 60], 5: [49, 61, 63, 64, 65, 66, 67, 68, 69, 71, 72, 74], 6: [62, 70, 73, 75, 76, 78, 79, 80, 81, 82, 83, 84], 7: [77, 85, 86, 87, 88, 89, 90, 91, 92, 94, 95, 96], 8: [93, 97, 98, 99, 100, 101, 102, 103, 104, 105, 106], 9: [107], 10: []}
2025-06-20 19:27:05,589 [GDDSG.py] => Optimal lambda: 10000000.0
2025-06-20 19:27:09,058 [GDDSG.py] => Optimal lambda: 1000.0
2025-06-20 19:27:12,244 [GDDSG.py] => Optimal lambda: 10000.0
2025-06-20 19:27:15,395 [GDDSG.py] => Optimal lambda: 10000000.0
2025-06-20 19:27:18,519 [GDDSG.py] => Optimal lambda: 1000000.0
2025-06-20 19:27:21,643 [GDDSG.py] => Optimal lambda: 10000000.0
2025-06-20 19:27:24,768 [GDDSG.py] => Optimal lambda: 1000000.0
2025-06-20 19:27:27,901 [GDDSG.py] => Optimal lambda: 1000000.0
2025-06-20 19:27:30,911 [GDDSG.py] => Optimal lambda: 1000000.0
2025-06-20 19:27:33,157 [GDDSG.py] => Optimal lambda: 1000.0
2025-06-20 19:27:34,020 [GDDSG.py] => 93,561,601 total parameters.
2025-06-20 19:27:34,021 [GDDSG.py] => 7,762,945 training parameters.
2025-06-20 19:29:16,020 [predictitid.py] => Best parameters: a=0.6043772211470837, b=0.2440791848088541, c=0.1515435940440622
2025-06-20 19:29:16,021 [predictitid.py] => Best accuracy: 0.9887962962962963
2025-06-20 19:29:31,293 [GDDSG.py] => Task 8, Backtest 0, Accuracy 0.97021484375, ID Accuracy 0.9756871035940803
2025-06-20 19:29:47,609 [GDDSG.py] => Task 8, Backtest 1, Accuracy 0.9453125, ID Accuracy 0.9451575262543758
2025-06-20 19:30:04,022 [GDDSG.py] => Task 8, Backtest 2, Accuracy 0.962890625, ID Accuracy 0.9558998808104887
2025-06-20 19:30:19,843 [GDDSG.py] => Task 8, Backtest 3, Accuracy 0.9365234375, ID Accuracy 0.9299363057324841
2025-06-20 19:30:35,598 [GDDSG.py] => Task 8, Backtest 4, Accuracy 0.95703125, ID Accuracy 0.9580764488286067
2025-06-20 19:30:51,802 [GDDSG.py] => Task 8, Backtest 5, Accuracy 0.93212890625, ID Accuracy 0.9289678135405105
2025-06-20 19:31:07,995 [GDDSG.py] => Task 8, Backtest 6, Accuracy 0.9599609375, ID Accuracy 0.9564719358533792
2025-06-20 19:31:24,114 [GDDSG.py] => Task 8, Backtest 7, Accuracy 0.919921875, ID Accuracy 0.912
2025-06-20 19:32:07,693 [GDDSG.py] => Task 8, Backtest 8, Accuracy 0.9404296875, ID Accuracy 0.9417582417582417
2025-06-20 19:32:07,693 [GDDSG.py] => Now Task 8, Average Accuracy 0.9471571180555556
2025-06-20 19:32:07,708 [GDDSG.py] => Starting CIL Task 10
2025-06-20 19:32:07,708 [GDDSG.py] => Learning on classes 108-119
2025-06-20 19:32:21,033 [GDDSG.py] => Class Groups: {0: [0, 1, 2, 3, 4, 5, 7, 8, 9, 10, 11, 12], 1: [6, 13, 14, 15, 16, 17, 18, 19, 20, 21, 22, 23], 2: [24, 25, 26, 27, 28, 29, 30, 31, 32, 33, 34, 35], 3: [36, 37, 38, 39, 40, 42, 43, 44, 45, 47, 48, 50], 4: [41, 46, 51, 52, 53, 54, 55, 56, 57, 58, 59, 60], 5: [49, 61, 63, 64, 65, 66, 67, 68, 69, 71, 72, 74], 6: [62, 70, 73, 75, 76, 78, 79, 80, 81, 82, 83, 84], 7: [77, 85, 86, 87, 88, 89, 90, 91, 92, 94, 95, 96], 8: [93, 97, 98, 99, 100, 101, 102, 103, 104, 105, 106, 109], 9: [107, 108, 110, 111, 112, 113, 114, 116, 117, 119], 10: [115, 118], 11: []}
2025-06-20 19:32:23,487 [GDDSG.py] => Optimal lambda: 10000000.0
2025-06-20 19:32:26,928 [GDDSG.py] => Optimal lambda: 1000.0
2025-06-20 19:32:30,109 [GDDSG.py] => Optimal lambda: 10000.0
2025-06-20 19:32:33,288 [GDDSG.py] => Optimal lambda: 10000000.0
2025-06-20 19:32:36,451 [GDDSG.py] => Optimal lambda: 1000000.0
2025-06-20 19:32:39,630 [GDDSG.py] => Optimal lambda: 10000000.0
2025-06-20 19:32:42,779 [GDDSG.py] => Optimal lambda: 1000000.0
2025-06-20 19:32:45,903 [GDDSG.py] => Optimal lambda: 1000000.0
2025-06-20 19:32:49,009 [GDDSG.py] => Optimal lambda: 1000000.0
2025-06-20 19:32:52,085 [GDDSG.py] => Optimal lambda: 1000000.0
2025-06-20 19:32:54,306 [GDDSG.py] => Optimal lambda: 100000.0
2025-06-20 19:32:55,153 [GDDSG.py] => 93,570,817 total parameters.
2025-06-20 19:32:55,154 [GDDSG.py] => 7,772,161 training parameters.
2025-06-20 19:34:53,349 [predictitid.py] => Best parameters: a=0.6049547964714808, b=0.27605713816749333, c=0.11898806536102591
2025-06-20 19:34:53,349 [predictitid.py] => Best accuracy: 0.9883333333333333
2025-06-20 19:35:08,485 [GDDSG.py] => Task 9, Backtest 0, Accuracy 0.96533203125, ID Accuracy 0.9725158562367865
2025-06-20 19:35:24,373 [GDDSG.py] => Task 9, Backtest 1, Accuracy 0.94873046875, ID Accuracy 0.9428238039673279
2025-06-20 19:35:40,292 [GDDSG.py] => Task 9, Backtest 2, Accuracy 0.95947265625, ID Accuracy 0.9547079856972587
2025-06-20 19:35:55,833 [GDDSG.py] => Task 9, Backtest 3, Accuracy 0.93017578125, ID Accuracy 0.9312101910828026
2025-06-20 19:36:11,496 [GDDSG.py] => Task 9, Backtest 4, Accuracy 0.96044921875, ID Accuracy 0.9568434032059187
2025-06-20 19:36:28,404 [GDDSG.py] => Task 9, Backtest 5, Accuracy 0.92333984375, ID Accuracy 0.9178690344062154
2025-06-20 19:36:45,404 [GDDSG.py] => Task 9, Backtest 6, Accuracy 0.9609375, ID Accuracy 0.9587628865979382
2025-06-20 19:37:01,969 [GDDSG.py] => Task 9, Backtest 7, Accuracy 0.9248046875, ID Accuracy 0.9097142857142857
2025-06-20 19:37:18,750 [GDDSG.py] => Task 9, Backtest 8, Accuracy 0.9404296875, ID Accuracy 0.9428571428571428
2025-06-20 19:37:57,683 [GDDSG.py] => Task 9, Backtest 9, Accuracy 0.9248046875, ID Accuracy 0.9272030651340997
2025-06-20 19:37:57,683 [GDDSG.py] => Now Task 9, Average Accuracy 0.94384765625
2025-06-20 19:37:57,707 [trainer.py] => Loss history saved to logs/ncm/dogs/0/12/ _1993_pretrained_vit_b16_224_in21k_loss_history.csv
2025-06-20 19:37:57,708 [trainer.py] => Total training time: 1979.91 seconds
2025-06-20 19:37:57,708 [trainer.py] => Finishing run
2025-06-20 19:37:57,708 [trainer.py] => 
