2025-06-20 23:32:16,445 [trainer.py] => Starting new run
2025-06-20 23:32:16,447 [trainer.py] => ID: 0
2025-06-20 23:32:16,447 [trainer.py] => dataset: dogs
2025-06-20 23:32:16,447 [trainer.py] => shuffle: True
2025-06-20 23:32:16,447 [trainer.py] => init_cls: 12
2025-06-20 23:32:16,447 [trainer.py] => increment: 12
2025-06-20 23:32:16,447 [trainer.py] => k: 12
2025-06-20 23:32:16,447 [trainer.py] => model_name: ncm
2025-06-20 23:32:16,447 [trainer.py] => convnet_type: pretrained_vit_b16_224_in21k
2025-06-20 23:32:16,447 [trainer.py] => device: [0]
2025-06-20 23:32:16,447 [trainer.py] => seed: 2024
2025-06-20 23:32:16,447 [trainer.py] => batch_size: 128
2025-06-20 23:32:16,447 [trainer.py] => tuned_epoch: 0
2025-06-20 23:32:16,447 [trainer.py] => body_lr: 0
2025-06-20 23:32:16,447 [trainer.py] => head_lr: 0
2025-06-20 23:32:16,448 [trainer.py] => weight_decay: 0.0005
2025-06-20 23:32:16,448 [trainer.py] => min_lr: 0
2025-06-20 23:32:16,448 [trainer.py] => use_RP: True
2025-06-20 23:32:16,448 [trainer.py] => M: 10000
2025-06-20 23:32:16,448 [trainer.py] => use_input_norm: False
2025-06-20 23:32:16,448 [trainer.py] => do_not_save: False
2025-06-20 23:32:16,646 [GDDSG.py] => 85,798,656 total parameters.
2025-06-20 23:32:16,647 [GDDSG.py] => 85,798,656 training parameters.
2025-06-20 23:32:16,965 [data_manager.py] => Class Order: [17,32,50,84,115,100,52,21,47,56,92,49,14,46,79,35,82,24,104,10,34,9,38,93,98,51,25,15,102,19,6,16,5,26,58,89,105,3,44,107,64,110,112,81,23,2,78,94,88,77,12,72,68,75,33,83,111,1,71,45,40,67,114,70,87,80,63,76,59,101,109,43,117,106,13,53,48,7,103,18,119,20,85,57,4,97,61,29,69,86,116,22,31,42,90,73,113,54,39,91,28,11,95,108,30,37,118,66,74,99,60,65,41,55,62,36,27,0,96,8]
2025-06-20 23:32:17,015 [trainer.py] => Pre-trained network parameters: 85798656
2025-06-20 23:32:17,015 [GDDSG.py] => Starting CIL Task 1
2025-06-20 23:32:17,015 [GDDSG.py] => Learning on classes 0-11
2025-06-20 23:32:26,113 [GDDSG.py] => Class Groups: {0: [0, 1, 2, 3, 4, 5, 6, 7, 8, 9, 10, 11], 1: []}
2025-06-20 23:32:27,708 [GDDSG.py] => Optimal lambda: 1000000.0
2025-06-20 23:32:28,889 [GDDSG.py] => 93,598,657 total parameters.
2025-06-20 23:32:28,890 [GDDSG.py] => 7,800,001 training parameters.
2025-06-20 23:32:31,994 [predictitid.py] => Best parameters: a=0.3315246387615881, b=0.37810890217913673, c=0.29036645905927516
2025-06-20 23:32:31,994 [predictitid.py] => Best accuracy: 1.0
2025-06-20 23:33:07,231 [GDDSG.py] => Task 0, Backtest 0, Accuracy 0.978515625, ID Accuracy 1.0
2025-06-20 23:33:07,232 [GDDSG.py] => Now Task 0, Average Accuracy 0.978515625
2025-06-20 23:33:07,234 [GDDSG.py] => Starting CIL Task 2
2025-06-20 23:33:07,234 [GDDSG.py] => Learning on classes 12-23
2025-06-20 23:33:20,110 [GDDSG.py] => Class Groups: {0: [0, 1, 2, 3, 4, 5, 6, 7, 8, 9, 10, 11], 1: [12, 13, 14, 15, 17, 18, 19, 21, 22], 2: [16, 20, 23], 3: []}
2025-06-20 23:33:22,447 [GDDSG.py] => Optimal lambda: 100000.0
2025-06-20 23:33:24,895 [GDDSG.py] => Optimal lambda: 1000000.0
2025-06-20 23:33:27,314 [GDDSG.py] => Optimal lambda: 1000000.0
2025-06-20 23:33:28,184 [GDDSG.py] => 93,497,089 total parameters.
2025-06-20 23:33:28,184 [GDDSG.py] => 7,698,433 training parameters.
2025-06-20 23:33:40,432 [predictitid.py] => Best parameters: a=0.07579673544732704, b=0.6837282756148696, c=0.2404749889378034
2025-06-20 23:33:40,432 [predictitid.py] => Best accuracy: 0.99375
2025-06-20 23:33:52,638 [GDDSG.py] => Task 1, Backtest 0, Accuracy 0.9697265625, ID Accuracy 0.9861460957178841
2025-06-20 23:34:34,297 [GDDSG.py] => Task 1, Backtest 1, Accuracy 0.91015625, ID Accuracy 0.9190101237345332
2025-06-20 23:34:34,298 [GDDSG.py] => Now Task 1, Average Accuracy 0.93994140625
2025-06-20 23:34:34,305 [GDDSG.py] => Starting CIL Task 3
2025-06-20 23:34:34,305 [GDDSG.py] => Learning on classes 24-35
2025-06-20 23:34:47,326 [GDDSG.py] => Class Groups: {0: [0, 1, 2, 3, 4, 5, 6, 7, 8, 9, 10, 11], 1: [12, 13, 14, 15, 17, 18, 19, 21, 22, 24, 28, 29], 2: [16, 20, 23, 25, 26, 27, 30, 32, 33, 34, 35], 3: [31], 4: []}
2025-06-20 23:34:49,621 [GDDSG.py] => Optimal lambda: 100000.0
2025-06-20 23:34:52,876 [GDDSG.py] => Optimal lambda: 1000000.0
2025-06-20 23:34:55,814 [GDDSG.py] => Optimal lambda: 1000000.0
2025-06-20 23:34:58,021 [GDDSG.py] => Optimal lambda: 10000.0
2025-06-20 23:34:58,894 [GDDSG.py] => 93,506,305 total parameters.
2025-06-20 23:34:58,895 [GDDSG.py] => 7,707,649 training parameters.
2025-06-20 23:35:19,920 [predictitid.py] => Best parameters: a=0.06854201040864161, b=0.7301433378520139, c=0.20131465173934449
2025-06-20 23:35:19,921 [predictitid.py] => Best accuracy: 0.9886111111111111
2025-06-20 23:35:32,137 [GDDSG.py] => Task 2, Backtest 0, Accuracy 0.95703125, ID Accuracy 0.9697732997481109
2025-06-20 23:35:47,683 [GDDSG.py] => Task 2, Backtest 1, Accuracy 0.89990234375, ID Accuracy 0.9077615298087739
2025-06-20 23:36:33,302 [GDDSG.py] => Task 2, Backtest 2, Accuracy 0.87158203125, ID Accuracy 0.8684738955823293
2025-06-20 23:36:33,303 [GDDSG.py] => Now Task 2, Average Accuracy 0.9095052083333334
2025-06-20 23:36:33,310 [GDDSG.py] => Starting CIL Task 4
2025-06-20 23:36:33,310 [GDDSG.py] => Learning on classes 36-47
2025-06-20 23:36:46,330 [GDDSG.py] => Class Groups: {0: [0, 1, 2, 3, 4, 5, 6, 7, 8, 9, 10, 11], 1: [12, 13, 14, 15, 17, 18, 19, 21, 22, 24, 28, 29], 2: [16, 20, 23, 25, 26, 27, 30, 32, 33, 34, 35, 36], 3: [31, 37, 38, 39, 40, 41, 42, 43, 44, 45, 46], 4: [47], 5: []}
2025-06-20 23:36:48,715 [GDDSG.py] => Optimal lambda: 100000.0
2025-06-20 23:36:52,112 [GDDSG.py] => Optimal lambda: 1000.0
2025-06-20 23:36:55,245 [GDDSG.py] => Optimal lambda: 1000000.0
2025-06-20 23:36:58,273 [GDDSG.py] => Optimal lambda: 1000000.0
2025-06-20 23:37:00,489 [GDDSG.py] => Optimal lambda: 10000.0
2025-06-20 23:37:01,358 [GDDSG.py] => 93,515,521 total parameters.
2025-06-20 23:37:01,359 [GDDSG.py] => 7,716,865 training parameters.
2025-06-20 23:37:30,612 [predictitid.py] => Best parameters: a=0.19722861555253052, b=0.6367086099602335, c=0.16606277448723605
2025-06-20 23:37:30,612 [predictitid.py] => Best accuracy: 0.9920833333333333
2025-06-20 23:37:42,980 [GDDSG.py] => Task 3, Backtest 0, Accuracy 0.95361328125, ID Accuracy 0.9571788413098237
2025-06-20 23:37:58,531 [GDDSG.py] => Task 3, Backtest 1, Accuracy 0.90087890625, ID Accuracy 0.9077615298087739
2025-06-20 23:38:15,426 [GDDSG.py] => Task 3, Backtest 2, Accuracy 0.8564453125, ID Accuracy 0.8614457831325302
2025-06-20 23:38:58,812 [GDDSG.py] => Task 3, Backtest 3, Accuracy 0.96533203125, ID Accuracy 0.9683877766069547
2025-06-20 23:38:58,813 [GDDSG.py] => Now Task 3, Average Accuracy 0.9190673828125
2025-06-20 23:38:58,822 [GDDSG.py] => Starting CIL Task 5
2025-06-20 23:38:58,823 [GDDSG.py] => Learning on classes 48-59
2025-06-20 23:39:11,700 [GDDSG.py] => Class Groups: {0: [0, 1, 2, 3, 4, 5, 6, 7, 8, 9, 10, 11], 1: [12, 13, 14, 15, 17, 18, 19, 21, 22, 24, 28, 29], 2: [16, 20, 23, 25, 26, 27, 30, 32, 33, 34, 35, 36], 3: [31, 37, 38, 39, 40, 41, 42, 43, 44, 45, 46, 48], 4: [47, 49, 50, 51, 52, 53, 54, 55, 56, 57, 58, 59], 5: []}
2025-06-20 23:39:14,112 [GDDSG.py] => Optimal lambda: 100000.0
2025-06-20 23:39:17,498 [GDDSG.py] => Optimal lambda: 1000.0
2025-06-20 23:39:20,656 [GDDSG.py] => Optimal lambda: 10000000.0
2025-06-20 23:39:23,787 [GDDSG.py] => Optimal lambda: 1000000.0
2025-06-20 23:39:26,842 [GDDSG.py] => Optimal lambda: 1000000.0
2025-06-20 23:39:27,585 [GDDSG.py] => 93,524,737 total parameters.
2025-06-20 23:39:27,585 [GDDSG.py] => 7,726,081 training parameters.
2025-06-20 23:40:07,819 [predictitid.py] => Best parameters: a=0.31412625446858233, b=0.5821131983005855, c=0.10376054723083217
2025-06-20 23:40:07,820 [predictitid.py] => Best accuracy: 0.9905
2025-06-20 23:40:20,408 [GDDSG.py] => Task 4, Backtest 0, Accuracy 0.94970703125, ID Accuracy 0.9483627204030227
2025-06-20 23:40:36,091 [GDDSG.py] => Task 4, Backtest 1, Accuracy 0.8974609375, ID Accuracy 0.905511811023622
2025-06-20 23:40:53,352 [GDDSG.py] => Task 4, Backtest 2, Accuracy 0.8564453125, ID Accuracy 0.8604417670682731
2025-06-20 23:41:10,121 [GDDSG.py] => Task 4, Backtest 3, Accuracy 0.970703125, ID Accuracy 0.9757639620653319
2025-06-20 23:41:48,532 [GDDSG.py] => Task 4, Backtest 4, Accuracy 0.96435546875, ID Accuracy 0.9570552147239264
2025-06-20 23:41:48,533 [GDDSG.py] => Now Task 4, Average Accuracy 0.927734375
2025-06-20 23:41:48,542 [GDDSG.py] => Starting CIL Task 6
2025-06-20 23:41:48,542 [GDDSG.py] => Learning on classes 60-71
2025-06-20 23:42:01,224 [GDDSG.py] => Class Groups: {0: [0, 1, 2, 3, 4, 5, 6, 7, 8, 9, 10, 11], 1: [12, 13, 14, 15, 17, 18, 19, 21, 22, 24, 28, 29], 2: [16, 20, 23, 25, 26, 27, 30, 32, 33, 34, 35, 36], 3: [31, 37, 38, 39, 40, 41, 42, 43, 44, 45, 46, 48], 4: [47, 49, 50, 51, 52, 53, 54, 55, 56, 57, 58, 59], 5: [60, 61, 62, 63, 64, 65, 66, 67, 68, 69, 70, 71], 6: []}
2025-06-20 23:42:03,639 [GDDSG.py] => Optimal lambda: 100000.0
2025-06-20 23:42:07,082 [GDDSG.py] => Optimal lambda: 1000.0
2025-06-20 23:42:10,246 [GDDSG.py] => Optimal lambda: 10000000.0
2025-06-20 23:42:13,409 [GDDSG.py] => Optimal lambda: 1000000.0
2025-06-20 23:42:16,584 [GDDSG.py] => Optimal lambda: 100000.0
2025-06-20 23:42:18,794 [GDDSG.py] => Optimal lambda: 1000000.0
2025-06-20 23:42:19,726 [GDDSG.py] => 93,533,953 total parameters.
2025-06-20 23:42:19,727 [GDDSG.py] => 7,735,297 training parameters.
2025-06-20 23:43:12,011 [predictitid.py] => Best parameters: a=0.420667604607477, b=0.5243208925410856, c=0.05501150285143741
2025-06-20 23:43:12,011 [predictitid.py] => Best accuracy: 0.9908333333333333
2025-06-20 23:43:24,904 [GDDSG.py] => Task 5, Backtest 0, Accuracy 0.9482421875, ID Accuracy 0.9445843828715366
2025-06-20 23:43:40,685 [GDDSG.py] => Task 5, Backtest 1, Accuracy 0.89111328125, ID Accuracy 0.8976377952755905
2025-06-20 23:43:57,830 [GDDSG.py] => Task 5, Backtest 2, Accuracy 0.8486328125, ID Accuracy 0.8554216867469879
2025-06-20 23:44:14,691 [GDDSG.py] => Task 5, Backtest 3, Accuracy 0.96533203125, ID Accuracy 0.9704952581664911
2025-06-20 23:44:30,184 [GDDSG.py] => Task 5, Backtest 4, Accuracy 0.966796875, ID Accuracy 0.9558282208588957
2025-06-20 23:44:51,566 [GDDSG.py] => Task 5, Backtest 5, Accuracy 0.966796875, ID Accuracy 0.9770114942528736
2025-06-20 23:44:51,566 [GDDSG.py] => Now Task 5, Average Accuracy 0.93115234375
2025-06-20 23:44:51,578 [GDDSG.py] => Starting CIL Task 7
2025-06-20 23:44:51,578 [GDDSG.py] => Learning on classes 72-83
2025-06-20 23:45:04,220 [GDDSG.py] => Class Groups: {0: [0, 1, 2, 3, 4, 5, 6, 7, 8, 9, 10, 11], 1: [12, 13, 14, 15, 17, 18, 19, 21, 22, 24, 28, 29], 2: [16, 20, 23, 25, 26, 27, 30, 32, 33, 34, 35, 36], 3: [31, 37, 38, 39, 40, 41, 42, 43, 44, 45, 46, 48], 4: [47, 49, 50, 51, 52, 53, 54, 55, 56, 57, 58, 59], 5: [60, 61, 62, 63, 64, 65, 66, 67, 68, 69, 70, 71], 6: [72, 73, 74, 75, 76, 77, 78, 79, 80, 81, 82, 83], 7: []}
2025-06-20 23:45:06,687 [GDDSG.py] => Optimal lambda: 100000.0
2025-06-20 23:45:10,125 [GDDSG.py] => Optimal lambda: 1000.0
2025-06-20 23:45:13,287 [GDDSG.py] => Optimal lambda: 10000000.0
2025-06-20 23:45:16,471 [GDDSG.py] => Optimal lambda: 1000000.0
2025-06-20 23:45:19,605 [GDDSG.py] => Optimal lambda: 100000.0
2025-06-20 23:45:22,761 [GDDSG.py] => Optimal lambda: 1000.0
2025-06-20 23:45:24,959 [GDDSG.py] => Optimal lambda: 1000000.0
2025-06-20 23:45:25,894 [GDDSG.py] => 93,543,169 total parameters.
2025-06-20 23:45:25,894 [GDDSG.py] => 7,744,513 training parameters.
2025-06-20 23:46:30,369 [predictitid.py] => Best parameters: a=0.5898129387300977, b=0.2717470715053283, c=0.13843998976457406
2025-06-20 23:46:30,369 [predictitid.py] => Best accuracy: 0.9896428571428572
2025-06-20 23:46:43,345 [GDDSG.py] => Task 6, Backtest 0, Accuracy 0.95068359375, ID Accuracy 0.9483627204030227
2025-06-20 23:46:59,038 [GDDSG.py] => Task 6, Backtest 1, Accuracy 0.88525390625, ID Accuracy 0.8931383577052868
2025-06-20 23:47:16,200 [GDDSG.py] => Task 6, Backtest 2, Accuracy 0.83251953125, ID Accuracy 0.8323293172690763
2025-06-20 23:47:33,136 [GDDSG.py] => Task 6, Backtest 3, Accuracy 0.95361328125, ID Accuracy 0.9610115911485775
2025-06-20 23:47:48,679 [GDDSG.py] => Task 6, Backtest 4, Accuracy 0.96923828125, ID Accuracy 0.9631901840490797
2025-06-20 23:48:03,652 [GDDSG.py] => Task 6, Backtest 5, Accuracy 0.970703125, ID Accuracy 0.979565772669221
2025-06-20 23:48:44,911 [GDDSG.py] => Task 6, Backtest 6, Accuracy 0.9609375, ID Accuracy 0.9642058165548099
2025-06-20 23:48:44,912 [GDDSG.py] => Now Task 6, Average Accuracy 0.9318498883928571
2025-06-20 23:48:44,925 [GDDSG.py] => Starting CIL Task 8
2025-06-20 23:48:44,925 [GDDSG.py] => Learning on classes 84-95
2025-06-20 23:48:57,826 [GDDSG.py] => Class Groups: {0: [0, 1, 2, 3, 4, 5, 6, 7, 8, 9, 10, 11], 1: [12, 13, 14, 15, 17, 18, 19, 21, 22, 24, 28, 29], 2: [16, 20, 23, 25, 26, 27, 30, 32, 33, 34, 35, 36], 3: [31, 37, 38, 39, 40, 41, 42, 43, 44, 45, 46, 48], 4: [47, 49, 50, 51, 52, 53, 54, 55, 56, 57, 58, 59], 5: [60, 61, 62, 63, 64, 65, 66, 67, 68, 69, 70, 71], 6: [72, 73, 74, 75, 76, 77, 78, 79, 80, 81, 82, 83], 7: [84, 85, 86, 87, 88, 89, 90, 91, 92, 93, 94, 95], 8: []}
2025-06-20 23:49:00,268 [GDDSG.py] => Optimal lambda: 100000.0
2025-06-20 23:49:03,659 [GDDSG.py] => Optimal lambda: 1000.0
2025-06-20 23:49:06,809 [GDDSG.py] => Optimal lambda: 10000000.0
2025-06-20 23:49:09,986 [GDDSG.py] => Optimal lambda: 1000000.0
2025-06-20 23:49:13,170 [GDDSG.py] => Optimal lambda: 100000.0
2025-06-20 23:49:16,370 [GDDSG.py] => Optimal lambda: 1000.0
2025-06-20 23:49:19,551 [GDDSG.py] => Optimal lambda: 100.0
2025-06-20 23:49:21,766 [GDDSG.py] => Optimal lambda: 1000000.0
2025-06-20 23:49:22,696 [GDDSG.py] => 93,552,385 total parameters.
2025-06-20 23:49:22,697 [GDDSG.py] => 7,753,729 training parameters.
2025-06-20 23:50:40,033 [predictitid.py] => Best parameters: a=0.11977046300801553, b=0.5410586682033615, c=0.339170868788623
2025-06-20 23:50:40,033 [predictitid.py] => Best accuracy: 0.9903125
2025-06-20 23:50:52,990 [GDDSG.py] => Task 7, Backtest 0, Accuracy 0.94189453125, ID Accuracy 0.9433249370277078
2025-06-20 23:51:08,932 [GDDSG.py] => Task 7, Backtest 1, Accuracy 0.8896484375, ID Accuracy 0.8965129358830146
2025-06-20 23:51:25,997 [GDDSG.py] => Task 7, Backtest 2, Accuracy 0.83642578125, ID Accuracy 0.8373493975903614
2025-06-20 23:51:42,949 [GDDSG.py] => Task 7, Backtest 3, Accuracy 0.95703125, ID Accuracy 0.9631190727081138
2025-06-20 23:51:58,268 [GDDSG.py] => Task 7, Backtest 4, Accuracy 0.96435546875, ID Accuracy 0.9582822085889571
2025-06-20 23:52:13,095 [GDDSG.py] => Task 7, Backtest 5, Accuracy 0.962890625, ID Accuracy 0.9719029374201787
2025-06-20 23:52:29,216 [GDDSG.py] => Task 7, Backtest 6, Accuracy 0.953125, ID Accuracy 0.9630872483221476
2025-06-20 23:53:11,178 [GDDSG.py] => Task 7, Backtest 7, Accuracy 0.970703125, ID Accuracy 0.979706877113867
2025-06-20 23:53:11,179 [GDDSG.py] => Now Task 7, Average Accuracy 0.93450927734375
2025-06-20 23:53:11,191 [GDDSG.py] => Starting CIL Task 9
2025-06-20 23:53:11,192 [GDDSG.py] => Learning on classes 96-107
2025-06-20 23:53:24,050 [GDDSG.py] => Class Groups: {0: [0, 1, 2, 3, 4, 5, 6, 7, 8, 9, 10, 11], 1: [12, 13, 14, 15, 17, 18, 19, 21, 22, 24, 28, 29], 2: [16, 20, 23, 25, 26, 27, 30, 32, 33, 34, 35, 36], 3: [31, 37, 38, 39, 40, 41, 42, 43, 44, 45, 46, 48], 4: [47, 49, 50, 51, 52, 53, 54, 55, 56, 57, 58, 59], 5: [60, 61, 62, 63, 64, 65, 66, 67, 68, 69, 70, 71], 6: [72, 73, 74, 75, 76, 77, 78, 79, 80, 81, 82, 83], 7: [84, 85, 86, 87, 88, 89, 90, 91, 92, 93, 94, 95], 8: [96, 97, 98, 99, 101, 103, 104, 105, 106, 107], 9: [100, 102], 10: []}
2025-06-20 23:53:26,435 [GDDSG.py] => Optimal lambda: 100000.0
2025-06-20 23:53:29,858 [GDDSG.py] => Optimal lambda: 1000.0
2025-06-20 23:53:33,012 [GDDSG.py] => Optimal lambda: 10000000.0
2025-06-20 23:53:36,187 [GDDSG.py] => Optimal lambda: 1000000.0
2025-06-20 23:53:39,337 [GDDSG.py] => Optimal lambda: 100000.0
2025-06-20 23:53:42,489 [GDDSG.py] => Optimal lambda: 1000.0
2025-06-20 23:53:45,671 [GDDSG.py] => Optimal lambda: 100.0
2025-06-20 23:53:48,860 [GDDSG.py] => Optimal lambda: 100000.0
2025-06-20 23:53:51,089 [GDDSG.py] => Optimal lambda: 1000000.0
2025-06-20 23:53:53,534 [GDDSG.py] => Optimal lambda: 100.0
2025-06-20 23:53:54,383 [GDDSG.py] => 93,561,601 total parameters.
2025-06-20 23:53:54,384 [GDDSG.py] => 7,762,945 training parameters.
2025-06-20 23:55:32,652 [predictitid.py] => Best parameters: a=0.16061901867159561, b=0.6185046854943813, c=0.22087629583402302
2025-06-20 23:55:32,652 [predictitid.py] => Best accuracy: 0.9901851851851852
2025-06-20 23:55:45,737 [GDDSG.py] => Task 8, Backtest 0, Accuracy 0.94091796875, ID Accuracy 0.9408060453400504
2025-06-20 23:56:01,813 [GDDSG.py] => Task 8, Backtest 1, Accuracy 0.88525390625, ID Accuracy 0.8886389201349831
2025-06-20 23:56:19,106 [GDDSG.py] => Task 8, Backtest 2, Accuracy 0.84228515625, ID Accuracy 0.8433734939759037
2025-06-20 23:56:36,368 [GDDSG.py] => Task 8, Backtest 3, Accuracy 0.962890625, ID Accuracy 0.9704952581664911
2025-06-20 23:56:51,883 [GDDSG.py] => Task 8, Backtest 4, Accuracy 0.9609375, ID Accuracy 0.947239263803681
2025-06-20 23:57:06,830 [GDDSG.py] => Task 8, Backtest 5, Accuracy 0.958984375, ID Accuracy 0.9693486590038314
2025-06-20 23:57:22,930 [GDDSG.py] => Task 8, Backtest 6, Accuracy 0.95068359375, ID Accuracy 0.9608501118568232
2025-06-20 23:57:39,088 [GDDSG.py] => Task 8, Backtest 7, Accuracy 0.9697265625, ID Accuracy 0.9740698985343855
2025-06-20 23:58:17,202 [GDDSG.py] => Task 8, Backtest 8, Accuracy 0.95654296875, ID Accuracy 0.9540942928039702
2025-06-20 23:58:17,203 [GDDSG.py] => Now Task 8, Average Accuracy 0.9364691840277778
2025-06-20 23:58:17,218 [GDDSG.py] => Starting CIL Task 10
2025-06-20 23:58:17,218 [GDDSG.py] => Learning on classes 108-119
2025-06-20 23:58:30,124 [GDDSG.py] => Class Groups: {0: [0, 1, 2, 3, 4, 5, 6, 7, 8, 9, 10, 11], 1: [12, 13, 14, 15, 17, 18, 19, 21, 22, 24, 28, 29], 2: [16, 20, 23, 25, 26, 27, 30, 32, 33, 34, 35, 36], 3: [31, 37, 38, 39, 40, 41, 42, 43, 44, 45, 46, 48], 4: [47, 49, 50, 51, 52, 53, 54, 55, 56, 57, 58, 59], 5: [60, 61, 62, 63, 64, 65, 66, 67, 68, 69, 70, 71], 6: [72, 73, 74, 75, 76, 77, 78, 79, 80, 81, 82, 83], 7: [84, 85, 86, 87, 88, 89, 90, 91, 92, 93, 94, 95], 8: [96, 97, 98, 99, 101, 103, 104, 105, 106, 107, 108, 109], 9: [100, 102, 110, 111, 112, 113, 114, 115, 116, 117, 118], 10: [119], 11: []}
2025-06-20 23:58:32,535 [GDDSG.py] => Optimal lambda: 100000.0
2025-06-20 23:58:35,937 [GDDSG.py] => Optimal lambda: 1000.0
2025-06-20 23:58:39,088 [GDDSG.py] => Optimal lambda: 10000000.0
2025-06-20 23:58:42,251 [GDDSG.py] => Optimal lambda: 1000000.0
2025-06-20 23:58:45,407 [GDDSG.py] => Optimal lambda: 100000.0
2025-06-20 23:58:48,593 [GDDSG.py] => Optimal lambda: 1000.0
2025-06-20 23:58:51,773 [GDDSG.py] => Optimal lambda: 100.0
2025-06-20 23:58:54,969 [GDDSG.py] => Optimal lambda: 100000.0
2025-06-20 23:58:58,121 [GDDSG.py] => Optimal lambda: 1000000.0
2025-06-20 23:59:01,152 [GDDSG.py] => Optimal lambda: 1000000.0
2025-06-20 23:59:03,398 [GDDSG.py] => Optimal lambda: 10000.0
2025-06-20 23:59:04,278 [GDDSG.py] => 93,570,817 total parameters.
2025-06-20 23:59:04,279 [GDDSG.py] => 7,772,161 training parameters.
2025-06-21 00:00:58,596 [predictitid.py] => Best parameters: a=0.4489741414996111, b=0.42153258800366794, c=0.12949327049672094
2025-06-21 00:00:58,596 [predictitid.py] => Best accuracy: 0.9903333333333333
2025-06-21 00:01:11,938 [GDDSG.py] => Task 9, Backtest 0, Accuracy 0.9296875, ID Accuracy 0.9256926952141058
2025-06-21 00:01:28,069 [GDDSG.py] => Task 9, Backtest 1, Accuracy 0.880859375, ID Accuracy 0.8852643419572553
2025-06-21 00:01:45,391 [GDDSG.py] => Task 9, Backtest 2, Accuracy 0.84228515625, ID Accuracy 0.8433734939759037
2025-06-21 00:02:02,505 [GDDSG.py] => Task 9, Backtest 3, Accuracy 0.9599609375, ID Accuracy 0.9662802950474183
2025-06-21 00:02:18,047 [GDDSG.py] => Task 9, Backtest 4, Accuracy 0.95947265625, ID Accuracy 0.9533742331288344
2025-06-21 00:02:33,102 [GDDSG.py] => Task 9, Backtest 5, Accuracy 0.9501953125, ID Accuracy 0.9629629629629629
2025-06-21 00:02:49,119 [GDDSG.py] => Task 9, Backtest 6, Accuracy 0.94970703125, ID Accuracy 0.9586129753914989
2025-06-21 00:03:05,455 [GDDSG.py] => Task 9, Backtest 7, Accuracy 0.96142578125, ID Accuracy 0.9695603156708005
2025-06-21 00:03:20,784 [GDDSG.py] => Task 9, Backtest 8, Accuracy 0.96044921875, ID Accuracy 0.9602977667493796
2025-06-21 00:03:57,052 [GDDSG.py] => Task 9, Backtest 9, Accuracy 0.94287109375, ID Accuracy 0.9308996088657105
2025-06-21 00:03:57,052 [GDDSG.py] => Now Task 9, Average Accuracy 0.93369140625
2025-06-21 00:03:57,076 [trainer.py] => Loss history saved to logs/ncm/dogs/0/12/ _2024_pretrained_vit_b16_224_in21k_loss_history.csv
2025-06-21 00:03:57,076 [trainer.py] => Total training time: 1900.63 seconds
2025-06-21 00:03:57,077 [trainer.py] => Finishing run
2025-06-21 00:03:57,077 [trainer.py] => 
