2025-06-21 03:29:57,001 [trainer.py] => Starting new run
2025-06-21 03:29:57,002 [trainer.py] => ID: 0
2025-06-21 03:29:57,002 [trainer.py] => dataset: dogs
2025-06-21 03:29:57,002 [trainer.py] => shuffle: True
2025-06-21 03:29:57,002 [trainer.py] => init_cls: 12
2025-06-21 03:29:57,002 [trainer.py] => increment: 12
2025-06-21 03:29:57,002 [trainer.py] => k: 12
2025-06-21 03:29:57,002 [trainer.py] => model_name: ncm
2025-06-21 03:29:57,002 [trainer.py] => convnet_type: pretrained_vit_b16_224_in21k
2025-06-21 03:29:57,002 [trainer.py] => device: [0]
2025-06-21 03:29:57,003 [trainer.py] => seed: 4202
2025-06-21 03:29:57,003 [trainer.py] => batch_size: 128
2025-06-21 03:29:57,003 [trainer.py] => tuned_epoch: 0
2025-06-21 03:29:57,003 [trainer.py] => body_lr: 0
2025-06-21 03:29:57,003 [trainer.py] => head_lr: 0
2025-06-21 03:29:57,003 [trainer.py] => weight_decay: 0.0005
2025-06-21 03:29:57,003 [trainer.py] => min_lr: 0
2025-06-21 03:29:57,003 [trainer.py] => use_RP: True
2025-06-21 03:29:57,003 [trainer.py] => M: 10000
2025-06-21 03:29:57,003 [trainer.py] => use_input_norm: False
2025-06-21 03:29:57,003 [trainer.py] => do_not_save: False
2025-06-21 03:29:57,210 [GDDSG.py] => 85,798,656 total parameters.
2025-06-21 03:29:57,211 [GDDSG.py] => 85,798,656 training parameters.
2025-06-21 03:29:57,520 [data_manager.py] => Class Order: [60,8,51,36,83,108,15,1,37,111,52,12,104,77,79,42,18,74,69,28,29,50,0,7,58,21,105,59,34,23,86,2,55,80,91,26,81,94,67,92,39,25,5,96,64,103,66,117,6,106,30,95,4,56,13,24,44,3,33,75,63,114,93,32,47,113,40,53,100,85,10,62,107,22,38,19,73,87,57,61,14,78,48,119,17,97,110,43,45,35,112,102,31,90,49,88,65,109,71,99,116,98,20,115,82,9,118,41,72,70,16,27,76,89,101,11,46,54,84,68]
2025-06-21 03:29:57,571 [trainer.py] => Pre-trained network parameters: 85798656
2025-06-21 03:29:57,571 [GDDSG.py] => Starting CIL Task 1
2025-06-21 03:29:57,571 [GDDSG.py] => Learning on classes 0-11
2025-06-21 03:30:06,731 [GDDSG.py] => Class Groups: {0: [0, 2, 3, 4, 5, 6, 7, 8, 9, 10, 11], 1: [1], 2: []}
2025-06-21 03:30:08,353 [GDDSG.py] => Optimal lambda: 1000000.0
2025-06-21 03:30:11,036 [GDDSG.py] => Optimal lambda: 1000.0
2025-06-21 03:30:11,917 [GDDSG.py] => 93,598,657 total parameters.
2025-06-21 03:30:11,918 [GDDSG.py] => 7,800,001 training parameters.
2025-06-21 03:30:16,115 [predictitid.py] => Best parameters: a=0.04715319840107024, b=0.10967323159175268, c=0.8431735700071771
2025-06-21 03:30:16,115 [predictitid.py] => Best accuracy: 0.9983333333333333
2025-06-21 03:30:54,094 [GDDSG.py] => Task 0, Backtest 0, Accuracy 0.98046875, ID Accuracy 0.9757869249394673
2025-06-21 03:30:54,095 [GDDSG.py] => Now Task 0, Average Accuracy 0.98046875
2025-06-21 03:30:54,101 [GDDSG.py] => Starting CIL Task 2
2025-06-21 03:30:54,101 [GDDSG.py] => Learning on classes 12-23
2025-06-21 03:31:07,276 [GDDSG.py] => Class Groups: {0: [0, 2, 3, 4, 5, 6, 7, 8, 9, 10, 11, 12], 1: [1, 13, 14, 15, 16, 17, 18, 19, 22], 2: [20, 21, 23], 3: []}
2025-06-21 03:31:09,599 [GDDSG.py] => Optimal lambda: 1000000.0
2025-06-21 03:31:12,802 [GDDSG.py] => Optimal lambda: 1000000.0
2025-06-21 03:31:15,046 [GDDSG.py] => Optimal lambda: 10000.0
2025-06-21 03:31:15,925 [GDDSG.py] => 93,497,089 total parameters.
2025-06-21 03:31:15,926 [GDDSG.py] => 7,698,433 training parameters.
2025-06-21 03:31:28,418 [predictitid.py] => Best parameters: a=0.1446756462750602, b=0.5779936076063353, c=0.2773307461186044
2025-06-21 03:31:28,418 [predictitid.py] => Best accuracy: 0.98625
2025-06-21 03:31:41,317 [GDDSG.py] => Task 1, Backtest 0, Accuracy 0.970703125, ID Accuracy 0.9782082324455206
2025-06-21 03:32:18,561 [GDDSG.py] => Task 1, Backtest 1, Accuracy 0.88330078125, ID Accuracy 0.8769230769230769
2025-06-21 03:32:18,561 [GDDSG.py] => Now Task 1, Average Accuracy 0.927001953125
2025-06-21 03:32:18,568 [GDDSG.py] => Starting CIL Task 3
2025-06-21 03:32:18,568 [GDDSG.py] => Learning on classes 24-35
2025-06-21 03:32:31,747 [GDDSG.py] => Class Groups: {0: [0, 2, 3, 4, 5, 6, 7, 8, 9, 10, 11, 12], 1: [1, 13, 14, 15, 16, 17, 18, 19, 22, 24, 25, 26], 2: [20, 21, 23, 27, 28, 29, 31, 32, 33, 35], 3: [30, 34], 4: []}
2025-06-21 03:32:34,182 [GDDSG.py] => Optimal lambda: 1000000.0
2025-06-21 03:32:37,615 [GDDSG.py] => Optimal lambda: 1000000.0
2025-06-21 03:32:40,704 [GDDSG.py] => Optimal lambda: 1000000.0
2025-06-21 03:32:42,922 [GDDSG.py] => Optimal lambda: 100.0
2025-06-21 03:32:43,801 [GDDSG.py] => 93,506,305 total parameters.
2025-06-21 03:32:43,802 [GDDSG.py] => 7,707,649 training parameters.
2025-06-21 03:33:04,820 [predictitid.py] => Best parameters: a=0.2607026161425202, b=0.6852365776774616, c=0.054060806180018184
2025-06-21 03:33:04,820 [predictitid.py] => Best accuracy: 0.9908333333333333
2025-06-21 03:33:17,838 [GDDSG.py] => Task 2, Backtest 0, Accuracy 0.96240234375, ID Accuracy 0.9612590799031477
2025-06-21 03:33:32,946 [GDDSG.py] => Task 2, Backtest 1, Accuracy 0.87060546875, ID Accuracy 0.8705128205128205
2025-06-21 03:34:19,293 [GDDSG.py] => Task 2, Backtest 2, Accuracy 0.97216796875, ID Accuracy 0.9762376237623762
2025-06-21 03:34:19,293 [GDDSG.py] => Now Task 2, Average Accuracy 0.93505859375
2025-06-21 03:34:19,301 [GDDSG.py] => Starting CIL Task 4
2025-06-21 03:34:19,301 [GDDSG.py] => Learning on classes 36-47
2025-06-21 03:34:32,831 [GDDSG.py] => Class Groups: {0: [0, 2, 3, 4, 5, 6, 7, 8, 9, 10, 11, 12], 1: [1, 13, 14, 15, 16, 17, 18, 19, 22, 24, 25, 26], 2: [20, 21, 23, 27, 28, 29, 31, 32, 33, 35, 37, 38], 3: [30, 34, 36, 40, 41, 42, 43, 44, 45, 46, 47], 4: [39], 5: []}
2025-06-21 03:34:35,258 [GDDSG.py] => Optimal lambda: 1000000.0
2025-06-21 03:34:38,698 [GDDSG.py] => Optimal lambda: 1000.0
2025-06-21 03:34:41,868 [GDDSG.py] => Optimal lambda: 1000000.0
2025-06-21 03:34:44,949 [GDDSG.py] => Optimal lambda: 1000000.0
2025-06-21 03:34:47,207 [GDDSG.py] => Optimal lambda: 1000.0
2025-06-21 03:34:48,106 [GDDSG.py] => 93,515,521 total parameters.
2025-06-21 03:34:48,107 [GDDSG.py] => 7,716,865 training parameters.
2025-06-21 03:35:16,978 [predictitid.py] => Best parameters: a=0.5374812384401086, b=0.34853491290981387, c=0.11398384865007749
2025-06-21 03:35:16,978 [predictitid.py] => Best accuracy: 0.99
2025-06-21 03:35:29,973 [GDDSG.py] => Task 3, Backtest 0, Accuracy 0.955078125, ID Accuracy 0.9564164648910412
2025-06-21 03:35:44,804 [GDDSG.py] => Task 3, Backtest 1, Accuracy 0.865234375, ID Accuracy 0.8756410256410256
2025-06-21 03:36:01,888 [GDDSG.py] => Task 3, Backtest 2, Accuracy 0.97021484375, ID Accuracy 0.9782178217821782
2025-06-21 03:36:42,038 [GDDSG.py] => Task 3, Backtest 3, Accuracy 0.95166015625, ID Accuracy 0.9518779342723005
2025-06-21 03:36:42,038 [GDDSG.py] => Now Task 3, Average Accuracy 0.935546875
2025-06-21 03:36:42,047 [GDDSG.py] => Starting CIL Task 5
2025-06-21 03:36:42,047 [GDDSG.py] => Learning on classes 48-59
2025-06-21 03:36:55,275 [GDDSG.py] => Class Groups: {0: [0, 2, 3, 4, 5, 6, 7, 8, 9, 10, 11, 12], 1: [1, 13, 14, 15, 16, 17, 18, 19, 22, 24, 25, 26], 2: [20, 21, 23, 27, 28, 29, 31, 32, 33, 35, 37, 38], 3: [30, 34, 36, 40, 41, 42, 43, 44, 45, 46, 47, 48], 4: [39, 49, 50, 51, 52, 53, 54, 55, 56, 57, 58], 5: [59], 6: []}
2025-06-21 03:36:57,698 [GDDSG.py] => Optimal lambda: 1000000.0
2025-06-21 03:37:01,128 [GDDSG.py] => Optimal lambda: 1000.0
2025-06-21 03:37:04,315 [GDDSG.py] => Optimal lambda: 100000000.0
2025-06-21 03:37:07,490 [GDDSG.py] => Optimal lambda: 100000.0
2025-06-21 03:37:10,553 [GDDSG.py] => Optimal lambda: 1000000.0
2025-06-21 03:37:12,825 [GDDSG.py] => Optimal lambda: 100000.0
2025-06-21 03:37:13,711 [GDDSG.py] => 93,524,737 total parameters.
2025-06-21 03:37:13,712 [GDDSG.py] => 7,726,081 training parameters.
2025-06-21 03:37:54,312 [predictitid.py] => Best parameters: a=0.20617965161089297, b=0.6116855897240867, c=0.18213475866502038
2025-06-21 03:37:54,313 [predictitid.py] => Best accuracy: 0.9911666666666666
2025-06-21 03:38:07,375 [GDDSG.py] => Task 4, Backtest 0, Accuracy 0.95166015625, ID Accuracy 0.9539951573849879
2025-06-21 03:38:22,242 [GDDSG.py] => Task 4, Backtest 1, Accuracy 0.85107421875, ID Accuracy 0.8653846153846154
2025-06-21 03:38:39,629 [GDDSG.py] => Task 4, Backtest 2, Accuracy 0.96435546875, ID Accuracy 0.9762376237623762
2025-06-21 03:38:55,726 [GDDSG.py] => Task 4, Backtest 3, Accuracy 0.95654296875, ID Accuracy 0.9612676056338029
2025-06-21 03:39:38,060 [GDDSG.py] => Task 4, Backtest 4, Accuracy 0.96728515625, ID Accuracy 0.9797752808988764
2025-06-21 03:39:38,060 [GDDSG.py] => Now Task 4, Average Accuracy 0.93818359375
2025-06-21 03:39:38,071 [GDDSG.py] => Starting CIL Task 6
2025-06-21 03:39:38,071 [GDDSG.py] => Learning on classes 60-71
2025-06-21 03:39:51,520 [GDDSG.py] => Class Groups: {0: [0, 2, 3, 4, 5, 6, 7, 8, 9, 10, 11, 12], 1: [1, 13, 14, 15, 16, 17, 18, 19, 22, 24, 25, 26], 2: [20, 21, 23, 27, 28, 29, 31, 32, 33, 35, 37, 38], 3: [30, 34, 36, 40, 41, 42, 43, 44, 45, 46, 47, 48], 4: [39, 49, 50, 51, 52, 53, 54, 55, 56, 57, 58, 60], 5: [59, 61, 62, 63, 64, 66, 67, 68, 69, 70, 71], 6: [65], 7: []}
2025-06-21 03:39:53,940 [GDDSG.py] => Optimal lambda: 1000000.0
2025-06-21 03:39:57,363 [GDDSG.py] => Optimal lambda: 1000.0
2025-06-21 03:40:00,540 [GDDSG.py] => Optimal lambda: 100000000.0
2025-06-21 03:40:03,749 [GDDSG.py] => Optimal lambda: 1000.0
2025-06-21 03:40:06,964 [GDDSG.py] => Optimal lambda: 1000000.0
2025-06-21 03:40:10,032 [GDDSG.py] => Optimal lambda: 1000000.0
2025-06-21 03:40:12,274 [GDDSG.py] => Optimal lambda: 10000.0
2025-06-21 03:40:13,155 [GDDSG.py] => 93,533,953 total parameters.
2025-06-21 03:40:13,155 [GDDSG.py] => 7,735,297 training parameters.
2025-06-21 03:41:04,828 [predictitid.py] => Best parameters: a=0.13752942810621835, b=0.6761163229085755, c=0.18635424898520614
2025-06-21 03:41:04,828 [predictitid.py] => Best accuracy: 0.9877777777777778
2025-06-21 03:41:18,073 [GDDSG.py] => Task 5, Backtest 0, Accuracy 0.9541015625, ID Accuracy 0.9527845036319612
2025-06-21 03:41:33,111 [GDDSG.py] => Task 5, Backtest 1, Accuracy 0.85400390625, ID Accuracy 0.8589743589743589
2025-06-21 03:41:50,539 [GDDSG.py] => Task 5, Backtest 2, Accuracy 0.95849609375, ID Accuracy 0.9673267326732673
2025-06-21 03:42:06,732 [GDDSG.py] => Task 5, Backtest 3, Accuracy 0.953125, ID Accuracy 0.9507042253521126
2025-06-21 03:42:22,733 [GDDSG.py] => Task 5, Backtest 4, Accuracy 0.955078125, ID Accuracy 0.9707865168539326
2025-06-21 03:43:00,025 [GDDSG.py] => Task 5, Backtest 5, Accuracy 0.888671875, ID Accuracy 0.9017038007863696
2025-06-21 03:43:00,026 [GDDSG.py] => Now Task 5, Average Accuracy 0.92724609375
2025-06-21 03:43:00,035 [GDDSG.py] => Starting CIL Task 7
2025-06-21 03:43:00,036 [GDDSG.py] => Learning on classes 72-83
2025-06-21 03:43:13,180 [GDDSG.py] => Class Groups: {0: [0, 2, 3, 4, 5, 6, 7, 8, 9, 10, 11, 12], 1: [1, 13, 14, 15, 16, 17, 18, 19, 22, 24, 25, 26], 2: [20, 21, 23, 27, 28, 29, 31, 32, 33, 35, 37, 38], 3: [30, 34, 36, 40, 41, 42, 43, 44, 45, 46, 47, 48], 4: [39, 49, 50, 51, 52, 53, 54, 55, 56, 57, 58, 60], 5: [59, 61, 62, 63, 64, 66, 67, 68, 69, 70, 71, 72], 6: [65, 73, 74, 75, 76, 77, 78, 79, 80, 81, 82, 83], 7: []}
2025-06-21 03:43:15,649 [GDDSG.py] => Optimal lambda: 1000000.0
2025-06-21 03:43:19,097 [GDDSG.py] => Optimal lambda: 1000.0
2025-06-21 03:43:22,293 [GDDSG.py] => Optimal lambda: 100000000.0
2025-06-21 03:43:25,447 [GDDSG.py] => Optimal lambda: 1000.0
2025-06-21 03:43:28,619 [GDDSG.py] => Optimal lambda: 1000000.0
2025-06-21 03:43:31,793 [GDDSG.py] => Optimal lambda: 1000000.0
2025-06-21 03:43:34,853 [GDDSG.py] => Optimal lambda: 1000000.0
2025-06-21 03:43:35,605 [GDDSG.py] => 93,543,169 total parameters.
2025-06-21 03:43:35,606 [GDDSG.py] => 7,744,513 training parameters.
2025-06-21 03:44:39,678 [predictitid.py] => Best parameters: a=0.03237493044532372, b=0.6632896987171104, c=0.3043353708375659
2025-06-21 03:44:39,678 [predictitid.py] => Best accuracy: 0.9882142857142857
2025-06-21 03:44:53,089 [GDDSG.py] => Task 6, Backtest 0, Accuracy 0.94921875, ID Accuracy 0.9467312348668281
2025-06-21 03:45:08,216 [GDDSG.py] => Task 6, Backtest 1, Accuracy 0.861328125, ID Accuracy 0.8589743589743589
2025-06-21 03:45:25,519 [GDDSG.py] => Task 6, Backtest 2, Accuracy 0.96044921875, ID Accuracy 0.9673267326732673
2025-06-21 03:45:41,803 [GDDSG.py] => Task 6, Backtest 3, Accuracy 0.95654296875, ID Accuracy 0.9495305164319249
2025-06-21 03:45:58,017 [GDDSG.py] => Task 6, Backtest 4, Accuracy 0.9560546875, ID Accuracy 0.9651685393258427
2025-06-21 03:46:13,086 [GDDSG.py] => Task 6, Backtest 5, Accuracy 0.892578125, ID Accuracy 0.9017038007863696
2025-06-21 03:46:56,037 [GDDSG.py] => Task 6, Backtest 6, Accuracy 0.958984375, ID Accuracy 0.9590075512405609
2025-06-21 03:46:56,038 [GDDSG.py] => Now Task 6, Average Accuracy 0.93359375
2025-06-21 03:46:56,049 [GDDSG.py] => Starting CIL Task 8
2025-06-21 03:46:56,049 [GDDSG.py] => Learning on classes 84-95
2025-06-21 03:47:09,409 [GDDSG.py] => Class Groups: {0: [0, 2, 3, 4, 5, 6, 7, 8, 9, 10, 11, 12], 1: [1, 13, 14, 15, 16, 17, 18, 19, 22, 24, 25, 26], 2: [20, 21, 23, 27, 28, 29, 31, 32, 33, 35, 37, 38], 3: [30, 34, 36, 40, 41, 42, 43, 44, 45, 46, 47, 48], 4: [39, 49, 50, 51, 52, 53, 54, 55, 56, 57, 58, 60], 5: [59, 61, 62, 63, 64, 66, 67, 68, 69, 70, 71, 72], 6: [65, 73, 74, 75, 76, 77, 78, 79, 80, 81, 82, 83], 7: [84, 85, 86, 87, 88, 89, 90, 91, 92, 93], 8: [94, 95], 9: []}
2025-06-21 03:47:11,860 [GDDSG.py] => Optimal lambda: 1000000.0
2025-06-21 03:47:15,266 [GDDSG.py] => Optimal lambda: 1000.0
2025-06-21 03:47:18,472 [GDDSG.py] => Optimal lambda: 100000000.0
2025-06-21 03:47:21,672 [GDDSG.py] => Optimal lambda: 1000.0
2025-06-21 03:47:24,866 [GDDSG.py] => Optimal lambda: 1000000.0
2025-06-21 03:47:28,050 [GDDSG.py] => Optimal lambda: 1000000.0
2025-06-21 03:47:31,244 [GDDSG.py] => Optimal lambda: 1000000.0
2025-06-21 03:47:33,454 [GDDSG.py] => Optimal lambda: 1000000.0
2025-06-21 03:47:35,882 [GDDSG.py] => Optimal lambda: 1000000.0
2025-06-21 03:47:36,766 [GDDSG.py] => 93,552,385 total parameters.
2025-06-21 03:47:36,767 [GDDSG.py] => 7,753,729 training parameters.
2025-06-21 03:48:55,641 [predictitid.py] => Best parameters: a=0.0072391191848814734, b=0.5665660954994508, c=0.4261947853156677
2025-06-21 03:48:55,641 [predictitid.py] => Best accuracy: 0.9878125
2025-06-21 03:49:09,300 [GDDSG.py] => Task 7, Backtest 0, Accuracy 0.94287109375, ID Accuracy 0.940677966101695
2025-06-21 03:49:24,351 [GDDSG.py] => Task 7, Backtest 1, Accuracy 0.85107421875, ID Accuracy 0.8474358974358974
2025-06-21 03:49:41,617 [GDDSG.py] => Task 7, Backtest 2, Accuracy 0.95263671875, ID Accuracy 0.9554455445544554
2025-06-21 03:49:57,734 [GDDSG.py] => Task 7, Backtest 3, Accuracy 0.94970703125, ID Accuracy 0.9471830985915493
2025-06-21 03:50:13,890 [GDDSG.py] => Task 7, Backtest 4, Accuracy 0.95166015625, ID Accuracy 0.9617977528089887
2025-06-21 03:50:29,068 [GDDSG.py] => Task 7, Backtest 5, Accuracy 0.89013671875, ID Accuracy 0.9030144167758847
2025-06-21 03:50:45,611 [GDDSG.py] => Task 7, Backtest 6, Accuracy 0.9580078125, ID Accuracy 0.9590075512405609
2025-06-21 03:51:28,462 [GDDSG.py] => Task 7, Backtest 7, Accuracy 0.94921875, ID Accuracy 0.9501625135427952
2025-06-21 03:51:28,463 [GDDSG.py] => Now Task 7, Average Accuracy 0.9306640625
2025-06-21 03:51:28,476 [GDDSG.py] => Starting CIL Task 9
2025-06-21 03:51:28,477 [GDDSG.py] => Learning on classes 96-107
2025-06-21 03:51:42,298 [GDDSG.py] => Class Groups: {0: [0, 2, 3, 4, 5, 6, 7, 8, 9, 10, 11, 12], 1: [1, 13, 14, 15, 16, 17, 18, 19, 22, 24, 25, 26], 2: [20, 21, 23, 27, 28, 29, 31, 32, 33, 35, 37, 38], 3: [30, 34, 36, 40, 41, 42, 43, 44, 45, 46, 47, 48], 4: [39, 49, 50, 51, 52, 53, 54, 55, 56, 57, 58, 60], 5: [59, 61, 62, 63, 64, 66, 67, 68, 69, 70, 71, 72], 6: [65, 73, 74, 75, 76, 77, 78, 79, 80, 81, 82, 83], 7: [84, 85, 86, 87, 88, 89, 90, 91, 92, 93, 96, 97], 8: [94, 95, 98, 99, 100, 103, 104, 105, 106, 107], 9: [101, 102], 10: []}
2025-06-21 03:51:44,721 [GDDSG.py] => Optimal lambda: 1000000.0
2025-06-21 03:51:48,149 [GDDSG.py] => Optimal lambda: 1000.0
2025-06-21 03:51:51,372 [GDDSG.py] => Optimal lambda: 100000000.0
2025-06-21 03:51:54,568 [GDDSG.py] => Optimal lambda: 1000.0
2025-06-21 03:51:57,759 [GDDSG.py] => Optimal lambda: 1000000.0
2025-06-21 03:52:00,933 [GDDSG.py] => Optimal lambda: 1000000.0
2025-06-21 03:52:04,122 [GDDSG.py] => Optimal lambda: 1000000.0
2025-06-21 03:52:07,290 [GDDSG.py] => Optimal lambda: 1000000.0
2025-06-21 03:52:10,353 [GDDSG.py] => Optimal lambda: 1000000.0
2025-06-21 03:52:12,597 [GDDSG.py] => Optimal lambda: 10000.0
2025-06-21 03:52:13,475 [GDDSG.py] => 93,561,601 total parameters.
2025-06-21 03:52:13,476 [GDDSG.py] => 7,762,945 training parameters.
2025-06-21 03:53:52,637 [predictitid.py] => Best parameters: a=0.00020004521682787102, b=0.6805196528571437, c=0.3192803019260285
2025-06-21 03:53:52,637 [predictitid.py] => Best accuracy: 0.9863888888888889
2025-06-21 03:54:06,531 [GDDSG.py] => Task 8, Backtest 0, Accuracy 0.94921875, ID Accuracy 0.9418886198547215
2025-06-21 03:54:21,809 [GDDSG.py] => Task 8, Backtest 1, Accuracy 0.8564453125, ID Accuracy 0.8564102564102564
2025-06-21 03:54:39,297 [GDDSG.py] => Task 8, Backtest 2, Accuracy 0.94873046875, ID Accuracy 0.9554455445544554
2025-06-21 03:54:56,025 [GDDSG.py] => Task 8, Backtest 3, Accuracy 0.95166015625, ID Accuracy 0.9471830985915493
2025-06-21 03:55:12,339 [GDDSG.py] => Task 8, Backtest 4, Accuracy 0.95263671875, ID Accuracy 0.9629213483146067
2025-06-21 03:55:28,014 [GDDSG.py] => Task 8, Backtest 5, Accuracy 0.89404296875, ID Accuracy 0.9056356487549148
2025-06-21 03:55:44,976 [GDDSG.py] => Task 8, Backtest 6, Accuracy 0.947265625, ID Accuracy 0.9449838187702265
2025-06-21 03:56:01,776 [GDDSG.py] => Task 8, Backtest 7, Accuracy 0.93505859375, ID Accuracy 0.9458288190682557
2025-06-21 03:56:42,930 [GDDSG.py] => Task 8, Backtest 8, Accuracy 0.89306640625, ID Accuracy 0.8883720930232558
2025-06-21 03:56:42,931 [GDDSG.py] => Now Task 8, Average Accuracy 0.9253472222222222
2025-06-21 03:56:42,945 [GDDSG.py] => Starting CIL Task 10
2025-06-21 03:56:42,945 [GDDSG.py] => Learning on classes 108-119
2025-06-21 03:56:56,588 [GDDSG.py] => Class Groups: {0: [0, 2, 3, 4, 5, 6, 7, 8, 9, 10, 11, 12], 1: [1, 13, 14, 15, 16, 17, 18, 19, 22, 24, 25, 26], 2: [20, 21, 23, 27, 28, 29, 31, 32, 33, 35, 37, 38], 3: [30, 34, 36, 40, 41, 42, 43, 44, 45, 46, 47, 48], 4: [39, 49, 50, 51, 52, 53, 54, 55, 56, 57, 58, 60], 5: [59, 61, 62, 63, 64, 66, 67, 68, 69, 70, 71, 72], 6: [65, 73, 74, 75, 76, 77, 78, 79, 80, 81, 82, 83], 7: [84, 85, 86, 87, 88, 89, 90, 91, 92, 93, 96, 97], 8: [94, 95, 98, 99, 100, 103, 104, 105, 106, 107, 108, 109], 9: [101, 102, 110, 111, 112, 113, 114, 116, 117, 119], 10: [115, 118], 11: []}
2025-06-21 03:56:59,003 [GDDSG.py] => Optimal lambda: 1000000.0
2025-06-21 03:57:02,422 [GDDSG.py] => Optimal lambda: 1000.0
2025-06-21 03:57:05,662 [GDDSG.py] => Optimal lambda: 100000000.0
2025-06-21 03:57:08,886 [GDDSG.py] => Optimal lambda: 1000.0
2025-06-21 03:57:12,126 [GDDSG.py] => Optimal lambda: 1000000.0
2025-06-21 03:57:15,401 [GDDSG.py] => Optimal lambda: 1000000.0
2025-06-21 03:57:18,625 [GDDSG.py] => Optimal lambda: 1000000.0
2025-06-21 03:57:21,848 [GDDSG.py] => Optimal lambda: 10000000.0
2025-06-21 03:57:24,982 [GDDSG.py] => Optimal lambda: 1000000.0
2025-06-21 03:57:28,032 [GDDSG.py] => Optimal lambda: 1000000.0
2025-06-21 03:57:30,265 [GDDSG.py] => Optimal lambda: 100000.0
2025-06-21 03:57:31,149 [GDDSG.py] => 93,570,817 total parameters.
2025-06-21 03:57:31,150 [GDDSG.py] => 7,772,161 training parameters.
2025-06-21 03:59:27,090 [predictitid.py] => Best parameters: a=0.11618573626719342, b=0.6382116775002726, c=0.24560258623253395
2025-06-21 03:59:27,091 [predictitid.py] => Best accuracy: 0.9853333333333333
2025-06-21 03:59:41,652 [GDDSG.py] => Task 9, Backtest 0, Accuracy 0.9453125, ID Accuracy 0.9394673123486683
2025-06-21 03:59:57,498 [GDDSG.py] => Task 9, Backtest 1, Accuracy 0.85107421875, ID Accuracy 0.8525641025641025
2025-06-21 04:00:15,808 [GDDSG.py] => Task 9, Backtest 2, Accuracy 0.95361328125, ID Accuracy 0.9564356435643564
2025-06-21 04:00:32,514 [GDDSG.py] => Task 9, Backtest 3, Accuracy 0.9482421875, ID Accuracy 0.9436619718309859
2025-06-21 04:00:49,031 [GDDSG.py] => Task 9, Backtest 4, Accuracy 0.955078125, ID Accuracy 0.9617977528089887
2025-06-21 04:01:04,756 [GDDSG.py] => Task 9, Backtest 5, Accuracy 0.888671875, ID Accuracy 0.8990825688073395
2025-06-21 04:01:21,948 [GDDSG.py] => Task 9, Backtest 6, Accuracy 0.94287109375, ID Accuracy 0.9439050701186623
2025-06-21 04:01:39,147 [GDDSG.py] => Task 9, Backtest 7, Accuracy 0.93603515625, ID Accuracy 0.9469122426868906
2025-06-21 04:01:56,042 [GDDSG.py] => Task 9, Backtest 8, Accuracy 0.89306640625, ID Accuracy 0.8895348837209303
2025-06-21 04:02:32,860 [GDDSG.py] => Task 9, Backtest 9, Accuracy 0.9091796875, ID Accuracy 0.9185580774365821
2025-06-21 04:02:32,862 [GDDSG.py] => Now Task 9, Average Accuracy 0.922314453125
2025-06-21 04:02:32,884 [trainer.py] => Loss history saved to logs/ncm/dogs/0/12/ _4202_pretrained_vit_b16_224_in21k_loss_history.csv
2025-06-21 04:02:32,885 [trainer.py] => Total training time: 1955.88 seconds
2025-06-21 04:02:32,885 [trainer.py] => Finishing run
2025-06-21 04:02:32,885 [trainer.py] => 
