2025-06-20 17:35:27,657 [trainer.py] => Starting new run
2025-06-20 17:35:27,658 [trainer.py] => ID: 0
2025-06-20 17:35:27,658 [trainer.py] => dataset: cifar224
2025-06-20 17:35:27,659 [trainer.py] => shuffle: True
2025-06-20 17:35:27,659 [trainer.py] => init_cls: 10
2025-06-20 17:35:27,659 [trainer.py] => increment: 10
2025-06-20 17:35:27,659 [trainer.py] => k: 10
2025-06-20 17:35:27,659 [trainer.py] => model_name: ncm
2025-06-20 17:35:27,659 [trainer.py] => convnet_type: pretrained_vit_b16_224_in21k
2025-06-20 17:35:27,659 [trainer.py] => device: [0]
2025-06-20 17:35:27,659 [trainer.py] => seed: 1993
2025-06-20 17:35:27,659 [trainer.py] => batch_size: 128
2025-06-20 17:35:27,659 [trainer.py] => tuned_epoch: 0
2025-06-20 17:35:27,659 [trainer.py] => body_lr: 0
2025-06-20 17:35:27,659 [trainer.py] => head_lr: 0
2025-06-20 17:35:27,659 [trainer.py] => weight_decay: 0.0005
2025-06-20 17:35:27,659 [trainer.py] => min_lr: 0
2025-06-20 17:35:27,659 [trainer.py] => use_RP: True
2025-06-20 17:35:27,659 [trainer.py] => M: 10000
2025-06-20 17:35:27,659 [trainer.py] => use_input_norm: False
2025-06-20 17:35:27,659 [trainer.py] => do_not_save: False
2025-06-20 17:35:27,873 [GDDSG.py] => 85,798,656 total parameters.
2025-06-20 17:35:27,874 [GDDSG.py] => 85,798,656 training parameters.
2025-06-20 17:35:29,026 [data_manager.py] => Class Order: [68,56,78,8,23,84,90,65,74,76,40,89,3,92,55,9,26,80,43,38,58,70,77,1,85,19,17,50,28,53,13,81,45,82,6,59,83,16,15,44,91,41,72,60,79,52,20,10,31,54,37,95,14,71,96,98,97,2,64,66,42,22,35,86,24,34,87,21,99,0,88,27,18,94,11,12,47,25,30,46,62,69,36,61,7,63,75,5,32,4,51,48,73,93,39,67,29,49,57,33]
2025-06-20 17:35:29,174 [trainer.py] => Pre-trained network parameters: 85798656
2025-06-20 17:35:29,175 [GDDSG.py] => Starting CIL Task 1
2025-06-20 17:35:29,175 [GDDSG.py] => Learning on classes 0-9
2025-06-20 17:35:53,388 [GDDSG.py] => Class Groups: {0: [0, 1, 2, 3, 4, 5, 7, 8], 1: [6], 2: [9], 3: []}
2025-06-20 17:35:55,076 [GDDSG.py] => Optimal lambda: 1000000.0
2025-06-20 17:35:58,709 [GDDSG.py] => Optimal lambda: 10000.0
2025-06-20 17:36:01,128 [GDDSG.py] => Optimal lambda: 10000.0
2025-06-20 17:36:01,990 [GDDSG.py] => 93,578,657 total parameters.
2025-06-20 17:36:01,991 [GDDSG.py] => 7,780,001 training parameters.
2025-06-20 17:36:23,146 [predictitid.py] => Best parameters: a=0.325049219410802, b=0.26210412225824986, c=0.41284665833094814
2025-06-20 17:36:23,146 [predictitid.py] => Best accuracy: 0.9932
2025-06-20 17:36:50,301 [GDDSG.py] => Task 0, Backtest 0, Accuracy 0.9658203125, ID Accuracy 0.983
2025-06-20 17:36:50,301 [GDDSG.py] => Now Task 0, Average Accuracy 0.9658203125
2025-06-20 17:36:50,306 [GDDSG.py] => Starting CIL Task 2
2025-06-20 17:36:50,306 [GDDSG.py] => Learning on classes 10-19
2025-06-20 17:37:17,901 [GDDSG.py] => Class Groups: {0: [0, 1, 2, 3, 4, 5, 7, 8, 11, 12], 1: [6, 10, 13, 14, 18, 19], 2: [9, 15, 16, 17], 3: []}
2025-06-20 17:37:30,788 [GDDSG.py] => Optimal lambda: 1000000.0
2025-06-20 17:37:34,891 [GDDSG.py] => Optimal lambda: 1000000.0
2025-06-20 17:37:38,143 [GDDSG.py] => Optimal lambda: 1000000.0
2025-06-20 17:37:38,882 [GDDSG.py] => 93,494,017 total parameters.
2025-06-20 17:37:38,883 [GDDSG.py] => 7,695,361 training parameters.
2025-06-20 17:38:33,520 [predictitid.py] => Best parameters: a=0.6019252406224977, b=0.23145789039266976, c=0.1666168689848325
2025-06-20 17:38:33,520 [predictitid.py] => Best accuracy: 0.9917
2025-06-20 17:38:46,933 [GDDSG.py] => Task 1, Backtest 0, Accuracy 0.96484375, ID Accuracy 0.977
2025-06-20 17:39:02,570 [GDDSG.py] => Task 1, Backtest 1, Accuracy 0.94091796875, ID Accuracy 0.952
2025-06-20 17:39:02,570 [GDDSG.py] => Now Task 1, Average Accuracy 0.952880859375
2025-06-20 17:39:02,578 [GDDSG.py] => Starting CIL Task 3
2025-06-20 17:39:02,578 [GDDSG.py] => Learning on classes 20-29
2025-06-20 17:39:30,333 [GDDSG.py] => Class Groups: {0: [0, 1, 2, 3, 4, 5, 7, 8, 11, 12], 1: [6, 10, 13, 14, 18, 19, 22, 23, 24, 25], 2: [9, 15, 16, 17, 20, 21, 29], 3: [26, 27, 28], 4: []}
2025-06-20 17:40:01,129 [GDDSG.py] => Optimal lambda: 100000000.0
2025-06-20 17:40:12,734 [GDDSG.py] => Optimal lambda: 1000000.0
2025-06-20 17:40:16,175 [GDDSG.py] => Optimal lambda: 1000000.0
2025-06-20 17:40:18,493 [GDDSG.py] => Optimal lambda: 100000.0
2025-06-20 17:40:19,408 [GDDSG.py] => 93,501,697 total parameters.
2025-06-20 17:40:19,410 [GDDSG.py] => 7,703,041 training parameters.
2025-06-20 17:41:50,155 [predictitid.py] => Best parameters: a=0.4928813807984299, b=0.17345892784035946, c=0.33365969136121065
2025-06-20 17:41:50,155 [predictitid.py] => Best accuracy: 0.9917333333333334
2025-06-20 17:42:08,252 [GDDSG.py] => Task 2, Backtest 0, Accuracy 0.9619140625, ID Accuracy 0.981
2025-06-20 17:42:24,059 [GDDSG.py] => Task 2, Backtest 1, Accuracy 0.93310546875, ID Accuracy 0.948
2025-06-20 17:42:39,670 [GDDSG.py] => Task 2, Backtest 2, Accuracy 0.9638671875, ID Accuracy 0.958
2025-06-20 17:42:39,670 [GDDSG.py] => Now Task 2, Average Accuracy 0.9529622395833334
2025-06-20 17:42:39,680 [GDDSG.py] => Starting CIL Task 4
2025-06-20 17:42:39,680 [GDDSG.py] => Learning on classes 30-39
2025-06-20 17:43:07,608 [GDDSG.py] => Class Groups: {0: [0, 1, 2, 3, 4, 5, 7, 8, 11, 12], 1: [6, 10, 13, 14, 18, 19, 22, 23, 24, 25], 2: [9, 15, 16, 17, 20, 21, 29, 33, 34, 35], 3: [26, 27, 28, 30, 32, 36, 38], 4: [31, 37, 39], 5: []}
2025-06-20 17:43:10,571 [GDDSG.py] => Optimal lambda: 100000000.0
2025-06-20 17:43:15,217 [GDDSG.py] => Optimal lambda: 1000000.0
2025-06-20 17:43:18,742 [GDDSG.py] => Optimal lambda: 1000000.0
2025-06-20 17:43:22,048 [GDDSG.py] => Optimal lambda: 1000000.0
2025-06-20 17:43:24,421 [GDDSG.py] => Optimal lambda: 1000000.0
2025-06-20 17:43:25,316 [GDDSG.py] => 93,509,377 total parameters.
2025-06-20 17:43:25,317 [GDDSG.py] => 7,710,721 training parameters.
2025-06-20 17:45:46,798 [predictitid.py] => Best parameters: a=0.618234320098477, b=0.10290784552980707, c=0.2788578343717159
2025-06-20 17:45:46,798 [predictitid.py] => Best accuracy: 0.99075
2025-06-20 17:46:05,221 [GDDSG.py] => Task 3, Backtest 0, Accuracy 0.955078125, ID Accuracy 0.973
2025-06-20 17:46:20,934 [GDDSG.py] => Task 3, Backtest 1, Accuracy 0.92822265625, ID Accuracy 0.944
2025-06-20 17:46:36,709 [GDDSG.py] => Task 3, Backtest 2, Accuracy 0.958984375, ID Accuracy 0.954
2025-06-20 17:46:52,456 [GDDSG.py] => Task 3, Backtest 3, Accuracy 0.94091796875, ID Accuracy 0.937
2025-06-20 17:46:52,456 [GDDSG.py] => Now Task 3, Average Accuracy 0.94580078125
2025-06-20 17:46:52,468 [GDDSG.py] => Starting CIL Task 5
2025-06-20 17:46:52,468 [GDDSG.py] => Learning on classes 40-49
2025-06-20 17:47:20,177 [GDDSG.py] => Class Groups: {0: [0, 1, 2, 3, 4, 5, 7, 8, 11, 12], 1: [6, 10, 13, 14, 18, 19, 22, 23, 24, 25], 2: [9, 15, 16, 17, 20, 21, 29, 33, 34, 35], 3: [26, 27, 28, 30, 32, 36, 38, 40, 41, 43], 4: [31, 37, 39, 45, 46, 48, 49], 5: [42, 44, 47], 6: []}
2025-06-20 17:47:23,186 [GDDSG.py] => Optimal lambda: 100000000.0
2025-06-20 17:47:27,897 [GDDSG.py] => Optimal lambda: 1000000.0
2025-06-20 17:47:31,637 [GDDSG.py] => Optimal lambda: 100000.0
2025-06-20 17:47:35,184 [GDDSG.py] => Optimal lambda: 1000000.0
2025-06-20 17:47:38,512 [GDDSG.py] => Optimal lambda: 1000000.0
2025-06-20 17:47:40,844 [GDDSG.py] => Optimal lambda: 1000000.0
2025-06-20 17:47:41,744 [GDDSG.py] => 93,517,057 total parameters.
2025-06-20 17:47:41,745 [GDDSG.py] => 7,718,401 training parameters.
2025-06-20 17:50:53,680 [predictitid.py] => Best parameters: a=0.7764159140924909, b=0.20880463128666685, c=0.014779454620842264
2025-06-20 17:50:53,681 [predictitid.py] => Best accuracy: 0.98932
2025-06-20 17:51:07,834 [GDDSG.py] => Task 4, Backtest 0, Accuracy 0.9521484375, ID Accuracy 0.97
2025-06-20 17:51:23,464 [GDDSG.py] => Task 4, Backtest 1, Accuracy 0.93017578125, ID Accuracy 0.937
2025-06-20 17:51:39,394 [GDDSG.py] => Task 4, Backtest 2, Accuracy 0.9580078125, ID Accuracy 0.95
2025-06-20 17:51:55,593 [GDDSG.py] => Task 4, Backtest 3, Accuracy 0.93994140625, ID Accuracy 0.939
2025-06-20 17:52:12,005 [GDDSG.py] => Task 4, Backtest 4, Accuracy 0.955078125, ID Accuracy 0.942
2025-06-20 17:52:12,006 [GDDSG.py] => Now Task 4, Average Accuracy 0.9470703125
2025-06-20 17:52:12,020 [GDDSG.py] => Starting CIL Task 6
2025-06-20 17:52:12,021 [GDDSG.py] => Learning on classes 50-59
2025-06-20 17:52:40,032 [GDDSG.py] => Class Groups: {0: [0, 1, 2, 3, 4, 5, 7, 8, 11, 12], 1: [6, 10, 13, 14, 18, 19, 22, 23, 24, 25], 2: [9, 15, 16, 17, 20, 21, 29, 33, 34, 35], 3: [26, 27, 28, 30, 32, 36, 38, 40, 41, 43], 4: [31, 37, 39, 45, 46, 48, 49, 51, 52, 53], 5: [42, 44, 47, 50, 56, 58, 59], 6: [54, 55], 7: [57], 8: []}
2025-06-20 17:52:43,084 [GDDSG.py] => Optimal lambda: 100000000.0
2025-06-20 17:52:47,900 [GDDSG.py] => Optimal lambda: 1000000.0
2025-06-20 17:52:51,788 [GDDSG.py] => Optimal lambda: 100000.0
2025-06-20 17:52:55,631 [GDDSG.py] => Optimal lambda: 1000000.0
2025-06-20 17:52:59,155 [GDDSG.py] => Optimal lambda: 1000000.0
2025-06-20 17:53:02,497 [GDDSG.py] => Optimal lambda: 1000000.0
2025-06-20 17:53:04,904 [GDDSG.py] => Optimal lambda: 100000.0
2025-06-20 17:53:07,339 [GDDSG.py] => Optimal lambda: 10000.0
2025-06-20 17:53:08,172 [GDDSG.py] => 93,524,737 total parameters.
2025-06-20 17:53:08,173 [GDDSG.py] => 7,726,081 training parameters.
2025-06-20 17:57:23,991 [predictitid.py] => Best parameters: a=0.33484025581165716, b=0.31738622453732246, c=0.3477735196510203
2025-06-20 17:57:23,991 [predictitid.py] => Best accuracy: 0.9873333333333333
2025-06-20 17:57:43,292 [GDDSG.py] => Task 5, Backtest 0, Accuracy 0.93505859375, ID Accuracy 0.97
2025-06-20 17:57:59,509 [GDDSG.py] => Task 5, Backtest 1, Accuracy 0.916015625, ID Accuracy 0.933
2025-06-20 17:58:15,901 [GDDSG.py] => Task 5, Backtest 2, Accuracy 0.92822265625, ID Accuracy 0.933
2025-06-20 17:58:32,129 [GDDSG.py] => Task 5, Backtest 3, Accuracy 0.9228515625, ID Accuracy 0.925
2025-06-20 17:58:48,768 [GDDSG.py] => Task 5, Backtest 4, Accuracy 0.93408203125, ID Accuracy 0.93
2025-06-20 17:59:05,334 [GDDSG.py] => Task 5, Backtest 5, Accuracy 0.9111328125, ID Accuracy 0.912
2025-06-20 17:59:05,335 [GDDSG.py] => Now Task 5, Average Accuracy 0.924560546875
2025-06-20 17:59:05,350 [GDDSG.py] => Starting CIL Task 7
2025-06-20 17:59:05,350 [GDDSG.py] => Learning on classes 60-69
2025-06-20 17:59:33,929 [GDDSG.py] => Class Groups: {0: [0, 1, 2, 3, 4, 5, 7, 8, 11, 12], 1: [6, 10, 13, 14, 18, 19, 22, 23, 24, 25], 2: [9, 15, 16, 17, 20, 21, 29, 33, 34, 35], 3: [26, 27, 28, 30, 32, 36, 38, 40, 41, 43], 4: [31, 37, 39, 45, 46, 48, 49, 51, 52, 53], 5: [42, 44, 47, 50, 56, 58, 59, 60, 62, 63], 6: [54, 55, 61, 64, 65, 67, 68, 69], 7: [57, 66], 8: []}
2025-06-20 17:59:36,942 [GDDSG.py] => Optimal lambda: 100000000.0
2025-06-20 17:59:41,584 [GDDSG.py] => Optimal lambda: 1000000.0
2025-06-20 17:59:45,302 [GDDSG.py] => Optimal lambda: 100000.0
2025-06-20 17:59:49,066 [GDDSG.py] => Optimal lambda: 1000000.0
2025-06-20 17:59:52,842 [GDDSG.py] => Optimal lambda: 1000000.0
2025-06-20 17:59:56,406 [GDDSG.py] => Optimal lambda: 1000000.0
2025-06-20 17:59:59,727 [GDDSG.py] => Optimal lambda: 1000000.0
2025-06-20 18:00:02,881 [GDDSG.py] => Optimal lambda: 1000000.0
2025-06-20 18:00:03,571 [GDDSG.py] => 93,532,417 total parameters.
2025-06-20 18:00:03,572 [GDDSG.py] => 7,733,761 training parameters.
2025-06-20 18:05:14,446 [predictitid.py] => Best parameters: a=0.47898592922726924, b=0.2765880002282908, c=0.24442607054444
2025-06-20 18:05:14,447 [predictitid.py] => Best accuracy: 0.9878857142857143
2025-06-20 18:05:29,793 [GDDSG.py] => Task 6, Backtest 0, Accuracy 0.9560546875, ID Accuracy 0.973
2025-06-20 18:05:46,368 [GDDSG.py] => Task 6, Backtest 1, Accuracy 0.9228515625, ID Accuracy 0.931
2025-06-20 18:06:03,396 [GDDSG.py] => Task 6, Backtest 2, Accuracy 0.94287109375, ID Accuracy 0.929
2025-06-20 18:06:20,201 [GDDSG.py] => Task 6, Backtest 3, Accuracy 0.92822265625, ID Accuracy 0.926
2025-06-20 18:06:36,846 [GDDSG.py] => Task 6, Backtest 4, Accuracy 0.94482421875, ID Accuracy 0.935
2025-06-20 18:06:53,683 [GDDSG.py] => Task 6, Backtest 5, Accuracy 0.9228515625, ID Accuracy 0.915
2025-06-20 18:07:10,495 [GDDSG.py] => Task 6, Backtest 6, Accuracy 0.951171875, ID Accuracy 0.951
2025-06-20 18:07:10,496 [GDDSG.py] => Now Task 6, Average Accuracy 0.9384068080357143
2025-06-20 18:07:10,510 [GDDSG.py] => Starting CIL Task 8
2025-06-20 18:07:10,510 [GDDSG.py] => Learning on classes 70-79
2025-06-20 18:07:39,027 [GDDSG.py] => Class Groups: {0: [0, 1, 2, 3, 4, 5, 7, 8, 11, 12], 1: [6, 10, 13, 14, 18, 19, 22, 23, 24, 25], 2: [9, 15, 16, 17, 20, 21, 29, 33, 34, 35], 3: [26, 27, 28, 30, 32, 36, 38, 40, 41, 43], 4: [31, 37, 39, 45, 46, 48, 49, 51, 52, 53], 5: [42, 44, 47, 50, 56, 58, 59, 60, 62, 63], 6: [54, 55, 61, 64, 65, 67, 68, 69, 70, 71], 7: [57, 66, 72, 75, 76, 78], 8: [73, 74], 9: [77, 79], 10: []}
2025-06-20 18:07:42,076 [GDDSG.py] => Optimal lambda: 100000000.0
2025-06-20 18:07:46,796 [GDDSG.py] => Optimal lambda: 1000000.0
2025-06-20 18:07:50,517 [GDDSG.py] => Optimal lambda: 100000.0
2025-06-20 18:07:54,290 [GDDSG.py] => Optimal lambda: 1000000.0
2025-06-20 18:07:58,040 [GDDSG.py] => Optimal lambda: 1000000.0
2025-06-20 18:08:01,747 [GDDSG.py] => Optimal lambda: 1000000.0
2025-06-20 18:08:05,371 [GDDSG.py] => Optimal lambda: 1000000.0
2025-06-20 18:08:08,621 [GDDSG.py] => Optimal lambda: 1000000.0
2025-06-20 18:08:11,026 [GDDSG.py] => Optimal lambda: 1000000.0
2025-06-20 18:08:13,455 [GDDSG.py] => Optimal lambda: 1000000.0
2025-06-20 18:08:14,346 [GDDSG.py] => 93,540,097 total parameters.
2025-06-20 18:08:14,347 [GDDSG.py] => 7,741,441 training parameters.
2025-06-20 18:14:59,922 [predictitid.py] => Best parameters: a=0.501476429991545, b=0.31705163624365734, c=0.1814719337647977
2025-06-20 18:14:59,922 [predictitid.py] => Best accuracy: 0.98625
2025-06-20 18:15:20,674 [GDDSG.py] => Task 7, Backtest 0, Accuracy 0.94287109375, ID Accuracy 0.962
2025-06-20 18:15:38,044 [GDDSG.py] => Task 7, Backtest 1, Accuracy 0.921875, ID Accuracy 0.932
2025-06-20 18:15:55,499 [GDDSG.py] => Task 7, Backtest 2, Accuracy 0.93603515625, ID Accuracy 0.923
2025-06-20 18:16:12,989 [GDDSG.py] => Task 7, Backtest 3, Accuracy 0.93505859375, ID Accuracy 0.931
2025-06-20 18:16:30,342 [GDDSG.py] => Task 7, Backtest 4, Accuracy 0.94189453125, ID Accuracy 0.93
2025-06-20 18:16:47,552 [GDDSG.py] => Task 7, Backtest 5, Accuracy 0.912109375, ID Accuracy 0.915
2025-06-20 18:17:04,756 [GDDSG.py] => Task 7, Backtest 6, Accuracy 0.9482421875, ID Accuracy 0.952
2025-06-20 18:17:22,755 [GDDSG.py] => Task 7, Backtest 7, Accuracy 0.921875, ID Accuracy 0.913
2025-06-20 18:17:22,755 [GDDSG.py] => Now Task 7, Average Accuracy 0.9324951171875
2025-06-20 18:17:22,773 [GDDSG.py] => Starting CIL Task 9
2025-06-20 18:17:22,774 [GDDSG.py] => Learning on classes 80-89
2025-06-20 18:17:52,197 [GDDSG.py] => Class Groups: {0: [0, 1, 2, 3, 4, 5, 7, 8, 11, 12], 1: [6, 10, 13, 14, 18, 19, 22, 23, 24, 25], 2: [9, 15, 16, 17, 20, 21, 29, 33, 34, 35], 3: [26, 27, 28, 30, 32, 36, 38, 40, 41, 43], 4: [31, 37, 39, 45, 46, 48, 49, 51, 52, 53], 5: [42, 44, 47, 50, 56, 58, 59, 60, 62, 63], 6: [54, 55, 61, 64, 65, 67, 68, 69, 70, 71], 7: [57, 66, 72, 75, 76, 78, 80, 81, 82, 83], 8: [73, 74, 84, 85, 86, 88], 9: [77, 79, 89], 10: [87], 11: []}
2025-06-20 18:17:55,264 [GDDSG.py] => Optimal lambda: 100000000.0
2025-06-20 18:18:00,007 [GDDSG.py] => Optimal lambda: 1000000.0
2025-06-20 18:18:03,781 [GDDSG.py] => Optimal lambda: 100000.0
2025-06-20 18:18:07,509 [GDDSG.py] => Optimal lambda: 1000000.0
2025-06-20 18:18:11,245 [GDDSG.py] => Optimal lambda: 1000000.0
2025-06-20 18:18:14,913 [GDDSG.py] => Optimal lambda: 1000000.0
2025-06-20 18:18:18,604 [GDDSG.py] => Optimal lambda: 100000000.0
2025-06-20 18:18:22,043 [GDDSG.py] => Optimal lambda: 1000000.0
2025-06-20 18:18:25,365 [GDDSG.py] => Optimal lambda: 1000000.0
2025-06-20 18:18:28,659 [GDDSG.py] => Optimal lambda: 1000000.0
2025-06-20 18:18:30,898 [GDDSG.py] => Optimal lambda: 10000.0
2025-06-20 18:18:31,768 [GDDSG.py] => 93,547,777 total parameters.
2025-06-20 18:18:31,769 [GDDSG.py] => 7,749,121 training parameters.
2025-06-20 18:26:29,904 [predictitid.py] => Best parameters: a=0.6548859969155819, b=0.24931000628147387, c=0.09580399680294421
2025-06-20 18:26:29,904 [predictitid.py] => Best accuracy: 0.9865111111111111
2025-06-20 18:26:50,612 [GDDSG.py] => Task 8, Backtest 0, Accuracy 0.923828125, ID Accuracy 0.956
2025-06-20 18:27:07,841 [GDDSG.py] => Task 8, Backtest 1, Accuracy 0.9091796875, ID Accuracy 0.923
2025-06-20 18:27:25,136 [GDDSG.py] => Task 8, Backtest 2, Accuracy 0.921875, ID Accuracy 0.91
2025-06-20 18:27:42,451 [GDDSG.py] => Task 8, Backtest 3, Accuracy 0.9248046875, ID Accuracy 0.924
2025-06-20 18:27:59,862 [GDDSG.py] => Task 8, Backtest 4, Accuracy 0.93505859375, ID Accuracy 0.931
2025-06-20 18:28:17,389 [GDDSG.py] => Task 8, Backtest 5, Accuracy 0.90478515625, ID Accuracy 0.912
2025-06-20 18:28:34,745 [GDDSG.py] => Task 8, Backtest 6, Accuracy 0.93505859375, ID Accuracy 0.946
2025-06-20 18:28:52,468 [GDDSG.py] => Task 8, Backtest 7, Accuracy 0.89306640625, ID Accuracy 0.901
2025-06-20 18:29:09,819 [GDDSG.py] => Task 8, Backtest 8, Accuracy 0.93603515625, ID Accuracy 0.934
2025-06-20 18:29:09,820 [GDDSG.py] => Now Task 8, Average Accuracy 0.92041015625
2025-06-20 18:29:09,846 [GDDSG.py] => Starting CIL Task 10
2025-06-20 18:29:09,847 [GDDSG.py] => Learning on classes 90-99
2025-06-20 18:29:38,975 [GDDSG.py] => Class Groups: {0: [0, 1, 2, 3, 4, 5, 7, 8, 11, 12], 1: [6, 10, 13, 14, 18, 19, 22, 23, 24, 25], 2: [9, 15, 16, 17, 20, 21, 29, 33, 34, 35], 3: [26, 27, 28, 30, 32, 36, 38, 40, 41, 43], 4: [31, 37, 39, 45, 46, 48, 49, 51, 52, 53], 5: [42, 44, 47, 50, 56, 58, 59, 60, 62, 63], 6: [54, 55, 61, 64, 65, 67, 68, 69, 70, 71], 7: [57, 66, 72, 75, 76, 78, 80, 81, 82, 83], 8: [73, 74, 84, 85, 86, 88, 90, 91, 94, 96], 9: [77, 79, 89, 92, 93, 97, 98, 99], 10: [87, 95], 11: []}
2025-06-20 18:29:42,025 [GDDSG.py] => Optimal lambda: 100000000.0
2025-06-20 18:29:46,763 [GDDSG.py] => Optimal lambda: 1000000.0
2025-06-20 18:29:50,533 [GDDSG.py] => Optimal lambda: 100000.0
2025-06-20 18:29:54,353 [GDDSG.py] => Optimal lambda: 1000000.0
2025-06-20 18:29:58,047 [GDDSG.py] => Optimal lambda: 1000000.0
2025-06-20 18:30:01,724 [GDDSG.py] => Optimal lambda: 1000000.0
2025-06-20 18:30:05,419 [GDDSG.py] => Optimal lambda: 100000000.0
2025-06-20 18:30:09,208 [GDDSG.py] => Optimal lambda: 1000000.0
2025-06-20 18:30:12,688 [GDDSG.py] => Optimal lambda: 1000000.0
2025-06-20 18:30:16,176 [GDDSG.py] => Optimal lambda: 1000000.0
2025-06-20 18:30:19,468 [GDDSG.py] => Optimal lambda: 1000000.0
2025-06-20 18:30:20,204 [GDDSG.py] => 93,555,457 total parameters.
2025-06-20 18:30:20,205 [GDDSG.py] => 7,756,801 training parameters.
2025-06-20 18:39:32,862 [predictitid.py] => Best parameters: a=0.7444171871281858, b=0.11493686369193763, c=0.14064594917987655
2025-06-20 18:39:32,862 [predictitid.py] => Best accuracy: 0.98556
2025-06-20 18:39:50,605 [GDDSG.py] => Task 9, Backtest 0, Accuracy 0.93798828125, ID Accuracy 0.951
2025-06-20 18:40:08,905 [GDDSG.py] => Task 9, Backtest 1, Accuracy 0.916015625, ID Accuracy 0.92
2025-06-20 18:40:27,123 [GDDSG.py] => Task 9, Backtest 2, Accuracy 0.93994140625, ID Accuracy 0.913
2025-06-20 18:40:45,522 [GDDSG.py] => Task 9, Backtest 3, Accuracy 0.9248046875, ID Accuracy 0.919
2025-06-20 18:41:03,674 [GDDSG.py] => Task 9, Backtest 4, Accuracy 0.93896484375, ID Accuracy 0.932
2025-06-20 18:41:22,184 [GDDSG.py] => Task 9, Backtest 5, Accuracy 0.90283203125, ID Accuracy 0.907
2025-06-20 18:41:40,779 [GDDSG.py] => Task 9, Backtest 6, Accuracy 0.93310546875, ID Accuracy 0.939
2025-06-20 18:41:59,542 [GDDSG.py] => Task 9, Backtest 7, Accuracy 0.9111328125, ID Accuracy 0.907
2025-06-20 18:42:18,112 [GDDSG.py] => Task 9, Backtest 8, Accuracy 0.94091796875, ID Accuracy 0.942
2025-06-20 18:42:36,883 [GDDSG.py] => Task 9, Backtest 9, Accuracy 0.93603515625, ID Accuracy 0.935
2025-06-20 18:42:36,884 [GDDSG.py] => Now Task 9, Average Accuracy 0.928173828125
2025-06-20 18:42:36,913 [trainer.py] => Loss history saved to logs/ncm/cifar224/0/10/ _1993_pretrained_vit_b16_224_in21k_loss_history.csv
2025-06-20 18:42:36,914 [trainer.py] => Total training time: 4029.26 seconds
2025-06-20 18:42:36,914 [trainer.py] => Finishing run
2025-06-20 18:42:36,914 [trainer.py] => 
