2025-06-20 21:55:42,631 [trainer.py] => Starting new run
2025-06-20 21:55:42,633 [trainer.py] => ID: 0
2025-06-20 21:55:42,633 [trainer.py] => dataset: cifar224
2025-06-20 21:55:42,633 [trainer.py] => shuffle: True
2025-06-20 21:55:42,633 [trainer.py] => init_cls: 10
2025-06-20 21:55:42,633 [trainer.py] => increment: 10
2025-06-20 21:55:42,633 [trainer.py] => k: 10
2025-06-20 21:55:42,633 [trainer.py] => model_name: ncm
2025-06-20 21:55:42,633 [trainer.py] => convnet_type: pretrained_vit_b16_224_in21k
2025-06-20 21:55:42,633 [trainer.py] => device: [0]
2025-06-20 21:55:42,633 [trainer.py] => seed: 2024
2025-06-20 21:55:42,633 [trainer.py] => batch_size: 128
2025-06-20 21:55:42,633 [trainer.py] => tuned_epoch: 0
2025-06-20 21:55:42,633 [trainer.py] => body_lr: 0
2025-06-20 21:55:42,633 [trainer.py] => head_lr: 0
2025-06-20 21:55:42,633 [trainer.py] => weight_decay: 0.0005
2025-06-20 21:55:42,633 [trainer.py] => min_lr: 0
2025-06-20 21:55:42,633 [trainer.py] => use_RP: True
2025-06-20 21:55:42,633 [trainer.py] => M: 10000
2025-06-20 21:55:42,633 [trainer.py] => use_input_norm: False
2025-06-20 21:55:42,633 [trainer.py] => do_not_save: False
2025-06-20 21:55:42,834 [GDDSG.py] => 85,798,656 total parameters.
2025-06-20 21:55:42,835 [GDDSG.py] => 85,798,656 training parameters.
2025-06-20 21:55:44,097 [data_manager.py] => Class Order: [35,19,26,17,77,24,70,58,95,14,91,87,50,49,21,6,16,5,15,34,10,44,3,90,83,25,78,9,67,23,85,2,45,75,51,64,12,56,33,92,46,1,94,72,79,68,88,82,52,47,63,84,38,76,59,43,97,80,32,13,86,53,40,48,7,18,99,20,71,57,4,81,61,29,69,98,22,31,42,73,93,54,39,28,11,89,30,37,66,74,60,65,41,55,62,36,27,0,96,8]
2025-06-20 21:55:44,241 [trainer.py] => Pre-trained network parameters: 85798656
2025-06-20 21:55:44,241 [GDDSG.py] => Starting CIL Task 1
2025-06-20 21:55:44,241 [GDDSG.py] => Learning on classes 0-9
2025-06-20 21:56:08,296 [GDDSG.py] => Class Groups: {0: [0, 1, 2, 3, 4, 5, 6, 7, 8, 9], 1: []}
2025-06-20 21:56:09,965 [GDDSG.py] => Optimal lambda: 1000000.0
2025-06-20 21:56:12,221 [GDDSG.py] => 93,578,657 total parameters.
2025-06-20 21:56:12,222 [GDDSG.py] => 7,780,001 training parameters.
2025-06-20 21:56:20,708 [predictitid.py] => Best parameters: a=0.5041814365914566, b=0.06865251760449376, c=0.4271660458040496
2025-06-20 21:56:20,709 [predictitid.py] => Best accuracy: 1.0
2025-06-20 21:56:47,785 [GDDSG.py] => Task 0, Backtest 0, Accuracy 0.98779296875, ID Accuracy 1.0
2025-06-20 21:56:47,786 [GDDSG.py] => Now Task 0, Average Accuracy 0.98779296875
2025-06-20 21:56:47,787 [GDDSG.py] => Starting CIL Task 2
2025-06-20 21:56:47,787 [GDDSG.py] => Learning on classes 10-19
2025-06-20 21:57:15,967 [GDDSG.py] => Class Groups: {0: [0, 1, 2, 3, 4, 5, 6, 7, 8, 9], 1: [10, 11, 12, 13, 14, 15, 16, 18, 19], 2: [17], 3: []}
2025-06-20 21:57:18,889 [GDDSG.py] => Optimal lambda: 1000000.0
2025-06-20 21:57:22,185 [GDDSG.py] => Optimal lambda: 1000000.0
2025-06-20 21:57:25,124 [GDDSG.py] => Optimal lambda: 10000.0
2025-06-20 21:57:26,071 [GDDSG.py] => 93,494,017 total parameters.
2025-06-20 21:57:26,072 [GDDSG.py] => 7,695,361 training parameters.
2025-06-20 21:58:18,705 [predictitid.py] => Best parameters: a=0.5761711252392854, b=0.11079028242140798, c=0.31303859233930664
2025-06-20 21:58:18,705 [predictitid.py] => Best accuracy: 0.996
2025-06-20 21:58:32,691 [GDDSG.py] => Task 1, Backtest 0, Accuracy 0.97216796875, ID Accuracy 0.976
2025-06-20 21:58:49,118 [GDDSG.py] => Task 1, Backtest 1, Accuracy 0.95703125, ID Accuracy 0.967
2025-06-20 21:58:49,119 [GDDSG.py] => Now Task 1, Average Accuracy 0.964599609375
2025-06-20 21:58:49,126 [GDDSG.py] => Starting CIL Task 3
2025-06-20 21:58:49,126 [GDDSG.py] => Learning on classes 20-29
2025-06-20 21:59:17,885 [GDDSG.py] => Class Groups: {0: [0, 1, 2, 3, 4, 5, 6, 7, 8, 9], 1: [10, 11, 12, 13, 14, 15, 16, 18, 19, 21], 2: [17, 20, 22, 23, 24, 26, 28], 3: [25, 27, 29], 4: []}
2025-06-20 21:59:20,906 [GDDSG.py] => Optimal lambda: 1000000.0
2025-06-20 21:59:25,686 [GDDSG.py] => Optimal lambda: 1000000.0
2025-06-20 21:59:28,923 [GDDSG.py] => Optimal lambda: 1000000.0
2025-06-20 21:59:31,294 [GDDSG.py] => Optimal lambda: 1000000.0
2025-06-20 21:59:32,281 [GDDSG.py] => 93,501,697 total parameters.
2025-06-20 21:59:32,282 [GDDSG.py] => 7,703,041 training parameters.
2025-06-20 22:01:01,569 [predictitid.py] => Best parameters: a=0.042516097047152666, b=0.2971267041411067, c=0.6603571988117407
2025-06-20 22:01:01,569 [predictitid.py] => Best accuracy: 0.9914666666666667
2025-06-20 22:01:15,654 [GDDSG.py] => Task 2, Backtest 0, Accuracy 0.97509765625, ID Accuracy 0.972
2025-06-20 22:01:31,911 [GDDSG.py] => Task 2, Backtest 1, Accuracy 0.9521484375, ID Accuracy 0.96
2025-06-20 22:01:48,158 [GDDSG.py] => Task 2, Backtest 2, Accuracy 0.9580078125, ID Accuracy 0.949
2025-06-20 22:01:48,158 [GDDSG.py] => Now Task 2, Average Accuracy 0.9617513020833334
2025-06-20 22:01:48,168 [GDDSG.py] => Starting CIL Task 4
2025-06-20 22:01:48,168 [GDDSG.py] => Learning on classes 30-39
2025-06-20 22:02:16,883 [GDDSG.py] => Class Groups: {0: [0, 1, 2, 3, 4, 5, 6, 7, 8, 9], 1: [10, 11, 12, 13, 14, 15, 16, 18, 19, 21], 2: [17, 20, 22, 23, 24, 26, 28, 30, 33, 34], 3: [25, 27, 29, 31, 32, 35, 37, 38, 39], 4: [36], 5: []}
2025-06-20 22:02:19,918 [GDDSG.py] => Optimal lambda: 1000000.0
2025-06-20 22:02:24,729 [GDDSG.py] => Optimal lambda: 10000000.0
2025-06-20 22:02:28,380 [GDDSG.py] => Optimal lambda: 1000000.0
2025-06-20 22:02:31,817 [GDDSG.py] => Optimal lambda: 1000000.0
2025-06-20 22:02:34,182 [GDDSG.py] => Optimal lambda: 10000.0
2025-06-20 22:02:35,119 [GDDSG.py] => 93,509,377 total parameters.
2025-06-20 22:02:35,120 [GDDSG.py] => 7,710,721 training parameters.
2025-06-20 22:05:00,996 [predictitid.py] => Best parameters: a=0.1202898839667505, b=0.345367577086896, c=0.5343425389463534
2025-06-20 22:05:00,996 [predictitid.py] => Best accuracy: 0.9881
2025-06-20 22:05:15,633 [GDDSG.py] => Task 3, Backtest 0, Accuracy 0.9619140625, ID Accuracy 0.963
2025-06-20 22:05:32,058 [GDDSG.py] => Task 3, Backtest 1, Accuracy 0.91796875, ID Accuracy 0.931
2025-06-20 22:05:48,418 [GDDSG.py] => Task 3, Backtest 2, Accuracy 0.94287109375, ID Accuracy 0.947
2025-06-20 22:06:04,691 [GDDSG.py] => Task 3, Backtest 3, Accuracy 0.9169921875, ID Accuracy 0.919
2025-06-20 22:06:04,691 [GDDSG.py] => Now Task 3, Average Accuracy 0.9349365234375
2025-06-20 22:06:04,702 [GDDSG.py] => Starting CIL Task 5
2025-06-20 22:06:04,702 [GDDSG.py] => Learning on classes 40-49
2025-06-20 22:06:33,447 [GDDSG.py] => Class Groups: {0: [0, 1, 2, 3, 4, 5, 6, 7, 8, 9], 1: [10, 11, 12, 13, 14, 15, 16, 18, 19, 21], 2: [17, 20, 22, 23, 24, 26, 28, 30, 33, 34], 3: [25, 27, 29, 31, 32, 35, 37, 38, 39, 46], 4: [36, 40, 41, 42, 43, 44, 47, 48], 5: [45, 49], 6: []}
2025-06-20 22:06:36,467 [GDDSG.py] => Optimal lambda: 1000000.0
2025-06-20 22:06:41,331 [GDDSG.py] => Optimal lambda: 10000000.0
2025-06-20 22:06:45,201 [GDDSG.py] => Optimal lambda: 1000000.0
2025-06-20 22:06:49,020 [GDDSG.py] => Optimal lambda: 10000000.0
2025-06-20 22:06:52,285 [GDDSG.py] => Optimal lambda: 1000000.0
2025-06-20 22:06:54,709 [GDDSG.py] => Optimal lambda: 1000000.0
2025-06-20 22:06:55,680 [GDDSG.py] => 93,517,057 total parameters.
2025-06-20 22:06:55,681 [GDDSG.py] => 7,718,401 training parameters.
2025-06-20 22:10:10,619 [predictitid.py] => Best parameters: a=0.33484968114552016, b=0.3485068155708735, c=0.31664350328360635
2025-06-20 22:10:10,619 [predictitid.py] => Best accuracy: 0.98644
2025-06-20 22:10:25,503 [GDDSG.py] => Task 4, Backtest 0, Accuracy 0.97216796875, ID Accuracy 0.951
2025-06-20 22:10:42,235 [GDDSG.py] => Task 4, Backtest 1, Accuracy 0.93212890625, ID Accuracy 0.931
2025-06-20 22:10:59,012 [GDDSG.py] => Task 4, Backtest 2, Accuracy 0.9501953125, ID Accuracy 0.946
2025-06-20 22:11:15,526 [GDDSG.py] => Task 4, Backtest 3, Accuracy 0.92919921875, ID Accuracy 0.927
2025-06-20 22:11:32,146 [GDDSG.py] => Task 4, Backtest 4, Accuracy 0.9091796875, ID Accuracy 0.908
2025-06-20 22:11:32,147 [GDDSG.py] => Now Task 4, Average Accuracy 0.93857421875
2025-06-20 22:11:32,159 [GDDSG.py] => Starting CIL Task 6
2025-06-20 22:11:32,159 [GDDSG.py] => Learning on classes 50-59
2025-06-20 22:12:01,010 [GDDSG.py] => Class Groups: {0: [0, 1, 2, 3, 4, 5, 6, 7, 8, 9], 1: [10, 11, 12, 13, 14, 15, 16, 18, 19, 21], 2: [17, 20, 22, 23, 24, 26, 28, 30, 33, 34], 3: [25, 27, 29, 31, 32, 35, 37, 38, 39, 46], 4: [36, 40, 41, 42, 43, 44, 47, 48, 52, 55], 5: [45, 49, 50, 51, 53, 56, 58], 6: [54, 57, 59], 7: []}
2025-06-20 22:12:04,063 [GDDSG.py] => Optimal lambda: 1000000.0
2025-06-20 22:12:08,933 [GDDSG.py] => Optimal lambda: 10000000.0
2025-06-20 22:12:12,778 [GDDSG.py] => Optimal lambda: 1000000.0
2025-06-20 22:12:16,641 [GDDSG.py] => Optimal lambda: 10000000.0
2025-06-20 22:12:20,368 [GDDSG.py] => Optimal lambda: 1000000.0
2025-06-20 22:12:23,712 [GDDSG.py] => Optimal lambda: 1000000.0
2025-06-20 22:12:26,205 [GDDSG.py] => Optimal lambda: 1000000.0
2025-06-20 22:12:27,192 [GDDSG.py] => 93,524,737 total parameters.
2025-06-20 22:12:27,193 [GDDSG.py] => 7,726,081 training parameters.
2025-06-20 22:16:39,199 [predictitid.py] => Best parameters: a=0.19110648884488413, b=0.40803362537953514, c=0.40085988577558074
2025-06-20 22:16:39,199 [predictitid.py] => Best accuracy: 0.9857333333333334
2025-06-20 22:16:54,648 [GDDSG.py] => Task 5, Backtest 0, Accuracy 0.9658203125, ID Accuracy 0.95
2025-06-20 22:17:11,992 [GDDSG.py] => Task 5, Backtest 1, Accuracy 0.93017578125, ID Accuracy 0.925
2025-06-20 22:17:29,089 [GDDSG.py] => Task 5, Backtest 2, Accuracy 0.9482421875, ID Accuracy 0.943
2025-06-20 22:17:46,190 [GDDSG.py] => Task 5, Backtest 3, Accuracy 0.92919921875, ID Accuracy 0.925
2025-06-20 22:18:03,236 [GDDSG.py] => Task 5, Backtest 4, Accuracy 0.90283203125, ID Accuracy 0.905
2025-06-20 22:18:20,248 [GDDSG.py] => Task 5, Backtest 5, Accuracy 0.9140625, ID Accuracy 0.906
2025-06-20 22:18:20,249 [GDDSG.py] => Now Task 5, Average Accuracy 0.9317220052083334
2025-06-20 22:18:20,264 [GDDSG.py] => Starting CIL Task 7
2025-06-20 22:18:20,264 [GDDSG.py] => Learning on classes 60-69
2025-06-20 22:18:49,175 [GDDSG.py] => Class Groups: {0: [0, 1, 2, 3, 4, 5, 6, 7, 8, 9], 1: [10, 11, 12, 13, 14, 15, 16, 18, 19, 21], 2: [17, 20, 22, 23, 24, 26, 28, 30, 33, 34], 3: [25, 27, 29, 31, 32, 35, 37, 38, 39, 46], 4: [36, 40, 41, 42, 43, 44, 47, 48, 52, 55], 5: [45, 49, 50, 51, 53, 56, 58, 60, 61, 63], 6: [54, 57, 59, 62, 64, 66, 69], 7: [65, 67, 68], 8: []}
2025-06-20 22:18:52,259 [GDDSG.py] => Optimal lambda: 1000000.0
2025-06-20 22:18:57,140 [GDDSG.py] => Optimal lambda: 10000000.0
2025-06-20 22:19:01,053 [GDDSG.py] => Optimal lambda: 1000000.0
2025-06-20 22:19:04,936 [GDDSG.py] => Optimal lambda: 10000000.0
2025-06-20 22:19:08,791 [GDDSG.py] => Optimal lambda: 100000000.0
2025-06-20 22:19:12,412 [GDDSG.py] => Optimal lambda: 1000000.0
2025-06-20 22:19:15,900 [GDDSG.py] => Optimal lambda: 1000000.0
2025-06-20 22:19:18,309 [GDDSG.py] => Optimal lambda: 1000000.0
2025-06-20 22:19:19,276 [GDDSG.py] => 93,532,417 total parameters.
2025-06-20 22:19:19,277 [GDDSG.py] => 7,733,761 training parameters.
2025-06-20 22:24:38,351 [predictitid.py] => Best parameters: a=0.2574888919977978, b=0.3420527391822382, c=0.400458368819964
2025-06-20 22:24:38,351 [predictitid.py] => Best accuracy: 0.9857714285714285
2025-06-20 22:24:54,331 [GDDSG.py] => Task 6, Backtest 0, Accuracy 0.9658203125, ID Accuracy 0.949
2025-06-20 22:25:11,488 [GDDSG.py] => Task 6, Backtest 1, Accuracy 0.919921875, ID Accuracy 0.919
2025-06-20 22:25:28,941 [GDDSG.py] => Task 6, Backtest 2, Accuracy 0.94384765625, ID Accuracy 0.943
2025-06-20 22:25:46,306 [GDDSG.py] => Task 6, Backtest 3, Accuracy 0.923828125, ID Accuracy 0.917
2025-06-20 22:26:03,282 [GDDSG.py] => Task 6, Backtest 4, Accuracy 0.89404296875, ID Accuracy 0.903
2025-06-20 22:26:20,697 [GDDSG.py] => Task 6, Backtest 5, Accuracy 0.9208984375, ID Accuracy 0.913
2025-06-20 22:26:38,037 [GDDSG.py] => Task 6, Backtest 6, Accuracy 0.9560546875, ID Accuracy 0.938
2025-06-20 22:26:38,038 [GDDSG.py] => Now Task 6, Average Accuracy 0.9320591517857143
2025-06-20 22:26:38,054 [GDDSG.py] => Starting CIL Task 8
2025-06-20 22:26:38,054 [GDDSG.py] => Learning on classes 70-79
2025-06-20 22:27:07,367 [GDDSG.py] => Class Groups: {0: [0, 1, 2, 3, 4, 5, 6, 7, 8, 9], 1: [10, 11, 12, 13, 14, 15, 16, 18, 19, 21], 2: [17, 20, 22, 23, 24, 26, 28, 30, 33, 34], 3: [25, 27, 29, 31, 32, 35, 37, 38, 39, 46], 4: [36, 40, 41, 42, 43, 44, 47, 48, 52, 55], 5: [45, 49, 50, 51, 53, 56, 58, 60, 61, 63], 6: [54, 57, 59, 62, 64, 66, 69, 73, 74, 77], 7: [65, 67, 68, 70, 71, 72, 75, 79], 8: [76, 78], 9: []}
2025-06-20 22:27:10,400 [GDDSG.py] => Optimal lambda: 1000000.0
2025-06-20 22:27:15,222 [GDDSG.py] => Optimal lambda: 10000000.0
2025-06-20 22:27:19,055 [GDDSG.py] => Optimal lambda: 1000000.0
2025-06-20 22:27:22,840 [GDDSG.py] => Optimal lambda: 10000000.0
2025-06-20 22:27:26,637 [GDDSG.py] => Optimal lambda: 100000000.0
2025-06-20 22:27:30,433 [GDDSG.py] => Optimal lambda: 1000000.0
2025-06-20 22:27:34,010 [GDDSG.py] => Optimal lambda: 1000000.0
2025-06-20 22:27:37,428 [GDDSG.py] => Optimal lambda: 1000000.0
2025-06-20 22:27:39,928 [GDDSG.py] => Optimal lambda: 100000.0
2025-06-20 22:27:40,894 [GDDSG.py] => 93,540,097 total parameters.
2025-06-20 22:27:40,895 [GDDSG.py] => 7,741,441 training parameters.
2025-06-20 22:34:23,160 [predictitid.py] => Best parameters: a=0.48382602704763433, b=0.2640123976977695, c=0.25216157525459615
2025-06-20 22:34:23,161 [predictitid.py] => Best accuracy: 0.984525
2025-06-20 22:34:39,107 [GDDSG.py] => Task 7, Backtest 0, Accuracy 0.96484375, ID Accuracy 0.945
2025-06-20 22:34:56,341 [GDDSG.py] => Task 7, Backtest 1, Accuracy 0.912109375, ID Accuracy 0.907
2025-06-20 22:35:13,262 [GDDSG.py] => Task 7, Backtest 2, Accuracy 0.94189453125, ID Accuracy 0.937
2025-06-20 22:35:30,441 [GDDSG.py] => Task 7, Backtest 3, Accuracy 0.9140625, ID Accuracy 0.911
2025-06-20 22:35:47,336 [GDDSG.py] => Task 7, Backtest 4, Accuracy 0.89892578125, ID Accuracy 0.905
2025-06-20 22:36:04,496 [GDDSG.py] => Task 7, Backtest 5, Accuracy 0.912109375, ID Accuracy 0.912
2025-06-20 22:36:21,508 [GDDSG.py] => Task 7, Backtest 6, Accuracy 0.94677734375, ID Accuracy 0.942
2025-06-20 22:36:38,509 [GDDSG.py] => Task 7, Backtest 7, Accuracy 0.93408203125, ID Accuracy 0.921
2025-06-20 22:36:38,510 [GDDSG.py] => Now Task 7, Average Accuracy 0.9281005859375
2025-06-20 22:36:38,526 [GDDSG.py] => Starting CIL Task 9
2025-06-20 22:36:38,526 [GDDSG.py] => Learning on classes 80-89
2025-06-20 22:37:07,933 [GDDSG.py] => Class Groups: {0: [0, 1, 2, 3, 4, 5, 6, 7, 8, 9], 1: [10, 11, 12, 13, 14, 15, 16, 18, 19, 21], 2: [17, 20, 22, 23, 24, 26, 28, 30, 33, 34], 3: [25, 27, 29, 31, 32, 35, 37, 38, 39, 46], 4: [36, 40, 41, 42, 43, 44, 47, 48, 52, 55], 5: [45, 49, 50, 51, 53, 56, 58, 60, 61, 63], 6: [54, 57, 59, 62, 64, 66, 69, 73, 74, 77], 7: [65, 67, 68, 70, 71, 72, 75, 79, 80, 81], 8: [76, 78, 82, 84, 85, 86, 88, 89], 9: [83, 87], 10: []}
2025-06-20 22:37:10,970 [GDDSG.py] => Optimal lambda: 1000000.0
2025-06-20 22:37:15,797 [GDDSG.py] => Optimal lambda: 10000000.0
2025-06-20 22:37:19,632 [GDDSG.py] => Optimal lambda: 1000000.0
2025-06-20 22:37:23,442 [GDDSG.py] => Optimal lambda: 10000000.0
2025-06-20 22:37:27,255 [GDDSG.py] => Optimal lambda: 100000000.0
2025-06-20 22:37:31,076 [GDDSG.py] => Optimal lambda: 1000000.0
2025-06-20 22:37:34,992 [GDDSG.py] => Optimal lambda: 1000000.0
2025-06-20 22:37:38,690 [GDDSG.py] => Optimal lambda: 1000000.0
2025-06-20 22:37:42,027 [GDDSG.py] => Optimal lambda: 1000000.0
2025-06-20 22:37:44,419 [GDDSG.py] => Optimal lambda: 1000.0
2025-06-20 22:37:45,369 [GDDSG.py] => 93,547,777 total parameters.
2025-06-20 22:37:45,370 [GDDSG.py] => 7,749,121 training parameters.
2025-06-20 22:54:49,927 [predictitid.py] => Best parameters: a=0.4270293479264865, b=0.2892819071709147, c=0.2836887449025988
2025-06-20 22:54:49,927 [predictitid.py] => Best accuracy: 0.9848666666666667
2025-06-20 22:55:06,177 [GDDSG.py] => Task 8, Backtest 0, Accuracy 0.9638671875, ID Accuracy 0.946
2025-06-20 22:55:23,440 [GDDSG.py] => Task 8, Backtest 1, Accuracy 0.916015625, ID Accuracy 0.91
2025-06-20 22:55:40,863 [GDDSG.py] => Task 8, Backtest 2, Accuracy 0.94189453125, ID Accuracy 0.934
2025-06-20 22:55:58,355 [GDDSG.py] => Task 8, Backtest 3, Accuracy 0.9150390625, ID Accuracy 0.914
2025-06-20 22:56:15,743 [GDDSG.py] => Task 8, Backtest 4, Accuracy 0.89404296875, ID Accuracy 0.898
2025-06-20 22:56:32,950 [GDDSG.py] => Task 8, Backtest 5, Accuracy 0.912109375, ID Accuracy 0.907
2025-06-20 22:56:50,320 [GDDSG.py] => Task 8, Backtest 6, Accuracy 0.94482421875, ID Accuracy 0.941
2025-06-20 22:57:07,706 [GDDSG.py] => Task 8, Backtest 7, Accuracy 0.93310546875, ID Accuracy 0.926
2025-06-20 22:57:25,275 [GDDSG.py] => Task 8, Backtest 8, Accuracy 0.94580078125, ID Accuracy 0.936
2025-06-20 22:57:25,275 [GDDSG.py] => Now Task 8, Average Accuracy 0.9296332465277778
2025-06-20 22:57:25,292 [GDDSG.py] => Starting CIL Task 10
2025-06-20 22:57:25,293 [GDDSG.py] => Learning on classes 90-99
2025-06-20 22:57:55,015 [GDDSG.py] => Class Groups: {0: [0, 1, 2, 3, 4, 5, 6, 7, 8, 9], 1: [10, 11, 12, 13, 14, 15, 16, 18, 19, 21], 2: [17, 20, 22, 23, 24, 26, 28, 30, 33, 34], 3: [25, 27, 29, 31, 32, 35, 37, 38, 39, 46], 4: [36, 40, 41, 42, 43, 44, 47, 48, 52, 55], 5: [45, 49, 50, 51, 53, 56, 58, 60, 61, 63], 6: [54, 57, 59, 62, 64, 66, 69, 73, 74, 77], 7: [65, 67, 68, 70, 71, 72, 75, 79, 80, 81], 8: [76, 78, 82, 84, 85, 86, 88, 89, 90, 91], 9: [83, 87, 92, 93, 94, 95, 97, 99], 10: [96, 98], 11: []}
2025-06-20 22:57:58,025 [GDDSG.py] => Optimal lambda: 1000000.0
2025-06-20 22:58:02,838 [GDDSG.py] => Optimal lambda: 10000000.0
2025-06-20 22:58:06,676 [GDDSG.py] => Optimal lambda: 1000000.0
2025-06-20 22:58:10,569 [GDDSG.py] => Optimal lambda: 10000000.0
2025-06-20 22:58:14,438 [GDDSG.py] => Optimal lambda: 100000000.0
2025-06-20 22:58:18,241 [GDDSG.py] => Optimal lambda: 1000000.0
2025-06-20 22:58:22,026 [GDDSG.py] => Optimal lambda: 1000000.0
2025-06-20 22:58:25,862 [GDDSG.py] => Optimal lambda: 100000000.0
2025-06-20 22:58:29,610 [GDDSG.py] => Optimal lambda: 1000000.0
2025-06-20 22:58:32,999 [GDDSG.py] => Optimal lambda: 1000000.0
2025-06-20 22:58:35,342 [GDDSG.py] => Optimal lambda: 100000.0
2025-06-20 22:58:36,290 [GDDSG.py] => 93,555,457 total parameters.
2025-06-20 22:58:36,291 [GDDSG.py] => 7,756,801 training parameters.
2025-06-20 23:07:49,365 [predictitid.py] => Best parameters: a=0.4552852502690125, b=0.2507954138017561, c=0.29391933592923136
2025-06-20 23:07:49,365 [predictitid.py] => Best accuracy: 0.984
2025-06-20 23:08:05,871 [GDDSG.py] => Task 9, Backtest 0, Accuracy 0.958984375, ID Accuracy 0.947
2025-06-20 23:08:23,536 [GDDSG.py] => Task 9, Backtest 1, Accuracy 0.9150390625, ID Accuracy 0.915
2025-06-20 23:08:41,172 [GDDSG.py] => Task 9, Backtest 2, Accuracy 0.93408203125, ID Accuracy 0.928
2025-06-20 23:08:58,827 [GDDSG.py] => Task 9, Backtest 3, Accuracy 0.9150390625, ID Accuracy 0.907
2025-06-20 23:09:16,613 [GDDSG.py] => Task 9, Backtest 4, Accuracy 0.88623046875, ID Accuracy 0.891
2025-06-20 23:09:34,218 [GDDSG.py] => Task 9, Backtest 5, Accuracy 0.91015625, ID Accuracy 0.907
2025-06-20 23:09:51,909 [GDDSG.py] => Task 9, Backtest 6, Accuracy 0.93994140625, ID Accuracy 0.937
2025-06-20 23:10:09,497 [GDDSG.py] => Task 9, Backtest 7, Accuracy 0.91796875, ID Accuracy 0.92
2025-06-20 23:10:27,158 [GDDSG.py] => Task 9, Backtest 8, Accuracy 0.93408203125, ID Accuracy 0.933
2025-06-20 23:10:44,577 [GDDSG.py] => Task 9, Backtest 9, Accuracy 0.92919921875, ID Accuracy 0.909
2025-06-20 23:10:44,577 [GDDSG.py] => Now Task 9, Average Accuracy 0.924072265625
2025-06-20 23:10:44,613 [trainer.py] => Loss history saved to logs/ncm/cifar224/0/10/ _2024_pretrained_vit_b16_224_in21k_loss_history.csv
2025-06-20 23:10:44,614 [trainer.py] => Total training time: 4501.98 seconds
2025-06-20 23:10:44,614 [trainer.py] => Finishing run
2025-06-20 23:10:44,614 [trainer.py] => 
