2025-06-21 02:06:06,071 [trainer.py] => Starting new run
2025-06-21 02:06:06,073 [trainer.py] => ID: 0
2025-06-21 02:06:06,073 [trainer.py] => dataset: cifar224
2025-06-21 02:06:06,073 [trainer.py] => shuffle: True
2025-06-21 02:06:06,073 [trainer.py] => init_cls: 10
2025-06-21 02:06:06,073 [trainer.py] => increment: 10
2025-06-21 02:06:06,073 [trainer.py] => k: 10
2025-06-21 02:06:06,073 [trainer.py] => model_name: ncm
2025-06-21 02:06:06,073 [trainer.py] => convnet_type: pretrained_vit_b16_224_in21k
2025-06-21 02:06:06,073 [trainer.py] => device: [0]
2025-06-21 02:06:06,073 [trainer.py] => seed: 4202
2025-06-21 02:06:06,073 [trainer.py] => batch_size: 128
2025-06-21 02:06:06,073 [trainer.py] => tuned_epoch: 0
2025-06-21 02:06:06,073 [trainer.py] => body_lr: 0
2025-06-21 02:06:06,073 [trainer.py] => head_lr: 0
2025-06-21 02:06:06,073 [trainer.py] => weight_decay: 0.0005
2025-06-21 02:06:06,073 [trainer.py] => min_lr: 0
2025-06-21 02:06:06,073 [trainer.py] => use_RP: True
2025-06-21 02:06:06,073 [trainer.py] => M: 10000
2025-06-21 02:06:06,073 [trainer.py] => use_input_norm: False
2025-06-21 02:06:06,074 [trainer.py] => do_not_save: False
2025-06-21 02:06:06,268 [GDDSG.py] => 85,798,656 total parameters.
2025-06-21 02:06:06,269 [GDDSG.py] => 85,798,656 training parameters.
2025-06-21 02:06:07,525 [data_manager.py] => Class Order: [77,12,34,42,44,1,97,37,28,51,53,15,18,92,0,26,21,63,94,2,67,93,29,47,39,79,7,25,5,69,56,50,87,59,6,81,30,4,13,24,3,60,66,78,74,58,32,75,40,85,23,52,10,64,55,8,88,36,22,38,62,19,33,86,73,57,61,14,48,99,17,80,91,43,45,35,83,31,49,65,90,71,96,20,95,82,9,98,41,72,70,16,27,76,89,11,46,54,84,68]
2025-06-21 02:06:07,670 [trainer.py] => Pre-trained network parameters: 85798656
2025-06-21 02:06:07,670 [GDDSG.py] => Starting CIL Task 1
2025-06-21 02:06:07,670 [GDDSG.py] => Learning on classes 0-9
2025-06-21 02:06:32,020 [GDDSG.py] => Class Groups: {0: [0, 1, 2, 3, 4, 5, 6, 8, 9], 1: [7], 2: []}
2025-06-21 02:06:33,696 [GDDSG.py] => Optimal lambda: 1000000.0
2025-06-21 02:06:37,444 [GDDSG.py] => Optimal lambda: 10000.0
2025-06-21 02:06:38,353 [GDDSG.py] => 93,578,657 total parameters.
2025-06-21 02:06:38,354 [GDDSG.py] => 7,780,001 training parameters.
2025-06-21 02:06:53,676 [predictitid.py] => Best parameters: a=0.06440678605710837, b=0.9275886161520197, c=0.008004597790871926
2025-06-21 02:06:53,676 [predictitid.py] => Best accuracy: 0.9986
2025-06-21 02:07:16,472 [GDDSG.py] => Task 0, Backtest 0, Accuracy 0.962890625, ID Accuracy 0.987
2025-06-21 02:07:16,474 [GDDSG.py] => Now Task 0, Average Accuracy 0.962890625
2025-06-21 02:07:16,480 [GDDSG.py] => Starting CIL Task 2
2025-06-21 02:07:16,480 [GDDSG.py] => Learning on classes 10-19
2025-06-21 02:07:45,001 [GDDSG.py] => Class Groups: {0: [0, 1, 2, 3, 4, 5, 6, 8, 9, 10], 1: [7, 11, 12, 13, 14, 15, 16, 17, 18, 19], 2: []}
2025-06-21 02:07:48,076 [GDDSG.py] => Optimal lambda: 10000000.0
2025-06-21 02:07:52,318 [GDDSG.py] => Optimal lambda: 1000000.0
2025-06-21 02:07:53,266 [GDDSG.py] => 93,494,017 total parameters.
2025-06-21 02:07:53,267 [GDDSG.py] => 7,695,361 training parameters.
2025-06-21 02:08:36,210 [predictitid.py] => Best parameters: a=0.04517549397632645, b=0.71223103837113, c=0.24259346765254353
2025-06-21 02:08:36,210 [predictitid.py] => Best accuracy: 0.9977
2025-06-21 02:08:50,272 [GDDSG.py] => Task 1, Backtest 0, Accuracy 0.966796875, ID Accuracy 0.979
2025-06-21 02:09:06,460 [GDDSG.py] => Task 1, Backtest 1, Accuracy 0.97998046875, ID Accuracy 0.987
2025-06-21 02:09:06,461 [GDDSG.py] => Now Task 1, Average Accuracy 0.973388671875
2025-06-21 02:09:06,465 [GDDSG.py] => Starting CIL Task 3
2025-06-21 02:09:06,465 [GDDSG.py] => Learning on classes 20-29
2025-06-21 02:09:34,623 [GDDSG.py] => Class Groups: {0: [0, 1, 2, 3, 4, 5, 6, 8, 9, 10], 1: [7, 11, 12, 13, 14, 15, 16, 17, 18, 19], 2: [20, 22, 23, 24, 25, 27, 29], 3: [21, 26, 28], 4: []}
2025-06-21 02:09:37,647 [GDDSG.py] => Optimal lambda: 10000000.0
2025-06-21 02:09:42,417 [GDDSG.py] => Optimal lambda: 1000000.0
2025-06-21 02:09:44,704 [GDDSG.py] => Optimal lambda: 1000000.0
2025-06-21 02:09:47,452 [GDDSG.py] => Optimal lambda: 1000000.0
2025-06-21 02:09:48,408 [GDDSG.py] => 93,501,697 total parameters.
2025-06-21 02:09:48,409 [GDDSG.py] => 7,703,041 training parameters.
2025-06-21 02:11:12,860 [predictitid.py] => Best parameters: a=0.10755178723870867, b=0.6299099720939562, c=0.2625382406673352
2025-06-21 02:11:12,860 [predictitid.py] => Best accuracy: 0.9938666666666667
2025-06-21 02:11:27,371 [GDDSG.py] => Task 2, Backtest 0, Accuracy 0.9638671875, ID Accuracy 0.978
2025-06-21 02:11:44,016 [GDDSG.py] => Task 2, Backtest 1, Accuracy 0.97705078125, ID Accuracy 0.986
2025-06-21 02:12:00,623 [GDDSG.py] => Task 2, Backtest 2, Accuracy 0.958984375, ID Accuracy 0.954
2025-06-21 02:12:00,624 [GDDSG.py] => Now Task 2, Average Accuracy 0.9666341145833334
2025-06-21 02:12:00,632 [GDDSG.py] => Starting CIL Task 4
2025-06-21 02:12:00,633 [GDDSG.py] => Learning on classes 30-39
2025-06-21 02:12:29,151 [GDDSG.py] => Class Groups: {0: [0, 1, 2, 3, 4, 5, 6, 8, 9, 10], 1: [7, 11, 12, 13, 14, 15, 16, 17, 18, 19], 2: [20, 22, 23, 24, 25, 27, 29, 30, 31, 35], 3: [21, 26, 28, 32, 33, 36, 37, 38], 4: [34, 39], 5: []}
2025-06-21 02:12:32,192 [GDDSG.py] => Optimal lambda: 10000000.0
2025-06-21 02:12:36,957 [GDDSG.py] => Optimal lambda: 1000000.0
2025-06-21 02:12:40,594 [GDDSG.py] => Optimal lambda: 1000000.0
2025-06-21 02:12:44,068 [GDDSG.py] => Optimal lambda: 1000000.0
2025-06-21 02:12:46,527 [GDDSG.py] => Optimal lambda: 1000000.0
2025-06-21 02:12:47,462 [GDDSG.py] => 93,509,377 total parameters.
2025-06-21 02:12:47,463 [GDDSG.py] => 7,710,721 training parameters.
2025-06-21 02:14:59,280 [predictitid.py] => Best parameters: a=0.11479880182092568, b=0.4433806415075593, c=0.441820556671515
2025-06-21 02:14:59,280 [predictitid.py] => Best accuracy: 0.99225
2025-06-21 02:15:13,936 [GDDSG.py] => Task 3, Backtest 0, Accuracy 0.955078125, ID Accuracy 0.969
2025-06-21 02:15:30,484 [GDDSG.py] => Task 3, Backtest 1, Accuracy 0.97607421875, ID Accuracy 0.979
2025-06-21 02:15:46,916 [GDDSG.py] => Task 3, Backtest 2, Accuracy 0.9482421875, ID Accuracy 0.95
2025-06-21 02:16:03,292 [GDDSG.py] => Task 3, Backtest 3, Accuracy 0.92822265625, ID Accuracy 0.936
2025-06-21 02:16:03,293 [GDDSG.py] => Now Task 3, Average Accuracy 0.951904296875
2025-06-21 02:16:03,303 [GDDSG.py] => Starting CIL Task 5
2025-06-21 02:16:03,303 [GDDSG.py] => Learning on classes 40-49
2025-06-21 02:16:32,008 [GDDSG.py] => Class Groups: {0: [0, 1, 2, 3, 4, 5, 6, 8, 9, 10], 1: [7, 11, 12, 13, 14, 15, 16, 17, 18, 19], 2: [20, 22, 23, 24, 25, 27, 29, 30, 31, 35], 3: [21, 26, 28, 32, 33, 36, 37, 38, 42, 43], 4: [34, 39, 40, 41, 44, 45, 46, 47, 48, 49], 5: []}
2025-06-21 02:16:35,022 [GDDSG.py] => Optimal lambda: 10000000.0
2025-06-21 02:16:39,806 [GDDSG.py] => Optimal lambda: 1000000.0
2025-06-21 02:16:43,671 [GDDSG.py] => Optimal lambda: 1000000.0
2025-06-21 02:16:47,433 [GDDSG.py] => Optimal lambda: 1000000.0
2025-06-21 02:16:50,786 [GDDSG.py] => Optimal lambda: 1000000.0
2025-06-21 02:16:51,696 [GDDSG.py] => 93,517,057 total parameters.
2025-06-21 02:16:51,696 [GDDSG.py] => 7,718,401 training parameters.
2025-06-21 02:19:48,621 [predictitid.py] => Best parameters: a=0.42455179537358967, b=0.3308611904543354, c=0.24458701417207496
2025-06-21 02:19:48,621 [predictitid.py] => Best accuracy: 0.99208
2025-06-21 02:20:03,765 [GDDSG.py] => Task 4, Backtest 0, Accuracy 0.9501953125, ID Accuracy 0.959
2025-06-21 02:20:20,470 [GDDSG.py] => Task 4, Backtest 1, Accuracy 0.97412109375, ID Accuracy 0.97
2025-06-21 02:20:36,904 [GDDSG.py] => Task 4, Backtest 2, Accuracy 0.953125, ID Accuracy 0.946
2025-06-21 02:20:53,455 [GDDSG.py] => Task 4, Backtest 3, Accuracy 0.93115234375, ID Accuracy 0.936
2025-06-21 02:21:10,156 [GDDSG.py] => Task 4, Backtest 4, Accuracy 0.9599609375, ID Accuracy 0.965
2025-06-21 02:21:10,157 [GDDSG.py] => Now Task 4, Average Accuracy 0.9537109375
2025-06-21 02:21:10,168 [GDDSG.py] => Starting CIL Task 6
2025-06-21 02:21:10,168 [GDDSG.py] => Learning on classes 50-59
2025-06-21 02:21:38,911 [GDDSG.py] => Class Groups: {0: [0, 1, 2, 3, 4, 5, 6, 8, 9, 10], 1: [7, 11, 12, 13, 14, 15, 16, 17, 18, 19], 2: [20, 22, 23, 24, 25, 27, 29, 30, 31, 35], 3: [21, 26, 28, 32, 33, 36, 37, 38, 42, 43], 4: [34, 39, 40, 41, 44, 45, 46, 47, 48, 49], 5: [50, 51, 52, 53, 54, 55, 57, 59], 6: [56, 58], 7: []}
2025-06-21 02:21:41,927 [GDDSG.py] => Optimal lambda: 10000000.0
2025-06-21 02:21:46,711 [GDDSG.py] => Optimal lambda: 1000000.0
2025-06-21 02:21:50,494 [GDDSG.py] => Optimal lambda: 1000000.0
2025-06-21 02:21:54,285 [GDDSG.py] => Optimal lambda: 100000000.0
2025-06-21 02:21:58,173 [GDDSG.py] => Optimal lambda: 1000000.0
2025-06-21 02:22:00,482 [GDDSG.py] => Optimal lambda: 1000000.0
2025-06-21 02:22:03,279 [GDDSG.py] => Optimal lambda: 10000.0
2025-06-21 02:22:04,238 [GDDSG.py] => 93,524,737 total parameters.
2025-06-21 02:22:04,239 [GDDSG.py] => 7,726,081 training parameters.
2025-06-21 02:25:56,884 [predictitid.py] => Best parameters: a=0.5441935597689156, b=0.23975366705250273, c=0.21605277317858168
2025-06-21 02:25:56,884 [predictitid.py] => Best accuracy: 0.9914
2025-06-21 02:26:11,954 [GDDSG.py] => Task 5, Backtest 0, Accuracy 0.93994140625, ID Accuracy 0.954
2025-06-21 02:26:28,644 [GDDSG.py] => Task 5, Backtest 1, Accuracy 0.97119140625, ID Accuracy 0.972
2025-06-21 02:26:45,120 [GDDSG.py] => Task 5, Backtest 2, Accuracy 0.9501953125, ID Accuracy 0.945
2025-06-21 02:27:02,027 [GDDSG.py] => Task 5, Backtest 3, Accuracy 0.9208984375, ID Accuracy 0.935
2025-06-21 02:27:18,716 [GDDSG.py] => Task 5, Backtest 4, Accuracy 0.953125, ID Accuracy 0.959
2025-06-21 02:27:35,562 [GDDSG.py] => Task 5, Backtest 5, Accuracy 0.9482421875, ID Accuracy 0.953
2025-06-21 02:27:35,563 [GDDSG.py] => Now Task 5, Average Accuracy 0.947265625
2025-06-21 02:27:35,578 [GDDSG.py] => Starting CIL Task 7
2025-06-21 02:27:35,579 [GDDSG.py] => Learning on classes 60-69
2025-06-21 02:28:04,858 [GDDSG.py] => Class Groups: {0: [0, 1, 2, 3, 4, 5, 6, 8, 9, 10], 1: [7, 11, 12, 13, 14, 15, 16, 17, 18, 19], 2: [20, 22, 23, 24, 25, 27, 29, 30, 31, 35], 3: [21, 26, 28, 32, 33, 36, 37, 38, 42, 43], 4: [34, 39, 40, 41, 44, 45, 46, 47, 48, 49], 5: [50, 51, 52, 53, 54, 55, 57, 59, 60, 61], 6: [56, 58, 62, 63, 64, 65, 67, 68, 69], 7: [66], 8: []}
2025-06-21 02:28:07,818 [GDDSG.py] => Optimal lambda: 10000000.0
2025-06-21 02:28:12,677 [GDDSG.py] => Optimal lambda: 1000000.0
2025-06-21 02:28:16,492 [GDDSG.py] => Optimal lambda: 1000000.0
2025-06-21 02:28:20,389 [GDDSG.py] => Optimal lambda: 100000000.0
2025-06-21 02:28:24,316 [GDDSG.py] => Optimal lambda: 1000000.0
2025-06-21 02:28:28,059 [GDDSG.py] => Optimal lambda: 1000000.0
2025-06-21 02:28:31,423 [GDDSG.py] => Optimal lambda: 1000000.0
2025-06-21 02:28:33,843 [GDDSG.py] => Optimal lambda: 10000.0
2025-06-21 02:28:34,790 [GDDSG.py] => 93,532,417 total parameters.
2025-06-21 02:28:34,790 [GDDSG.py] => 7,733,761 training parameters.
2025-06-21 02:33:37,843 [predictitid.py] => Best parameters: a=0.5564717827818075, b=0.22503247630862266, c=0.2184957409095698
2025-06-21 02:33:37,844 [predictitid.py] => Best accuracy: 0.9906285714285714
2025-06-21 02:33:53,521 [GDDSG.py] => Task 6, Backtest 0, Accuracy 0.92578125, ID Accuracy 0.949
2025-06-21 02:34:10,286 [GDDSG.py] => Task 6, Backtest 1, Accuracy 0.9580078125, ID Accuracy 0.97
2025-06-21 02:34:27,172 [GDDSG.py] => Task 6, Backtest 2, Accuracy 0.93603515625, ID Accuracy 0.938
2025-06-21 02:34:43,772 [GDDSG.py] => Task 6, Backtest 3, Accuracy 0.916015625, ID Accuracy 0.929
2025-06-21 02:35:00,556 [GDDSG.py] => Task 6, Backtest 4, Accuracy 0.93408203125, ID Accuracy 0.946
2025-06-21 02:35:17,346 [GDDSG.py] => Task 6, Backtest 5, Accuracy 0.93798828125, ID Accuracy 0.952
2025-06-21 02:35:34,276 [GDDSG.py] => Task 6, Backtest 6, Accuracy 0.93994140625, ID Accuracy 0.935
2025-06-21 02:35:34,277 [GDDSG.py] => Now Task 6, Average Accuracy 0.9354073660714286
2025-06-21 02:35:34,291 [GDDSG.py] => Starting CIL Task 8
2025-06-21 02:35:34,291 [GDDSG.py] => Learning on classes 70-79
2025-06-21 02:36:03,263 [GDDSG.py] => Class Groups: {0: [0, 1, 2, 3, 4, 5, 6, 8, 9, 10], 1: [7, 11, 12, 13, 14, 15, 16, 17, 18, 19], 2: [20, 22, 23, 24, 25, 27, 29, 30, 31, 35], 3: [21, 26, 28, 32, 33, 36, 37, 38, 42, 43], 4: [34, 39, 40, 41, 44, 45, 46, 47, 48, 49], 5: [50, 51, 52, 53, 54, 55, 57, 59, 60, 61], 6: [56, 58, 62, 63, 64, 65, 67, 68, 69, 70], 7: [66, 71, 72, 73, 74, 75, 76, 77, 78, 79], 8: []}
2025-06-21 02:36:06,262 [GDDSG.py] => Optimal lambda: 10000000.0
2025-06-21 02:36:11,060 [GDDSG.py] => Optimal lambda: 1000000.0
2025-06-21 02:36:14,945 [GDDSG.py] => Optimal lambda: 1000000.0
2025-06-21 02:36:18,821 [GDDSG.py] => Optimal lambda: 100000000.0
2025-06-21 02:36:22,707 [GDDSG.py] => Optimal lambda: 1000000.0
2025-06-21 02:36:26,539 [GDDSG.py] => Optimal lambda: 100000000.0
2025-06-21 02:36:30,340 [GDDSG.py] => Optimal lambda: 1000000.0
2025-06-21 02:36:33,573 [GDDSG.py] => Optimal lambda: 1000000.0
2025-06-21 02:36:34,580 [GDDSG.py] => 93,540,097 total parameters.
2025-06-21 02:36:34,581 [GDDSG.py] => 7,741,441 training parameters.
2025-06-21 02:42:44,542 [predictitid.py] => Best parameters: a=0.32008312555703006, b=0.37031910062788226, c=0.30959777381508774
2025-06-21 02:42:44,542 [predictitid.py] => Best accuracy: 0.990225
2025-06-21 02:43:00,212 [GDDSG.py] => Task 7, Backtest 0, Accuracy 0.94384765625, ID Accuracy 0.946
2025-06-21 02:43:16,956 [GDDSG.py] => Task 7, Backtest 1, Accuracy 0.97021484375, ID Accuracy 0.968
2025-06-21 02:43:33,724 [GDDSG.py] => Task 7, Backtest 2, Accuracy 0.94921875, ID Accuracy 0.94
2025-06-21 02:43:50,493 [GDDSG.py] => Task 7, Backtest 3, Accuracy 0.9140625, ID Accuracy 0.919
2025-06-21 02:44:07,181 [GDDSG.py] => Task 7, Backtest 4, Accuracy 0.94677734375, ID Accuracy 0.945
2025-06-21 02:44:23,660 [GDDSG.py] => Task 7, Backtest 5, Accuracy 0.93505859375, ID Accuracy 0.952
2025-06-21 02:44:40,245 [GDDSG.py] => Task 7, Backtest 6, Accuracy 0.94384765625, ID Accuracy 0.931
2025-06-21 02:44:56,877 [GDDSG.py] => Task 7, Backtest 7, Accuracy 0.962890625, ID Accuracy 0.975
2025-06-21 02:44:56,878 [GDDSG.py] => Now Task 7, Average Accuracy 0.94573974609375
2025-06-21 02:44:56,895 [GDDSG.py] => Starting CIL Task 9
2025-06-21 02:44:56,896 [GDDSG.py] => Learning on classes 80-89
2025-06-21 02:45:25,783 [GDDSG.py] => Class Groups: {0: [0, 1, 2, 3, 4, 5, 6, 8, 9, 10], 1: [7, 11, 12, 13, 14, 15, 16, 17, 18, 19], 2: [20, 22, 23, 24, 25, 27, 29, 30, 31, 35], 3: [21, 26, 28, 32, 33, 36, 37, 38, 42, 43], 4: [34, 39, 40, 41, 44, 45, 46, 47, 48, 49], 5: [50, 51, 52, 53, 54, 55, 57, 59, 60, 61], 6: [56, 58, 62, 63, 64, 65, 67, 68, 69, 70], 7: [66, 71, 72, 73, 74, 75, 76, 77, 78, 79], 8: [80, 81, 82, 83, 84, 85, 86, 87, 88], 9: [89], 10: []}
2025-06-21 02:45:28,759 [GDDSG.py] => Optimal lambda: 10000000.0
2025-06-21 02:45:33,376 [GDDSG.py] => Optimal lambda: 1000000.0
2025-06-21 02:45:37,087 [GDDSG.py] => Optimal lambda: 1000000.0
2025-06-21 02:45:40,835 [GDDSG.py] => Optimal lambda: 100000000.0
2025-06-21 02:45:44,538 [GDDSG.py] => Optimal lambda: 1000000.0
2025-06-21 02:45:48,255 [GDDSG.py] => Optimal lambda: 100000000.0
2025-06-21 02:45:51,974 [GDDSG.py] => Optimal lambda: 10000000.0
2025-06-21 02:45:55,698 [GDDSG.py] => Optimal lambda: 1000000.0
2025-06-21 02:45:57,955 [GDDSG.py] => Optimal lambda: 1000000.0
2025-06-21 02:46:00,860 [GDDSG.py] => Optimal lambda: 100000.0
2025-06-21 02:46:01,746 [GDDSG.py] => 93,547,777 total parameters.
2025-06-21 02:46:01,747 [GDDSG.py] => 7,749,121 training parameters.
2025-06-21 02:53:29,052 [predictitid.py] => Best parameters: a=0.5393190993650532, b=0.21269724782831567, c=0.24798365280663115
2025-06-21 02:53:29,052 [predictitid.py] => Best accuracy: 0.9902444444444445
2025-06-21 02:53:44,801 [GDDSG.py] => Task 8, Backtest 0, Accuracy 0.9189453125, ID Accuracy 0.941
2025-06-21 02:54:01,657 [GDDSG.py] => Task 8, Backtest 1, Accuracy 0.955078125, ID Accuracy 0.968
2025-06-21 02:54:18,323 [GDDSG.py] => Task 8, Backtest 2, Accuracy 0.93310546875, ID Accuracy 0.936
2025-06-21 02:54:34,811 [GDDSG.py] => Task 8, Backtest 3, Accuracy 0.90283203125, ID Accuracy 0.92
2025-06-21 02:54:51,681 [GDDSG.py] => Task 8, Backtest 4, Accuracy 0.93017578125, ID Accuracy 0.938
2025-06-21 02:55:08,494 [GDDSG.py] => Task 8, Backtest 5, Accuracy 0.91015625, ID Accuracy 0.951
2025-06-21 02:55:25,170 [GDDSG.py] => Task 8, Backtest 6, Accuracy 0.919921875, ID Accuracy 0.929
2025-06-21 02:55:41,792 [GDDSG.py] => Task 8, Backtest 7, Accuracy 0.94580078125, ID Accuracy 0.978
2025-06-21 02:55:58,319 [GDDSG.py] => Task 8, Backtest 8, Accuracy 0.9619140625, ID Accuracy 0.965
2025-06-21 02:55:58,319 [GDDSG.py] => Now Task 8, Average Accuracy 0.9308810763888888
2025-06-21 02:55:58,345 [GDDSG.py] => Starting CIL Task 10
2025-06-21 02:55:58,346 [GDDSG.py] => Learning on classes 90-99
2025-06-21 02:56:27,595 [GDDSG.py] => Class Groups: {0: [0, 1, 2, 3, 4, 5, 6, 8, 9, 10], 1: [7, 11, 12, 13, 14, 15, 16, 17, 18, 19], 2: [20, 22, 23, 24, 25, 27, 29, 30, 31, 35], 3: [21, 26, 28, 32, 33, 36, 37, 38, 42, 43], 4: [34, 39, 40, 41, 44, 45, 46, 47, 48, 49], 5: [50, 51, 52, 53, 54, 55, 57, 59, 60, 61], 6: [56, 58, 62, 63, 64, 65, 67, 68, 69, 70], 7: [66, 71, 72, 73, 74, 75, 76, 77, 78, 79], 8: [80, 81, 82, 83, 84, 85, 86, 87, 88, 90], 9: [89, 91, 93, 94, 95, 97, 99], 10: [92, 96], 11: [98], 12: []}
2025-06-21 02:56:30,541 [GDDSG.py] => Optimal lambda: 10000000.0
2025-06-21 02:56:35,160 [GDDSG.py] => Optimal lambda: 1000000.0
2025-06-21 02:56:38,829 [GDDSG.py] => Optimal lambda: 1000000.0
2025-06-21 02:56:42,525 [GDDSG.py] => Optimal lambda: 100000000.0
2025-06-21 02:56:46,243 [GDDSG.py] => Optimal lambda: 1000000.0
2025-06-21 02:56:49,866 [GDDSG.py] => Optimal lambda: 100000000.0
2025-06-21 02:56:53,574 [GDDSG.py] => Optimal lambda: 10000000.0
2025-06-21 02:56:57,264 [GDDSG.py] => Optimal lambda: 1000000.0
2025-06-21 02:57:00,890 [GDDSG.py] => Optimal lambda: 1000000.0
2025-06-21 02:57:04,044 [GDDSG.py] => Optimal lambda: 1000000.0
2025-06-21 02:57:06,325 [GDDSG.py] => Optimal lambda: 10000.0
2025-06-21 02:57:08,791 [GDDSG.py] => Optimal lambda: 10000.0
2025-06-21 02:57:09,661 [GDDSG.py] => 93,555,457 total parameters.
2025-06-21 02:57:09,662 [GDDSG.py] => 7,756,801 training parameters.
2025-06-21 03:05:58,398 [predictitid.py] => Best parameters: a=0.6315708886800377, b=0.20700191874467216, c=0.1614271925752901
2025-06-21 03:05:58,398 [predictitid.py] => Best accuracy: 0.98886
2025-06-21 03:06:14,504 [GDDSG.py] => Task 9, Backtest 0, Accuracy 0.91796875, ID Accuracy 0.944
2025-06-21 03:06:31,497 [GDDSG.py] => Task 9, Backtest 1, Accuracy 0.95703125, ID Accuracy 0.969
2025-06-21 03:06:48,269 [GDDSG.py] => Task 9, Backtest 2, Accuracy 0.93017578125, ID Accuracy 0.933
2025-06-21 03:07:05,158 [GDDSG.py] => Task 9, Backtest 3, Accuracy 0.89990234375, ID Accuracy 0.917
2025-06-21 03:07:21,783 [GDDSG.py] => Task 9, Backtest 4, Accuracy 0.93310546875, ID Accuracy 0.941
2025-06-21 03:07:38,491 [GDDSG.py] => Task 9, Backtest 5, Accuracy 0.9072265625, ID Accuracy 0.951
2025-06-21 03:07:55,280 [GDDSG.py] => Task 9, Backtest 6, Accuracy 0.916015625, ID Accuracy 0.923
2025-06-21 03:08:12,162 [GDDSG.py] => Task 9, Backtest 7, Accuracy 0.94580078125, ID Accuracy 0.974
2025-06-21 03:08:29,166 [GDDSG.py] => Task 9, Backtest 8, Accuracy 0.953125, ID Accuracy 0.962
2025-06-21 03:08:46,188 [GDDSG.py] => Task 9, Backtest 9, Accuracy 0.9150390625, ID Accuracy 0.901
2025-06-21 03:08:46,189 [GDDSG.py] => Now Task 9, Average Accuracy 0.9275390625
2025-06-21 03:08:46,216 [trainer.py] => Loss history saved to logs/ncm/cifar224/0/10/ _4202_pretrained_vit_b16_224_in21k_loss_history.csv
2025-06-21 03:08:46,216 [trainer.py] => Total training time: 3760.15 seconds
2025-06-21 03:08:46,216 [trainer.py] => Finishing run
2025-06-21 03:08:46,216 [trainer.py] => 
