2025-06-20 18:42:53,565 [trainer.py] => Starting new run
2025-06-20 18:42:53,567 [trainer.py] => ID: 0
2025-06-20 18:42:53,567 [trainer.py] => dataset: cub
2025-06-20 18:42:53,567 [trainer.py] => shuffle: True
2025-06-20 18:42:53,567 [trainer.py] => init_cls: 20
2025-06-20 18:42:53,567 [trainer.py] => increment: 20
2025-06-20 18:42:53,567 [trainer.py] => k: 20
2025-06-20 18:42:53,567 [trainer.py] => model_name: ncm
2025-06-20 18:42:53,567 [trainer.py] => convnet_type: pretrained_vit_b16_224_in21k
2025-06-20 18:42:53,567 [trainer.py] => device: [0]
2025-06-20 18:42:53,567 [trainer.py] => seed: 1993
2025-06-20 18:42:53,567 [trainer.py] => batch_size: 128
2025-06-20 18:42:53,567 [trainer.py] => tuned_epoch: 0
2025-06-20 18:42:53,567 [trainer.py] => body_lr: 0
2025-06-20 18:42:53,567 [trainer.py] => head_lr: 0
2025-06-20 18:42:53,567 [trainer.py] => weight_decay: 0.0005
2025-06-20 18:42:53,567 [trainer.py] => min_lr: 0
2025-06-20 18:42:53,567 [trainer.py] => use_RP: True
2025-06-20 18:42:53,568 [trainer.py] => M: 10000
2025-06-20 18:42:53,568 [trainer.py] => use_input_norm: False
2025-06-20 18:42:53,568 [trainer.py] => do_not_save: False
2025-06-20 18:42:54,180 [GDDSG.py] => 85,798,656 total parameters.
2025-06-20 18:42:54,181 [GDDSG.py] => 85,798,656 training parameters.
2025-06-20 18:42:54,431 [data_manager.py] => Class Order: [168,136,51,9,183,101,171,99,42,159,191,70,16,188,27,10,175,26,68,187,98,6,85,35,112,43,100,0,103,181,88,59,4,2,116,174,94,80,106,1,147,17,141,131,72,23,173,54,197,118,87,32,79,104,91,19,135,107,178,36,11,199,142,8,122,3,28,57,153,172,190,56,49,44,97,62,151,169,194,55,192,12,189,78,66,180,15,137,109,134,92,119,126,52,170,40,148,65,144,64,138,45,77,89,154,90,71,193,74,30,113,143,96,84,67,50,186,156,69,21,18,111,108,58,125,157,150,110,182,129,166,83,81,60,13,165,14,176,63,117,5,22,145,121,38,41,82,127,114,20,31,53,37,163,196,130,152,162,86,76,24,34,184,149,33,128,198,155,146,167,139,120,140,102,47,25,158,123,46,164,61,7,115,75,133,160,105,132,179,124,48,73,93,39,95,195,29,177,185,161]
2025-06-20 18:42:54,462 [trainer.py] => Pre-trained network parameters: 85798656
2025-06-20 18:42:54,462 [GDDSG.py] => Starting CIL Task 1
2025-06-20 18:42:54,462 [GDDSG.py] => Learning on classes 0-19
2025-06-20 18:43:03,100 [GDDSG.py] => Class Groups: {0: [0, 1, 2, 3, 4, 5, 6, 7, 9, 10, 11, 12, 14, 15, 18, 19], 1: [8, 13, 16, 17], 2: []}
2025-06-20 18:43:04,749 [GDDSG.py] => Optimal lambda: 100000.0
2025-06-20 18:43:07,318 [GDDSG.py] => Optimal lambda: 100.0
2025-06-20 18:43:08,170 [GDDSG.py] => 93,678,657 total parameters.
2025-06-20 18:43:08,171 [GDDSG.py] => 7,880,001 training parameters.
2025-06-20 18:43:13,064 [predictitid.py] => Best parameters: a=0.23672827977263677, b=0.6381174538612502, c=0.12515426636611304
2025-06-20 18:43:13,064 [predictitid.py] => Best accuracy: 0.9904862579281184
2025-06-20 18:43:22,643 [GDDSG.py] => Task 0, Backtest 0, Accuracy 0.92724609375, ID Accuracy 0.9311740890688259
2025-06-20 18:43:22,643 [GDDSG.py] => Now Task 0, Average Accuracy 0.92724609375
2025-06-20 18:43:22,649 [GDDSG.py] => Starting CIL Task 2
2025-06-20 18:43:22,650 [GDDSG.py] => Learning on classes 20-39
2025-06-20 18:43:34,344 [GDDSG.py] => Class Groups: {0: [0, 1, 2, 3, 4, 5, 6, 7, 9, 10, 11, 12, 14, 15, 18, 19, 20, 21, 22, 23], 1: [8, 13, 16, 17, 24, 25, 26, 27, 28, 30, 31, 32, 36, 37, 38], 2: [29, 33, 34, 35], 3: [39], 4: []}
2025-06-20 18:43:36,755 [GDDSG.py] => Optimal lambda: 1000000.0
2025-06-20 18:43:39,914 [GDDSG.py] => Optimal lambda: 1000000.0
2025-06-20 18:43:42,135 [GDDSG.py] => Optimal lambda: 1000.0
2025-06-20 18:43:47,163 [GDDSG.py] => Optimal lambda: 10000.0
2025-06-20 18:43:50,917 [GDDSG.py] => 93,509,377 total parameters.
2025-06-20 18:43:50,918 [GDDSG.py] => 7,710,721 training parameters.
2025-06-20 18:44:01,152 [predictitid.py] => Best parameters: a=0.061260479897897596, b=0.6890244292634213, c=0.24971509083868104
2025-06-20 18:44:01,152 [predictitid.py] => Best accuracy: 0.9888947646747752
2025-06-20 18:44:09,631 [GDDSG.py] => Task 1, Backtest 0, Accuracy 0.92724609375, ID Accuracy 0.9271255060728745
2025-06-20 18:44:27,833 [GDDSG.py] => Task 1, Backtest 1, Accuracy 0.87451171875, ID Accuracy 0.8840579710144928
2025-06-20 18:44:27,833 [GDDSG.py] => Now Task 1, Average Accuracy 0.90087890625
2025-06-20 18:44:27,839 [GDDSG.py] => Starting CIL Task 3
2025-06-20 18:44:27,839 [GDDSG.py] => Learning on classes 40-59
2025-06-20 18:44:38,745 [GDDSG.py] => Class Groups: {0: [0, 1, 2, 3, 4, 5, 6, 7, 9, 10, 11, 12, 14, 15, 18, 19, 20, 21, 22, 23], 1: [8, 13, 16, 17, 24, 25, 26, 27, 28, 30, 31, 32, 36, 37, 38, 40, 41, 42, 43, 44], 2: [29, 33, 34, 35, 45, 47, 48, 50, 51, 52, 53, 55, 56, 57, 58, 59], 3: [39, 46, 49, 54], 4: []}
2025-06-20 18:44:41,187 [GDDSG.py] => Optimal lambda: 100.0
2025-06-20 18:44:44,454 [GDDSG.py] => Optimal lambda: 1000000.0
2025-06-20 18:44:47,448 [GDDSG.py] => Optimal lambda: 1000000.0
2025-06-20 18:44:53,401 [GDDSG.py] => Optimal lambda: 100000.0
2025-06-20 18:44:54,081 [GDDSG.py] => 93,524,737 total parameters.
2025-06-20 18:44:54,082 [GDDSG.py] => 7,726,081 training parameters.
2025-06-20 18:45:10,444 [predictitid.py] => Best parameters: a=0.34934385161892423, b=0.5643950011805092, c=0.08626114720056655
2025-06-20 18:45:10,444 [predictitid.py] => Best accuracy: 0.9897671136203247
2025-06-20 18:45:19,008 [GDDSG.py] => Task 2, Backtest 0, Accuracy 0.9228515625, ID Accuracy 0.9149797570850202
2025-06-20 18:45:28,390 [GDDSG.py] => Task 2, Backtest 1, Accuracy 0.86962890625, ID Accuracy 0.8695652173913043
2025-06-20 18:45:46,991 [GDDSG.py] => Task 2, Backtest 2, Accuracy 0.9267578125, ID Accuracy 0.926605504587156
2025-06-20 18:45:46,992 [GDDSG.py] => Now Task 2, Average Accuracy 0.9064127604166666
2025-06-20 18:45:46,998 [GDDSG.py] => Starting CIL Task 4
2025-06-20 18:45:46,999 [GDDSG.py] => Learning on classes 60-79
2025-06-20 18:45:57,847 [GDDSG.py] => Class Groups: {0: [0, 1, 2, 3, 4, 5, 6, 7, 9, 10, 11, 12, 14, 15, 18, 19, 20, 21, 22, 23], 1: [8, 13, 16, 17, 24, 25, 26, 27, 28, 30, 31, 32, 36, 37, 38, 40, 41, 42, 43, 44], 2: [29, 33, 34, 35, 45, 47, 48, 50, 51, 52, 53, 55, 56, 57, 58, 59, 60, 61, 62, 63], 3: [39, 46, 49, 54, 65, 66, 67, 68, 70, 71, 72, 73, 74, 75, 77, 78, 79], 4: [64, 69, 76], 5: []}
2025-06-20 18:46:00,261 [GDDSG.py] => Optimal lambda: 100.0
2025-06-20 18:46:03,559 [GDDSG.py] => Optimal lambda: 100.0
2025-06-20 18:46:06,629 [GDDSG.py] => Optimal lambda: 1000000.0
2025-06-20 18:46:09,622 [GDDSG.py] => Optimal lambda: 1000000.0
2025-06-20 18:46:11,837 [GDDSG.py] => Optimal lambda: 100.0
2025-06-20 18:46:12,664 [GDDSG.py] => 93,540,097 total parameters.
2025-06-20 18:46:12,665 [GDDSG.py] => 7,741,441 training parameters.
2025-06-20 18:46:33,252 [predictitid.py] => Best parameters: a=0.2365520971726346, b=0.6434142695400403, c=0.12003363328732508
2025-06-20 18:46:33,252 [predictitid.py] => Best accuracy: 0.9896825396825397
2025-06-20 18:46:41,888 [GDDSG.py] => Task 3, Backtest 0, Accuracy 0.9111328125, ID Accuracy 0.9109311740890689
2025-06-20 18:46:51,111 [GDDSG.py] => Task 3, Backtest 1, Accuracy 0.888671875, ID Accuracy 0.8792270531400966
2025-06-20 18:47:00,596 [GDDSG.py] => Task 3, Backtest 2, Accuracy 0.9404296875, ID Accuracy 0.9311926605504587
2025-06-20 18:47:10,533 [GDDSG.py] => Task 3, Backtest 3, Accuracy 0.9677734375, ID Accuracy 0.97165991902834
2025-06-20 18:47:10,533 [GDDSG.py] => Now Task 3, Average Accuracy 0.927001953125
2025-06-20 18:47:10,542 [GDDSG.py] => Starting CIL Task 5
2025-06-20 18:47:10,542 [GDDSG.py] => Learning on classes 80-99
2025-06-20 18:47:21,457 [GDDSG.py] => Class Groups: {0: [0, 1, 2, 3, 4, 5, 6, 7, 9, 10, 11, 12, 14, 15, 18, 19, 20, 21, 22, 23], 1: [8, 13, 16, 17, 24, 25, 26, 27, 28, 30, 31, 32, 36, 37, 38, 40, 41, 42, 43, 44], 2: [29, 33, 34, 35, 45, 47, 48, 50, 51, 52, 53, 55, 56, 57, 58, 59, 60, 61, 62, 63], 3: [39, 46, 49, 54, 65, 66, 67, 68, 70, 71, 72, 73, 74, 75, 77, 78, 79, 81, 82, 83], 4: [64, 69, 76, 80, 84, 86, 87, 88, 89, 90, 91, 93, 94, 95, 96, 97, 98], 5: [85, 92, 99], 6: []}
2025-06-20 18:47:23,851 [GDDSG.py] => Optimal lambda: 100.0
2025-06-20 18:47:27,110 [GDDSG.py] => Optimal lambda: 100.0
2025-06-20 18:47:30,209 [GDDSG.py] => Optimal lambda: 100000000.0
2025-06-20 18:47:33,269 [GDDSG.py] => Optimal lambda: 1000000.0
2025-06-20 18:47:36,232 [GDDSG.py] => Optimal lambda: 1000000.0
2025-06-20 18:47:38,448 [GDDSG.py] => Optimal lambda: 100.0
2025-06-20 18:47:39,284 [GDDSG.py] => 93,555,457 total parameters.
2025-06-20 18:47:39,285 [GDDSG.py] => 7,756,801 training parameters.
2025-06-20 18:48:05,886 [predictitid.py] => Best parameters: a=0.2982099912177421, b=0.5946598419294878, c=0.1071301668527701
2025-06-20 18:48:05,886 [predictitid.py] => Best accuracy: 0.9884959522795057
2025-06-20 18:48:14,508 [GDDSG.py] => Task 4, Backtest 0, Accuracy 0.9111328125, ID Accuracy 0.9068825910931174
2025-06-20 18:48:24,070 [GDDSG.py] => Task 4, Backtest 1, Accuracy 0.87451171875, ID Accuracy 0.8695652173913043
2025-06-20 18:48:33,985 [GDDSG.py] => Task 4, Backtest 2, Accuracy 0.9267578125, ID Accuracy 0.9357798165137615
2025-06-20 18:48:44,259 [GDDSG.py] => Task 4, Backtest 3, Accuracy 0.95166015625, ID Accuracy 0.9473684210526315
2025-06-20 18:49:06,540 [GDDSG.py] => Task 4, Backtest 4, Accuracy 0.96630859375, ID Accuracy 0.9516728624535316
2025-06-20 18:49:06,540 [GDDSG.py] => Now Task 4, Average Accuracy 0.92607421875
2025-06-20 18:49:06,550 [GDDSG.py] => Starting CIL Task 6
2025-06-20 18:49:06,550 [GDDSG.py] => Learning on classes 100-119
2025-06-20 18:49:17,716 [GDDSG.py] => Class Groups: {0: [0, 1, 2, 3, 4, 5, 6, 7, 9, 10, 11, 12, 14, 15, 18, 19, 20, 21, 22, 23], 1: [8, 13, 16, 17, 24, 25, 26, 27, 28, 30, 31, 32, 36, 37, 38, 40, 41, 42, 43, 44], 2: [29, 33, 34, 35, 45, 47, 48, 50, 51, 52, 53, 55, 56, 57, 58, 59, 60, 61, 62, 63], 3: [39, 46, 49, 54, 65, 66, 67, 68, 70, 71, 72, 73, 74, 75, 77, 78, 79, 81, 82, 83], 4: [64, 69, 76, 80, 84, 86, 87, 88, 89, 90, 91, 93, 94, 95, 96, 97, 98, 100, 101, 102], 5: [85, 92, 99, 103, 104, 105, 106, 107, 108, 109, 110, 111, 112, 114, 115, 116, 119], 6: [113, 117, 118], 7: []}
2025-06-20 18:49:20,131 [GDDSG.py] => Optimal lambda: 100.0
2025-06-20 18:49:23,448 [GDDSG.py] => Optimal lambda: 100.0
2025-06-20 18:49:26,573 [GDDSG.py] => Optimal lambda: 100000000.0
2025-06-20 18:49:29,658 [GDDSG.py] => Optimal lambda: 10000000.0
2025-06-20 18:49:32,752 [GDDSG.py] => Optimal lambda: 1000000.0
2025-06-20 18:49:35,751 [GDDSG.py] => Optimal lambda: 1000000.0
2025-06-20 18:49:37,988 [GDDSG.py] => Optimal lambda: 1000.0
2025-06-20 18:49:38,847 [GDDSG.py] => 93,570,817 total parameters.
2025-06-20 18:49:38,848 [GDDSG.py] => 7,772,161 training parameters.
2025-06-20 18:50:12,019 [predictitid.py] => Best parameters: a=0.25642936739331545, b=0.6003916727390695, c=0.14317895986761509
2025-06-20 18:50:12,020 [predictitid.py] => Best accuracy: 0.9891958908962097
2025-06-20 18:50:20,720 [GDDSG.py] => Task 5, Backtest 0, Accuracy 0.90673828125, ID Accuracy 0.9068825910931174
2025-06-20 18:50:30,224 [GDDSG.py] => Task 5, Backtest 1, Accuracy 0.85986328125, ID Accuracy 0.8695652173913043
2025-06-20 18:50:39,608 [GDDSG.py] => Task 5, Backtest 2, Accuracy 0.908203125, ID Accuracy 0.926605504587156
2025-06-20 18:50:49,664 [GDDSG.py] => Task 5, Backtest 3, Accuracy 0.947265625, ID Accuracy 0.9433198380566802
2025-06-20 18:51:00,254 [GDDSG.py] => Task 5, Backtest 4, Accuracy 0.962890625, ID Accuracy 0.9442379182156134
2025-06-20 18:51:19,405 [GDDSG.py] => Task 5, Backtest 5, Accuracy 0.96044921875, ID Accuracy 0.9649122807017544
2025-06-20 18:51:19,406 [GDDSG.py] => Now Task 5, Average Accuracy 0.9242350260416666
2025-06-20 18:51:19,416 [GDDSG.py] => Starting CIL Task 7
2025-06-20 18:51:19,416 [GDDSG.py] => Learning on classes 120-139
2025-06-20 18:51:31,126 [GDDSG.py] => Class Groups: {0: [0, 1, 2, 3, 4, 5, 6, 7, 9, 10, 11, 12, 14, 15, 18, 19, 20, 21, 22, 23], 1: [8, 13, 16, 17, 24, 25, 26, 27, 28, 30, 31, 32, 36, 37, 38, 40, 41, 42, 43, 44], 2: [29, 33, 34, 35, 45, 47, 48, 50, 51, 52, 53, 55, 56, 57, 58, 59, 60, 61, 62, 63], 3: [39, 46, 49, 54, 65, 66, 67, 68, 70, 71, 72, 73, 74, 75, 77, 78, 79, 81, 82, 83], 4: [64, 69, 76, 80, 84, 86, 87, 88, 89, 90, 91, 93, 94, 95, 96, 97, 98, 100, 101, 102], 5: [85, 92, 99, 103, 104, 105, 106, 107, 108, 109, 110, 111, 112, 114, 115, 116, 119, 120, 121, 122], 6: [113, 117, 118, 123, 124, 125, 127, 128, 129, 130, 132, 134, 135], 7: [126, 131, 133, 136, 137, 139], 8: [138], 9: []}
2025-06-20 18:51:33,544 [GDDSG.py] => Optimal lambda: 100.0
2025-06-20 18:51:36,810 [GDDSG.py] => Optimal lambda: 100.0
2025-06-20 18:51:39,909 [GDDSG.py] => Optimal lambda: 100000000.0
2025-06-20 18:51:43,014 [GDDSG.py] => Optimal lambda: 10000000.0
2025-06-20 18:51:46,145 [GDDSG.py] => Optimal lambda: 10000000.0
2025-06-20 18:51:49,255 [GDDSG.py] => Optimal lambda: 1000000.0
2025-06-20 18:51:52,276 [GDDSG.py] => Optimal lambda: 1000000.0
2025-06-20 18:51:54,517 [GDDSG.py] => Optimal lambda: 1000.0
2025-06-20 18:51:56,878 [GDDSG.py] => Optimal lambda: 10000.0
2025-06-20 18:51:57,720 [GDDSG.py] => 93,586,177 total parameters.
2025-06-20 18:51:57,721 [GDDSG.py] => 7,787,521 training parameters.
2025-06-20 18:52:40,820 [predictitid.py] => Best parameters: a=0.1979787539071735, b=0.6279466052894415, c=0.17407464080338497
2025-06-20 18:52:40,820 [predictitid.py] => Best accuracy: 0.9854545454545455
2025-06-20 18:52:55,443 [GDDSG.py] => Task 6, Backtest 0, Accuracy 0.90673828125, ID Accuracy 0.902834008097166
2025-06-20 18:53:06,391 [GDDSG.py] => Task 6, Backtest 1, Accuracy 0.88427734375, ID Accuracy 0.8743961352657005
2025-06-20 18:53:17,240 [GDDSG.py] => Task 6, Backtest 2, Accuracy 0.908203125, ID Accuracy 0.926605504587156
2025-06-20 18:53:28,177 [GDDSG.py] => Task 6, Backtest 3, Accuracy 0.943359375, ID Accuracy 0.951417004048583
2025-06-20 18:53:40,027 [GDDSG.py] => Task 6, Backtest 4, Accuracy 0.95556640625, ID Accuracy 0.9479553903345725
2025-06-20 18:53:50,820 [GDDSG.py] => Task 6, Backtest 5, Accuracy 0.9560546875, ID Accuracy 0.9649122807017544
2025-06-20 18:54:10,927 [GDDSG.py] => Task 6, Backtest 6, Accuracy 0.83544921875, ID Accuracy 0.8311111111111111
2025-06-20 18:54:10,928 [GDDSG.py] => Now Task 6, Average Accuracy 0.9128069196428571
2025-06-20 18:54:10,939 [GDDSG.py] => Starting CIL Task 8
2025-06-20 18:54:10,939 [GDDSG.py] => Learning on classes 140-159
2025-06-20 18:54:22,502 [GDDSG.py] => Class Groups: {0: [0, 1, 2, 3, 4, 5, 6, 7, 9, 10, 11, 12, 14, 15, 18, 19, 20, 21, 22, 23], 1: [8, 13, 16, 17, 24, 25, 26, 27, 28, 30, 31, 32, 36, 37, 38, 40, 41, 42, 43, 44], 2: [29, 33, 34, 35, 45, 47, 48, 50, 51, 52, 53, 55, 56, 57, 58, 59, 60, 61, 62, 63], 3: [39, 46, 49, 54, 65, 66, 67, 68, 70, 71, 72, 73, 74, 75, 77, 78, 79, 81, 82, 83], 4: [64, 69, 76, 80, 84, 86, 87, 88, 89, 90, 91, 93, 94, 95, 96, 97, 98, 100, 101, 102], 5: [85, 92, 99, 103, 104, 105, 106, 107, 108, 109, 110, 111, 112, 114, 115, 116, 119, 120, 121, 122], 6: [113, 117, 118, 123, 124, 125, 127, 128, 129, 130, 132, 134, 135, 140, 141, 142, 144, 145, 146, 149], 7: [126, 131, 133, 136, 137, 139, 143, 150, 152, 153, 154, 157, 158], 8: [138, 147, 151, 156, 159], 9: [148], 10: [155], 11: []}
2025-06-20 18:54:24,934 [GDDSG.py] => Optimal lambda: 100.0
2025-06-20 18:54:28,213 [GDDSG.py] => Optimal lambda: 100.0
2025-06-20 18:54:31,360 [GDDSG.py] => Optimal lambda: 100000000.0
2025-06-20 18:54:34,461 [GDDSG.py] => Optimal lambda: 10000000.0
2025-06-20 18:54:37,570 [GDDSG.py] => Optimal lambda: 10000000.0
2025-06-20 18:54:40,763 [GDDSG.py] => Optimal lambda: 10000000.0
2025-06-20 18:54:43,862 [GDDSG.py] => Optimal lambda: 1000000.0
2025-06-20 18:54:46,907 [GDDSG.py] => Optimal lambda: 100000.0
2025-06-20 18:54:49,891 [GDDSG.py] => Optimal lambda: 100000.0
2025-06-20 18:54:52,098 [GDDSG.py] => Optimal lambda: 1000.0
2025-06-20 18:54:54,490 [GDDSG.py] => Optimal lambda: 1000.0
2025-06-20 18:54:55,425 [GDDSG.py] => 93,601,537 total parameters.
2025-06-20 18:54:55,426 [GDDSG.py] => 7,802,881 training parameters.
2025-06-20 18:55:44,128 [predictitid.py] => Best parameters: a=0.015879338821026545, b=0.7046439534506856, c=0.2794767077282878
2025-06-20 18:55:44,128 [predictitid.py] => Best accuracy: 0.9851063829787234
2025-06-20 18:55:53,624 [GDDSG.py] => Task 7, Backtest 0, Accuracy 0.90283203125, ID Accuracy 0.902834008097166
2025-06-20 18:56:03,500 [GDDSG.py] => Task 7, Backtest 1, Accuracy 0.85498046875, ID Accuracy 0.8695652173913043
2025-06-20 18:56:13,535 [GDDSG.py] => Task 7, Backtest 2, Accuracy 0.90380859375, ID Accuracy 0.944954128440367
2025-06-20 18:56:23,911 [GDDSG.py] => Task 7, Backtest 3, Accuracy 0.939453125, ID Accuracy 0.9473684210526315
2025-06-20 18:56:34,975 [GDDSG.py] => Task 7, Backtest 4, Accuracy 0.9443359375, ID Accuracy 0.9516728624535316
2025-06-20 18:56:45,501 [GDDSG.py] => Task 7, Backtest 5, Accuracy 0.95166015625, ID Accuracy 0.9605263157894737
2025-06-20 18:56:55,550 [GDDSG.py] => Task 7, Backtest 6, Accuracy 0.822265625, ID Accuracy 0.8222222222222222
2025-06-20 18:57:16,197 [GDDSG.py] => Task 7, Backtest 7, Accuracy 0.9638671875, ID Accuracy 0.956
2025-06-20 18:57:16,198 [GDDSG.py] => Now Task 7, Average Accuracy 0.910400390625
2025-06-20 18:57:16,212 [GDDSG.py] => Starting CIL Task 9
2025-06-20 18:57:16,213 [GDDSG.py] => Learning on classes 160-179
2025-06-20 18:57:28,298 [GDDSG.py] => Class Groups: {0: [0, 1, 2, 3, 4, 5, 6, 7, 9, 10, 11, 12, 14, 15, 18, 19, 20, 21, 22, 23], 1: [8, 13, 16, 17, 24, 25, 26, 27, 28, 30, 31, 32, 36, 37, 38, 40, 41, 42, 43, 44], 2: [29, 33, 34, 35, 45, 47, 48, 50, 51, 52, 53, 55, 56, 57, 58, 59, 60, 61, 62, 63], 3: [39, 46, 49, 54, 65, 66, 67, 68, 70, 71, 72, 73, 74, 75, 77, 78, 79, 81, 82, 83], 4: [64, 69, 76, 80, 84, 86, 87, 88, 89, 90, 91, 93, 94, 95, 96, 97, 98, 100, 101, 102], 5: [85, 92, 99, 103, 104, 105, 106, 107, 108, 109, 110, 111, 112, 114, 115, 116, 119, 120, 121, 122], 6: [113, 117, 118, 123, 124, 125, 127, 128, 129, 130, 132, 134, 135, 140, 141, 142, 144, 145, 146, 149], 7: [126, 131, 133, 136, 137, 139, 143, 150, 152, 153, 154, 157, 158, 160, 161, 162, 163, 164, 165, 166], 8: [138, 147, 151, 156, 159, 168, 169, 170, 173, 174, 175, 176, 178, 179], 9: [148, 167, 172], 10: [155], 11: [171], 12: [177], 13: []}
2025-06-20 18:57:30,722 [GDDSG.py] => Optimal lambda: 100.0
2025-06-20 18:57:34,012 [GDDSG.py] => Optimal lambda: 100.0
2025-06-20 18:57:37,110 [GDDSG.py] => Optimal lambda: 100000000.0
2025-06-20 18:57:40,227 [GDDSG.py] => Optimal lambda: 10000000.0
2025-06-20 18:57:43,362 [GDDSG.py] => Optimal lambda: 10000000.0
2025-06-20 18:57:46,460 [GDDSG.py] => Optimal lambda: 10000000.0
2025-06-20 18:57:49,537 [GDDSG.py] => Optimal lambda: 100.0
2025-06-20 18:57:52,611 [GDDSG.py] => Optimal lambda: 1000000.0
2025-06-20 18:57:55,662 [GDDSG.py] => Optimal lambda: 1000000.0
2025-06-20 18:57:58,663 [GDDSG.py] => Optimal lambda: 100.0
2025-06-20 18:58:04,555 [GDDSG.py] => Optimal lambda: 1000.0
2025-06-20 18:58:06,734 [GDDSG.py] => Optimal lambda: 10000.0
2025-06-20 18:58:09,110 [GDDSG.py] => Optimal lambda: 100.0
2025-06-20 18:58:09,965 [GDDSG.py] => 93,616,897 total parameters.
2025-06-20 18:58:09,966 [GDDSG.py] => 7,818,241 training parameters.
2025-06-20 18:59:05,492 [predictitid.py] => Best parameters: a=0.0009094508427123643, b=0.7473054599203192, c=0.2517850892369685
2025-06-20 18:59:05,492 [predictitid.py] => Best accuracy: 0.9850200518990327
2025-06-20 18:59:19,578 [GDDSG.py] => Task 8, Backtest 0, Accuracy 0.90283203125, ID Accuracy 0.902834008097166
2025-06-20 18:59:29,198 [GDDSG.py] => Task 8, Backtest 1, Accuracy 0.85498046875, ID Accuracy 0.8695652173913043
2025-06-20 18:59:39,083 [GDDSG.py] => Task 8, Backtest 2, Accuracy 0.89892578125, ID Accuracy 0.926605504587156
2025-06-20 18:59:49,635 [GDDSG.py] => Task 8, Backtest 3, Accuracy 0.93115234375, ID Accuracy 0.9392712550607287
2025-06-20 19:00:00,303 [GDDSG.py] => Task 8, Backtest 4, Accuracy 0.9443359375, ID Accuracy 0.9405204460966543
2025-06-20 19:00:10,588 [GDDSG.py] => Task 8, Backtest 5, Accuracy 0.95166015625, ID Accuracy 0.956140350877193
2025-06-20 19:00:20,532 [GDDSG.py] => Task 8, Backtest 6, Accuracy 0.83984375, ID Accuracy 0.84
2025-06-20 19:00:30,873 [GDDSG.py] => Task 8, Backtest 7, Accuracy 0.97607421875, ID Accuracy 0.968
2025-06-20 19:00:51,860 [GDDSG.py] => Task 8, Backtest 8, Accuracy 0.9619140625, ID Accuracy 0.9620253164556962
2025-06-20 19:00:51,861 [GDDSG.py] => Now Task 8, Average Accuracy 0.91796875
2025-06-20 19:00:51,876 [GDDSG.py] => Starting CIL Task 10
2025-06-20 19:00:51,877 [GDDSG.py] => Learning on classes 180-199
2025-06-20 19:01:03,518 [GDDSG.py] => Class Groups: {0: [0, 1, 2, 3, 4, 5, 6, 7, 9, 10, 11, 12, 14, 15, 18, 19, 20, 21, 22, 23], 1: [8, 13, 16, 17, 24, 25, 26, 27, 28, 30, 31, 32, 36, 37, 38, 40, 41, 42, 43, 44], 2: [29, 33, 34, 35, 45, 47, 48, 50, 51, 52, 53, 55, 56, 57, 58, 59, 60, 61, 62, 63], 3: [39, 46, 49, 54, 65, 66, 67, 68, 70, 71, 72, 73, 74, 75, 77, 78, 79, 81, 82, 83], 4: [64, 69, 76, 80, 84, 86, 87, 88, 89, 90, 91, 93, 94, 95, 96, 97, 98, 100, 101, 102], 5: [85, 92, 99, 103, 104, 105, 106, 107, 108, 109, 110, 111, 112, 114, 115, 116, 119, 120, 121, 122], 6: [113, 117, 118, 123, 124, 125, 127, 128, 129, 130, 132, 134, 135, 140, 141, 142, 144, 145, 146, 149], 7: [126, 131, 133, 136, 137, 139, 143, 150, 152, 153, 154, 157, 158, 160, 161, 162, 163, 164, 165, 166], 8: [138, 147, 151, 156, 159, 168, 169, 170, 173, 174, 175, 176, 178, 179, 181, 182, 183, 188, 191, 192], 9: [148, 167, 172, 180, 184, 185, 186, 187, 193, 194, 195, 196, 197, 198], 10: [155, 190, 199], 11: [171], 12: [177], 13: [189], 14: []}
2025-06-20 19:01:05,949 [GDDSG.py] => Optimal lambda: 100.0
2025-06-20 19:01:09,275 [GDDSG.py] => Optimal lambda: 100.0
2025-06-20 19:01:12,408 [GDDSG.py] => Optimal lambda: 100000000.0
2025-06-20 19:01:15,521 [GDDSG.py] => Optimal lambda: 10000000.0
2025-06-20 19:01:18,631 [GDDSG.py] => Optimal lambda: 10000000.0
2025-06-20 19:01:21,727 [GDDSG.py] => Optimal lambda: 10000000.0
2025-06-20 19:01:24,855 [GDDSG.py] => Optimal lambda: 100.0
2025-06-20 19:01:27,979 [GDDSG.py] => Optimal lambda: 100.0
2025-06-20 19:01:31,068 [GDDSG.py] => Optimal lambda: 1000000.0
2025-06-20 19:01:34,083 [GDDSG.py] => Optimal lambda: 1000000.0
2025-06-20 19:01:37,091 [GDDSG.py] => Optimal lambda: 100.0
2025-06-20 19:01:40,079 [GDDSG.py] => Optimal lambda: 1.0
2025-06-20 19:01:43,061 [GDDSG.py] => Optimal lambda: 1000.0
2025-06-20 19:01:45,275 [GDDSG.py] => Optimal lambda: 10.0
2025-06-20 19:01:46,160 [GDDSG.py] => 93,632,257 total parameters.
2025-06-20 19:01:46,161 [GDDSG.py] => 7,833,601 training parameters.
2025-06-20 19:02:49,196 [predictitid.py] => Best parameters: a=0.2730069383126642, b=0.5814333129566824, c=0.14555974873065336
2025-06-20 19:02:49,196 [predictitid.py] => Best accuracy: 0.9853658536585366
2025-06-20 19:03:03,498 [GDDSG.py] => Task 9, Backtest 0, Accuracy 0.8937109375, ID Accuracy 0.902834008097166
2025-06-20 19:03:13,684 [GDDSG.py] => Task 9, Backtest 1, Accuracy 0.8074072265625, ID Accuracy 0.8647342995169082
2025-06-20 19:03:23,764 [GDDSG.py] => Task 9, Backtest 2, Accuracy 0.85611328125, ID Accuracy 0.9220183486238532
2025-06-20 19:03:34,296 [GDDSG.py] => Task 9, Backtest 3, Accuracy 0.877353515625, ID Accuracy 0.9433198380566802
2025-06-20 19:03:45,238 [GDDSG.py] => Task 9, Backtest 4, Accuracy 0.92837890625, ID Accuracy 0.9405204460966543
2025-06-20 19:03:55,595 [GDDSG.py] => Task 9, Backtest 5, Accuracy 0.954013671875, ID Accuracy 0.956140350877193
2025-06-20 19:04:05,762 [GDDSG.py] => Task 9, Backtest 6, Accuracy 0.8878515625, ID Accuracy 0.84
2025-06-20 19:04:16,133 [GDDSG.py] => Task 9, Backtest 7, Accuracy 0.910068359375, ID Accuracy 0.96
2025-06-20 19:04:26,633 [GDDSG.py] => Task 9, Backtest 8, Accuracy 0.931796875, ID Accuracy 0.9620253164556962
2025-06-20 19:04:46,483 [GDDSG.py] => Task 9, Backtest 9, Accuracy 0.842197265625, ID Accuracy 0.9173913043478261
2025-06-20 19:04:46,484 [GDDSG.py] => Now Task 9, Average Accuracy 0.88888916015625
2025-06-20 19:04:46,508 [trainer.py] => Loss history saved to logs/ncm/cub/0/20/ _1993_pretrained_vit_b16_224_in21k_loss_history.csv
2025-06-20 19:04:46,508 [trainer.py] => Total training time: 1312.94 seconds
2025-06-20 19:04:46,508 [trainer.py] => Finishing run
2025-06-20 19:04:46,509 [trainer.py] => 
