2025-06-20 23:10:59,675 [trainer.py] => Starting new run
2025-06-20 23:10:59,677 [trainer.py] => ID: 0
2025-06-20 23:10:59,677 [trainer.py] => dataset: cub
2025-06-20 23:10:59,677 [trainer.py] => shuffle: True
2025-06-20 23:10:59,677 [trainer.py] => init_cls: 20
2025-06-20 23:10:59,677 [trainer.py] => increment: 20
2025-06-20 23:10:59,677 [trainer.py] => k: 20
2025-06-20 23:10:59,677 [trainer.py] => model_name: ncm
2025-06-20 23:10:59,677 [trainer.py] => convnet_type: pretrained_vit_b16_224_in21k
2025-06-20 23:10:59,677 [trainer.py] => device: [0]
2025-06-20 23:10:59,677 [trainer.py] => seed: 2024
2025-06-20 23:10:59,677 [trainer.py] => batch_size: 128
2025-06-20 23:10:59,677 [trainer.py] => tuned_epoch: 0
2025-06-20 23:10:59,677 [trainer.py] => body_lr: 0
2025-06-20 23:10:59,677 [trainer.py] => head_lr: 0
2025-06-20 23:10:59,678 [trainer.py] => weight_decay: 0.0005
2025-06-20 23:10:59,678 [trainer.py] => min_lr: 0
2025-06-20 23:10:59,678 [trainer.py] => use_RP: True
2025-06-20 23:10:59,678 [trainer.py] => M: 10000
2025-06-20 23:10:59,678 [trainer.py] => use_input_norm: False
2025-06-20 23:10:59,678 [trainer.py] => do_not_save: False
2025-06-20 23:10:59,879 [GDDSG.py] => 85,798,656 total parameters.
2025-06-20 23:10:59,880 [GDDSG.py] => 85,798,656 training parameters.
2025-06-20 23:11:00,122 [data_manager.py] => Class Order: [178,21,193,147,98,68,101,81,192,30,1,164,37,161,46,88,113,76,40,33,188,15,38,108,0,140,112,195,19,80,162,49,167,77,130,79,44,125,34,70,175,53,100,26,145,24,134,169,82,17,55,184,85,154,56,78,25,142,109,159,186,72,124,4,194,123,52,5,14,116,176,35,151,131,138,155,115,10,23,189,121,16,120,12,172,92,71,6,160,75,32,106,180,9,99,83,149,89,133,51,144,166,153,84,47,187,173,67,3,58,117,170,137,93,104,105,20,87,118,2,13,59,62,122,179,191,181,50,7,64,152,129,8,65,107,45,143,146,29,156,103,63,182,48,139,174,22,43,197,198,141,94,135,90,171,18,199,126,148,163,168,57,132,177,61,157,69,119,86,196,150,97,31,42,102,73,114,54,39,91,28,11,185,95,110,111,158,165,66,74,60,127,41,183,190,36,27,128,96,136]
2025-06-20 23:11:00,153 [trainer.py] => Pre-trained network parameters: 85798656
2025-06-20 23:11:00,153 [GDDSG.py] => Starting CIL Task 1
2025-06-20 23:11:00,153 [GDDSG.py] => Learning on classes 0-19
2025-06-20 23:11:08,698 [GDDSG.py] => Class Groups: {0: [0, 1, 2, 3, 4, 5, 6, 7, 8, 9, 10, 14, 15, 16, 17, 18, 19], 1: [11, 12, 13], 2: []}
2025-06-20 23:11:10,349 [GDDSG.py] => Optimal lambda: 1000000.0
2025-06-20 23:11:12,989 [GDDSG.py] => Optimal lambda: 100.0
2025-06-20 23:11:13,830 [GDDSG.py] => 93,678,657 total parameters.
2025-06-20 23:11:13,831 [GDDSG.py] => 7,880,001 training parameters.
2025-06-20 23:11:18,276 [predictitid.py] => Best parameters: a=0.5465610466094882, b=0.30157287622966455, c=0.1518660771608472
2025-06-20 23:11:18,276 [predictitid.py] => Best accuracy: 0.9947970863683663
2025-06-20 23:11:36,705 [GDDSG.py] => Task 0, Backtest 0, Accuracy 0.96142578125, ID Accuracy 0.9785407725321889
2025-06-20 23:11:36,705 [GDDSG.py] => Now Task 0, Average Accuracy 0.96142578125
2025-06-20 23:11:36,710 [GDDSG.py] => Starting CIL Task 2
2025-06-20 23:11:36,710 [GDDSG.py] => Learning on classes 20-39
2025-06-20 23:11:48,113 [GDDSG.py] => Class Groups: {0: [0, 1, 2, 3, 4, 5, 6, 7, 8, 9, 10, 14, 15, 16, 17, 18, 19, 20, 21, 23], 1: [11, 12, 13, 24, 25, 26, 27, 28, 29, 31, 33, 36, 37, 38, 39], 2: [22, 30, 32, 34, 35], 3: []}
2025-06-20 23:11:50,492 [GDDSG.py] => Optimal lambda: 10000.0
2025-06-20 23:11:53,586 [GDDSG.py] => Optimal lambda: 1000000.0
2025-06-20 23:11:55,831 [GDDSG.py] => Optimal lambda: 100.0
2025-06-20 23:11:56,692 [GDDSG.py] => 93,509,377 total parameters.
2025-06-20 23:11:56,692 [GDDSG.py] => 7,710,721 training parameters.
2025-06-20 23:12:06,850 [predictitid.py] => Best parameters: a=0.5613526914789267, b=0.12480090752780126, c=0.313846400993272
2025-06-20 23:12:06,850 [predictitid.py] => Best accuracy: 0.9937434827945777
2025-06-20 23:12:14,956 [GDDSG.py] => Task 1, Backtest 0, Accuracy 0.95263671875, ID Accuracy 0.9656652360515021
2025-06-20 23:12:33,979 [GDDSG.py] => Task 1, Backtest 1, Accuracy 0.92822265625, ID Accuracy 0.9282511210762332
2025-06-20 23:12:33,979 [GDDSG.py] => Now Task 1, Average Accuracy 0.9404296875
2025-06-20 23:12:33,985 [GDDSG.py] => Starting CIL Task 3
2025-06-20 23:12:33,985 [GDDSG.py] => Learning on classes 40-59
2025-06-20 23:12:45,417 [GDDSG.py] => Class Groups: {0: [0, 1, 2, 3, 4, 5, 6, 7, 8, 9, 10, 14, 15, 16, 17, 18, 19, 20, 21, 23], 1: [11, 12, 13, 24, 25, 26, 27, 28, 29, 31, 33, 36, 37, 38, 39, 41, 42, 43, 45, 46], 2: [22, 30, 32, 34, 35, 44, 48, 49, 50, 51, 52, 53, 54, 56, 58, 59], 3: [40, 47, 55, 57], 4: []}
2025-06-20 23:12:47,863 [GDDSG.py] => Optimal lambda: 1000000.0
2025-06-20 23:12:51,048 [GDDSG.py] => Optimal lambda: 1000000.0
2025-06-20 23:12:53,979 [GDDSG.py] => Optimal lambda: 1000000.0
2025-06-20 23:12:56,243 [GDDSG.py] => Optimal lambda: 1000.0
2025-06-20 23:12:57,114 [GDDSG.py] => 93,524,737 total parameters.
2025-06-20 23:12:57,115 [GDDSG.py] => 7,726,081 training parameters.
2025-06-20 23:13:12,824 [predictitid.py] => Best parameters: a=0.3630668308709059, b=0.47966736807315313, c=0.1572658010559409
2025-06-20 23:13:12,824 [predictitid.py] => Best accuracy: 0.9904862579281184
2025-06-20 23:13:21,180 [GDDSG.py] => Task 2, Backtest 0, Accuracy 0.95703125, ID Accuracy 0.9656652360515021
2025-06-20 23:13:31,044 [GDDSG.py] => Task 2, Backtest 1, Accuracy 0.94189453125, ID Accuracy 0.9461883408071748
2025-06-20 23:13:51,697 [GDDSG.py] => Task 2, Backtest 2, Accuracy 0.94873046875, ID Accuracy 0.9407114624505929
2025-06-20 23:13:51,698 [GDDSG.py] => Now Task 2, Average Accuracy 0.94921875
2025-06-20 23:13:51,707 [GDDSG.py] => Starting CIL Task 4
2025-06-20 23:13:51,707 [GDDSG.py] => Learning on classes 60-79
2025-06-20 23:14:02,947 [GDDSG.py] => Class Groups: {0: [0, 1, 2, 3, 4, 5, 6, 7, 8, 9, 10, 14, 15, 16, 17, 18, 19, 20, 21, 23], 1: [11, 12, 13, 24, 25, 26, 27, 28, 29, 31, 33, 36, 37, 38, 39, 41, 42, 43, 45, 46], 2: [22, 30, 32, 34, 35, 44, 48, 49, 50, 51, 52, 53, 54, 56, 58, 59, 60, 61, 63, 64], 3: [40, 47, 55, 57, 62, 66, 67, 68, 71, 72, 73, 74, 77, 78, 79], 4: [65, 70, 75, 76], 5: [69], 6: []}
2025-06-20 23:14:05,394 [GDDSG.py] => Optimal lambda: 1000000.0
2025-06-20 23:14:08,736 [GDDSG.py] => Optimal lambda: 1000.0
2025-06-20 23:14:11,863 [GDDSG.py] => Optimal lambda: 1000000.0
2025-06-20 23:14:14,882 [GDDSG.py] => Optimal lambda: 100000.0
2025-06-20 23:14:17,121 [GDDSG.py] => Optimal lambda: 100000.0
2025-06-20 23:14:19,490 [GDDSG.py] => Optimal lambda: 10.0
2025-06-20 23:14:20,360 [GDDSG.py] => 93,540,097 total parameters.
2025-06-20 23:14:20,361 [GDDSG.py] => 7,741,441 training parameters.
2025-06-20 23:14:42,865 [predictitid.py] => Best parameters: a=0.11200742110118234, b=0.45520663409963014, c=0.4327859447991875
2025-06-20 23:14:42,865 [predictitid.py] => Best accuracy: 0.9888386925325539
2025-06-20 23:14:51,523 [GDDSG.py] => Task 3, Backtest 0, Accuracy 0.93994140625, ID Accuracy 0.9613733905579399
2025-06-20 23:15:01,263 [GDDSG.py] => Task 3, Backtest 1, Accuracy 0.94189453125, ID Accuracy 0.9372197309417041
2025-06-20 23:15:11,463 [GDDSG.py] => Task 3, Backtest 2, Accuracy 0.9130859375, ID Accuracy 0.9051383399209486
2025-06-20 23:15:30,185 [GDDSG.py] => Task 3, Backtest 3, Accuracy 0.87451171875, ID Accuracy 0.8697674418604651
2025-06-20 23:15:30,185 [GDDSG.py] => Now Task 3, Average Accuracy 0.9173583984375
2025-06-20 23:15:30,194 [GDDSG.py] => Starting CIL Task 5
2025-06-20 23:15:30,194 [GDDSG.py] => Learning on classes 80-99
2025-06-20 23:15:41,326 [GDDSG.py] => Class Groups: {0: [0, 1, 2, 3, 4, 5, 6, 7, 8, 9, 10, 14, 15, 16, 17, 18, 19, 20, 21, 23], 1: [11, 12, 13, 24, 25, 26, 27, 28, 29, 31, 33, 36, 37, 38, 39, 41, 42, 43, 45, 46], 2: [22, 30, 32, 34, 35, 44, 48, 49, 50, 51, 52, 53, 54, 56, 58, 59, 60, 61, 63, 64], 3: [40, 47, 55, 57, 62, 66, 67, 68, 71, 72, 73, 74, 77, 78, 79, 81, 82, 83, 85, 86], 4: [65, 70, 75, 76, 84, 87, 89, 90, 91, 93, 94, 95, 96, 97, 98, 99], 5: [69, 88, 92], 6: [80], 7: []}
2025-06-20 23:15:43,736 [GDDSG.py] => Optimal lambda: 1000000.0
2025-06-20 23:15:47,113 [GDDSG.py] => Optimal lambda: 1000.0
2025-06-20 23:15:50,252 [GDDSG.py] => Optimal lambda: 100000000.0
2025-06-20 23:15:53,422 [GDDSG.py] => Optimal lambda: 1000000.0
2025-06-20 23:15:56,526 [GDDSG.py] => Optimal lambda: 1000000.0
2025-06-20 23:15:59,555 [GDDSG.py] => Optimal lambda: 10000.0
2025-06-20 23:16:01,784 [GDDSG.py] => Optimal lambda: 100.0
2025-06-20 23:16:02,668 [GDDSG.py] => 93,555,457 total parameters.
2025-06-20 23:16:02,669 [GDDSG.py] => 7,756,801 training parameters.
2025-06-20 23:16:29,790 [predictitid.py] => Best parameters: a=0.28967744233919046, b=0.7035192108323745, c=0.006803346828435086
2025-06-20 23:16:29,790 [predictitid.py] => Best accuracy: 0.9891489361702127
2025-06-20 23:16:38,420 [GDDSG.py] => Task 4, Backtest 0, Accuracy 0.95703125, ID Accuracy 0.9613733905579399
2025-06-20 23:16:48,049 [GDDSG.py] => Task 4, Backtest 1, Accuracy 0.95068359375, ID Accuracy 0.9461883408071748
2025-06-20 23:16:58,277 [GDDSG.py] => Task 4, Backtest 2, Accuracy 0.9091796875, ID Accuracy 0.9051383399209486
2025-06-20 23:17:07,970 [GDDSG.py] => Task 4, Backtest 3, Accuracy 0.89306640625, ID Accuracy 0.8976744186046511
2025-06-20 23:17:28,221 [GDDSG.py] => Task 4, Backtest 4, Accuracy 0.9794921875, ID Accuracy 0.9670781893004116
2025-06-20 23:17:28,222 [GDDSG.py] => Now Task 4, Average Accuracy 0.937890625
2025-06-20 23:17:28,231 [GDDSG.py] => Starting CIL Task 6
2025-06-20 23:17:28,231 [GDDSG.py] => Learning on classes 100-119
2025-06-20 23:17:39,267 [GDDSG.py] => Class Groups: {0: [0, 1, 2, 3, 4, 5, 6, 7, 8, 9, 10, 14, 15, 16, 17, 18, 19, 20, 21, 23], 1: [11, 12, 13, 24, 25, 26, 27, 28, 29, 31, 33, 36, 37, 38, 39, 41, 42, 43, 45, 46], 2: [22, 30, 32, 34, 35, 44, 48, 49, 50, 51, 52, 53, 54, 56, 58, 59, 60, 61, 63, 64], 3: [40, 47, 55, 57, 62, 66, 67, 68, 71, 72, 73, 74, 77, 78, 79, 81, 82, 83, 85, 86], 4: [65, 70, 75, 76, 84, 87, 89, 90, 91, 93, 94, 95, 96, 97, 98, 99, 100, 102, 103, 104], 5: [69, 88, 92, 105, 106, 107, 108, 109, 110, 112, 113, 114, 115, 116, 117, 119], 6: [80, 101, 111], 7: [118], 8: []}
2025-06-20 23:17:41,683 [GDDSG.py] => Optimal lambda: 1000000.0
2025-06-20 23:17:45,007 [GDDSG.py] => Optimal lambda: 1000.0
2025-06-20 23:17:48,127 [GDDSG.py] => Optimal lambda: 100000000.0
2025-06-20 23:17:51,280 [GDDSG.py] => Optimal lambda: 1000.0
2025-06-20 23:17:54,442 [GDDSG.py] => Optimal lambda: 1000000.0
2025-06-20 23:17:57,506 [GDDSG.py] => Optimal lambda: 1000000.0
2025-06-20 23:18:00,557 [GDDSG.py] => Optimal lambda: 10000.0
2025-06-20 23:18:02,787 [GDDSG.py] => Optimal lambda: 10000.0
2025-06-20 23:18:03,669 [GDDSG.py] => 93,570,817 total parameters.
2025-06-20 23:18:03,670 [GDDSG.py] => 7,772,161 training parameters.
2025-06-20 23:18:36,237 [predictitid.py] => Best parameters: a=0.06456671526798025, b=0.7278018496638361, c=0.2076314350681836
2025-06-20 23:18:36,237 [predictitid.py] => Best accuracy: 0.9879132598649129
2025-06-20 23:18:45,006 [GDDSG.py] => Task 5, Backtest 0, Accuracy 0.93994140625, ID Accuracy 0.9570815450643777
2025-06-20 23:18:54,769 [GDDSG.py] => Task 5, Backtest 1, Accuracy 0.9326171875, ID Accuracy 0.9327354260089686
2025-06-20 23:19:05,008 [GDDSG.py] => Task 5, Backtest 2, Accuracy 0.89306640625, ID Accuracy 0.9169960474308301
2025-06-20 23:19:14,730 [GDDSG.py] => Task 5, Backtest 3, Accuracy 0.88818359375, ID Accuracy 0.8976744186046511
2025-06-20 23:19:24,776 [GDDSG.py] => Task 5, Backtest 4, Accuracy 0.97119140625, ID Accuracy 0.9670781893004116
2025-06-20 23:19:44,742 [GDDSG.py] => Task 5, Backtest 5, Accuracy 0.9501953125, ID Accuracy 0.9461538461538461
2025-06-20 23:19:44,743 [GDDSG.py] => Now Task 5, Average Accuracy 0.92919921875
2025-06-20 23:19:44,754 [GDDSG.py] => Starting CIL Task 7
2025-06-20 23:19:44,754 [GDDSG.py] => Learning on classes 120-139
2025-06-20 23:19:56,306 [GDDSG.py] => Class Groups: {0: [0, 1, 2, 3, 4, 5, 6, 7, 8, 9, 10, 14, 15, 16, 17, 18, 19, 20, 21, 23], 1: [11, 12, 13, 24, 25, 26, 27, 28, 29, 31, 33, 36, 37, 38, 39, 41, 42, 43, 45, 46], 2: [22, 30, 32, 34, 35, 44, 48, 49, 50, 51, 52, 53, 54, 56, 58, 59, 60, 61, 63, 64], 3: [40, 47, 55, 57, 62, 66, 67, 68, 71, 72, 73, 74, 77, 78, 79, 81, 82, 83, 85, 86], 4: [65, 70, 75, 76, 84, 87, 89, 90, 91, 93, 94, 95, 96, 97, 98, 99, 100, 102, 103, 104], 5: [69, 88, 92, 105, 106, 107, 108, 109, 110, 112, 113, 114, 115, 116, 117, 119, 120, 122, 124, 127], 6: [80, 101, 111, 121, 125, 128, 130, 132, 134, 135, 136], 7: [118, 126, 129, 137, 138, 139], 8: [123, 131, 133], 9: []}
2025-06-20 23:19:58,714 [GDDSG.py] => Optimal lambda: 1000000.0
2025-06-20 23:20:02,036 [GDDSG.py] => Optimal lambda: 1000.0
2025-06-20 23:20:05,234 [GDDSG.py] => Optimal lambda: 100000000.0
2025-06-20 23:20:08,389 [GDDSG.py] => Optimal lambda: 1000.0
2025-06-20 23:20:11,563 [GDDSG.py] => Optimal lambda: 100000000.0
2025-06-20 23:20:14,704 [GDDSG.py] => Optimal lambda: 1000000.0
2025-06-20 23:20:17,784 [GDDSG.py] => Optimal lambda: 100.0
2025-06-20 23:20:20,831 [GDDSG.py] => Optimal lambda: 1000.0
2025-06-20 23:20:23,070 [GDDSG.py] => Optimal lambda: 100.0
2025-06-20 23:20:23,950 [GDDSG.py] => 93,586,177 total parameters.
2025-06-20 23:20:23,951 [GDDSG.py] => 7,787,521 training parameters.
2025-06-20 23:21:03,648 [predictitid.py] => Best parameters: a=0.02126325923051548, b=0.742241598879303, c=0.2364951418901815
2025-06-20 23:21:03,648 [predictitid.py] => Best accuracy: 0.9861786148238153
2025-06-20 23:21:12,418 [GDDSG.py] => Task 6, Backtest 0, Accuracy 0.94873046875, ID Accuracy 0.9527896995708155
2025-06-20 23:21:22,250 [GDDSG.py] => Task 6, Backtest 1, Accuracy 0.94189453125, ID Accuracy 0.9372197309417041
2025-06-20 23:21:32,512 [GDDSG.py] => Task 6, Backtest 2, Accuracy 0.9091796875, ID Accuracy 0.9130434782608695
2025-06-20 23:21:42,283 [GDDSG.py] => Task 6, Backtest 3, Accuracy 0.8974609375, ID Accuracy 0.8976744186046511
2025-06-20 23:21:52,293 [GDDSG.py] => Task 6, Backtest 4, Accuracy 0.958984375, ID Accuracy 0.9670781893004116
2025-06-20 23:22:02,972 [GDDSG.py] => Task 6, Backtest 5, Accuracy 0.95361328125, ID Accuracy 0.95
2025-06-20 23:22:22,137 [GDDSG.py] => Task 6, Backtest 6, Accuracy 0.875, ID Accuracy 0.8611111111111112
2025-06-20 23:22:22,138 [GDDSG.py] => Now Task 6, Average Accuracy 0.9264090401785714
2025-06-20 23:22:22,149 [GDDSG.py] => Starting CIL Task 8
2025-06-20 23:22:22,149 [GDDSG.py] => Learning on classes 140-159
2025-06-20 23:22:33,540 [GDDSG.py] => Class Groups: {0: [0, 1, 2, 3, 4, 5, 6, 7, 8, 9, 10, 14, 15, 16, 17, 18, 19, 20, 21, 23], 1: [11, 12, 13, 24, 25, 26, 27, 28, 29, 31, 33, 36, 37, 38, 39, 41, 42, 43, 45, 46], 2: [22, 30, 32, 34, 35, 44, 48, 49, 50, 51, 52, 53, 54, 56, 58, 59, 60, 61, 63, 64], 3: [40, 47, 55, 57, 62, 66, 67, 68, 71, 72, 73, 74, 77, 78, 79, 81, 82, 83, 85, 86], 4: [65, 70, 75, 76, 84, 87, 89, 90, 91, 93, 94, 95, 96, 97, 98, 99, 100, 102, 103, 104], 5: [69, 88, 92, 105, 106, 107, 108, 109, 110, 112, 113, 114, 115, 116, 117, 119, 120, 122, 124, 127], 6: [80, 101, 111, 121, 125, 128, 130, 132, 134, 135, 136, 140, 142, 144, 146, 147, 148, 149, 151, 152], 7: [118, 126, 129, 137, 138, 139, 143, 153, 154, 155, 156, 157, 158, 159], 8: [123, 131, 133, 145, 150], 9: [141], 10: []}
2025-06-20 23:22:35,948 [GDDSG.py] => Optimal lambda: 1000000.0
2025-06-20 23:22:39,297 [GDDSG.py] => Optimal lambda: 1000.0
2025-06-20 23:22:42,469 [GDDSG.py] => Optimal lambda: 100000000.0
2025-06-20 23:22:45,636 [GDDSG.py] => Optimal lambda: 1000.0
2025-06-20 23:22:48,778 [GDDSG.py] => Optimal lambda: 100000000.0
2025-06-20 23:22:51,953 [GDDSG.py] => Optimal lambda: 100000000.0
2025-06-20 23:22:55,064 [GDDSG.py] => Optimal lambda: 1000000.0
2025-06-20 23:22:58,123 [GDDSG.py] => Optimal lambda: 1000000.0
2025-06-20 23:23:01,124 [GDDSG.py] => Optimal lambda: 1000000.0
2025-06-20 23:23:03,315 [GDDSG.py] => Optimal lambda: 1000.0
2025-06-20 23:23:04,189 [GDDSG.py] => 93,601,537 total parameters.
2025-06-20 23:23:04,190 [GDDSG.py] => 7,802,881 training parameters.
2025-06-20 23:23:49,704 [predictitid.py] => Best parameters: a=0.0006914937013139512, b=0.7868352202812353, c=0.21247328601745075
2025-06-20 23:23:49,704 [predictitid.py] => Best accuracy: 0.9855495161076495
2025-06-20 23:23:58,610 [GDDSG.py] => Task 7, Backtest 0, Accuracy 0.95263671875, ID Accuracy 0.9527896995708155
2025-06-20 23:24:08,422 [GDDSG.py] => Task 7, Backtest 1, Accuracy 0.9326171875, ID Accuracy 0.9327354260089686
2025-06-20 23:24:18,776 [GDDSG.py] => Task 7, Backtest 2, Accuracy 0.9091796875, ID Accuracy 0.9051383399209486
2025-06-20 23:24:28,500 [GDDSG.py] => Task 7, Backtest 3, Accuracy 0.88818359375, ID Accuracy 0.8837209302325582
2025-06-20 23:24:38,570 [GDDSG.py] => Task 7, Backtest 4, Accuracy 0.921875, ID Accuracy 0.9629629629629629
2025-06-20 23:24:48,884 [GDDSG.py] => Task 7, Backtest 5, Accuracy 0.9267578125, ID Accuracy 0.9423076923076923
2025-06-20 23:24:58,573 [GDDSG.py] => Task 7, Backtest 6, Accuracy 0.85205078125, ID Accuracy 0.8472222222222222
2025-06-20 23:25:18,129 [GDDSG.py] => Task 7, Backtest 7, Accuracy 0.96630859375, ID Accuracy 0.9495798319327731
2025-06-20 23:25:18,130 [GDDSG.py] => Now Task 7, Average Accuracy 0.918701171875
2025-06-20 23:25:18,143 [GDDSG.py] => Starting CIL Task 9
2025-06-20 23:25:18,144 [GDDSG.py] => Learning on classes 160-179
2025-06-20 23:25:29,761 [GDDSG.py] => Class Groups: {0: [0, 1, 2, 3, 4, 5, 6, 7, 8, 9, 10, 14, 15, 16, 17, 18, 19, 20, 21, 23], 1: [11, 12, 13, 24, 25, 26, 27, 28, 29, 31, 33, 36, 37, 38, 39, 41, 42, 43, 45, 46], 2: [22, 30, 32, 34, 35, 44, 48, 49, 50, 51, 52, 53, 54, 56, 58, 59, 60, 61, 63, 64], 3: [40, 47, 55, 57, 62, 66, 67, 68, 71, 72, 73, 74, 77, 78, 79, 81, 82, 83, 85, 86], 4: [65, 70, 75, 76, 84, 87, 89, 90, 91, 93, 94, 95, 96, 97, 98, 99, 100, 102, 103, 104], 5: [69, 88, 92, 105, 106, 107, 108, 109, 110, 112, 113, 114, 115, 116, 117, 119, 120, 122, 124, 127], 6: [80, 101, 111, 121, 125, 128, 130, 132, 134, 135, 136, 140, 142, 144, 146, 147, 148, 149, 151, 152], 7: [118, 126, 129, 137, 138, 139, 143, 153, 154, 155, 156, 157, 158, 159, 161, 162, 163, 165, 166, 168], 8: [123, 131, 133, 145, 150, 167, 169, 170, 171, 172, 173, 175, 177, 179], 9: [141, 160, 174, 176], 10: [164, 178], 11: []}
2025-06-20 23:25:32,190 [GDDSG.py] => Optimal lambda: 1000000.0
2025-06-20 23:25:35,509 [GDDSG.py] => Optimal lambda: 1000.0
2025-06-20 23:25:38,660 [GDDSG.py] => Optimal lambda: 100000000.0
2025-06-20 23:25:41,840 [GDDSG.py] => Optimal lambda: 1000.0
2025-06-20 23:25:45,001 [GDDSG.py] => Optimal lambda: 100000000.0
2025-06-20 23:25:48,170 [GDDSG.py] => Optimal lambda: 100000000.0
2025-06-20 23:25:51,327 [GDDSG.py] => Optimal lambda: 1000.0
2025-06-20 23:25:54,466 [GDDSG.py] => Optimal lambda: 1000000.0
2025-06-20 23:25:57,568 [GDDSG.py] => Optimal lambda: 1000000.0
2025-06-20 23:26:00,601 [GDDSG.py] => Optimal lambda: 1000.0
2025-06-20 23:26:02,828 [GDDSG.py] => Optimal lambda: 10000.0
2025-06-20 23:26:03,664 [GDDSG.py] => 93,616,897 total parameters.
2025-06-20 23:26:03,665 [GDDSG.py] => 7,818,241 training parameters.
2025-06-20 23:26:58,549 [predictitid.py] => Best parameters: a=0.003301612562883416, b=0.7459099114833723, c=0.2507884759537443
2025-06-20 23:26:58,549 [predictitid.py] => Best accuracy: 0.985243772872152
2025-06-20 23:27:07,622 [GDDSG.py] => Task 8, Backtest 0, Accuracy 0.9443359375, ID Accuracy 0.944206008583691
2025-06-20 23:27:17,447 [GDDSG.py] => Task 8, Backtest 1, Accuracy 0.93701171875, ID Accuracy 0.9327354260089686
2025-06-20 23:27:27,765 [GDDSG.py] => Task 8, Backtest 2, Accuracy 0.9130859375, ID Accuracy 0.9090909090909091
2025-06-20 23:27:37,386 [GDDSG.py] => Task 8, Backtest 3, Accuracy 0.8974609375, ID Accuracy 0.8930232558139535
2025-06-20 23:27:47,519 [GDDSG.py] => Task 8, Backtest 4, Accuracy 0.921875, ID Accuracy 0.9588477366255144
2025-06-20 23:27:58,005 [GDDSG.py] => Task 8, Backtest 5, Accuracy 0.9306640625, ID Accuracy 0.9461538461538461
2025-06-20 23:28:07,753 [GDDSG.py] => Task 8, Backtest 6, Accuracy 0.88427734375, ID Accuracy 0.8703703703703703
2025-06-20 23:28:17,682 [GDDSG.py] => Task 8, Backtest 7, Accuracy 0.96240234375, ID Accuracy 0.957983193277311
2025-06-20 23:28:29,335 [GDDSG.py] => Task 8, Backtest 8, Accuracy 0.95166015625, ID Accuracy 0.9230769230769231
2025-06-20 23:28:29,336 [GDDSG.py] => Now Task 8, Average Accuracy 0.9269748263888888
2025-06-20 23:28:29,349 [GDDSG.py] => Starting CIL Task 10
2025-06-20 23:28:29,350 [GDDSG.py] => Learning on classes 180-199
2025-06-20 23:28:40,724 [GDDSG.py] => Class Groups: {0: [0, 1, 2, 3, 4, 5, 6, 7, 8, 9, 10, 14, 15, 16, 17, 18, 19, 20, 21, 23], 1: [11, 12, 13, 24, 25, 26, 27, 28, 29, 31, 33, 36, 37, 38, 39, 41, 42, 43, 45, 46], 2: [22, 30, 32, 34, 35, 44, 48, 49, 50, 51, 52, 53, 54, 56, 58, 59, 60, 61, 63, 64], 3: [40, 47, 55, 57, 62, 66, 67, 68, 71, 72, 73, 74, 77, 78, 79, 81, 82, 83, 85, 86], 4: [65, 70, 75, 76, 84, 87, 89, 90, 91, 93, 94, 95, 96, 97, 98, 99, 100, 102, 103, 104], 5: [69, 88, 92, 105, 106, 107, 108, 109, 110, 112, 113, 114, 115, 116, 117, 119, 120, 122, 124, 127], 6: [80, 101, 111, 121, 125, 128, 130, 132, 134, 135, 136, 140, 142, 144, 146, 147, 148, 149, 151, 152], 7: [118, 126, 129, 137, 138, 139, 143, 153, 154, 155, 156, 157, 158, 159, 161, 162, 163, 165, 166, 168], 8: [123, 131, 133, 145, 150, 167, 169, 170, 171, 172, 173, 175, 177, 179, 180, 181, 182, 184, 186, 187], 9: [141, 160, 174, 176, 183, 185, 188, 189, 192, 193, 194, 196, 197, 198, 199], 10: [164, 178, 191], 11: [190, 195], 12: []}
2025-06-20 23:28:43,145 [GDDSG.py] => Optimal lambda: 1000000.0
2025-06-20 23:28:46,477 [GDDSG.py] => Optimal lambda: 1000.0
2025-06-20 23:28:49,575 [GDDSG.py] => Optimal lambda: 100000000.0
2025-06-20 23:28:52,689 [GDDSG.py] => Optimal lambda: 1000.0
2025-06-20 23:28:55,859 [GDDSG.py] => Optimal lambda: 100000000.0
2025-06-20 23:28:59,049 [GDDSG.py] => Optimal lambda: 100000000.0
2025-06-20 23:29:02,251 [GDDSG.py] => Optimal lambda: 1000.0
2025-06-20 23:29:05,443 [GDDSG.py] => Optimal lambda: 1000.0
2025-06-20 23:29:08,573 [GDDSG.py] => Optimal lambda: 1000000.0
2025-06-20 23:29:11,674 [GDDSG.py] => Optimal lambda: 1000000.0
2025-06-20 23:29:14,748 [GDDSG.py] => Optimal lambda: 100.0
2025-06-20 23:29:16,961 [GDDSG.py] => Optimal lambda: 100.0
2025-06-20 23:29:17,820 [GDDSG.py] => 93,632,257 total parameters.
2025-06-20 23:29:17,820 [GDDSG.py] => 7,833,601 training parameters.
2025-06-20 23:30:19,618 [predictitid.py] => Best parameters: a=0.09066813095421009, b=0.6721878033705972, c=0.23714406567519264
2025-06-20 23:30:19,618 [predictitid.py] => Best accuracy: 0.9850477200424178
2025-06-20 23:30:33,171 [GDDSG.py] => Task 9, Backtest 0, Accuracy 0.935546875, ID Accuracy 0.944206008583691
2025-06-20 23:30:42,935 [GDDSG.py] => Task 9, Backtest 1, Accuracy 0.94189453125, ID Accuracy 0.9372197309417041
2025-06-20 23:30:53,350 [GDDSG.py] => Task 9, Backtest 2, Accuracy 0.9013671875, ID Accuracy 0.8972332015810277
2025-06-20 23:31:03,245 [GDDSG.py] => Task 9, Backtest 3, Accuracy 0.87890625, ID Accuracy 0.8790697674418605
2025-06-20 23:31:13,439 [GDDSG.py] => Task 9, Backtest 4, Accuracy 0.9423828125, ID Accuracy 0.9629629629629629
2025-06-20 23:31:23,813 [GDDSG.py] => Task 9, Backtest 5, Accuracy 0.9267578125, ID Accuracy 0.9346153846153846
2025-06-20 23:31:33,701 [GDDSG.py] => Task 9, Backtest 6, Accuracy 0.888671875, ID Accuracy 0.875
2025-06-20 23:31:43,915 [GDDSG.py] => Task 9, Backtest 7, Accuracy 0.95361328125, ID Accuracy 0.9495798319327731
2025-06-20 23:31:54,402 [GDDSG.py] => Task 9, Backtest 8, Accuracy 0.947265625, ID Accuracy 0.9230769230769231
2025-06-20 23:32:05,673 [GDDSG.py] => Task 9, Backtest 9, Accuracy 0.92626953125, ID Accuracy 0.9173913043478261
2025-06-20 23:32:05,674 [GDDSG.py] => Now Task 9, Average Accuracy 0.924267578125
2025-06-20 23:32:05,694 [trainer.py] => Loss history saved to logs/ncm/cub/0/20/ _2024_pretrained_vit_b16_224_in21k_loss_history.csv
2025-06-20 23:32:05,695 [trainer.py] => Total training time: 1266.02 seconds
2025-06-20 23:32:05,695 [trainer.py] => Finishing run
2025-06-20 23:32:05,695 [trainer.py] => 
