2025-06-21 03:09:00,984 [trainer.py] => Starting new run
2025-06-21 03:09:00,985 [trainer.py] => ID: 0
2025-06-21 03:09:00,985 [trainer.py] => dataset: cub
2025-06-21 03:09:00,985 [trainer.py] => shuffle: True
2025-06-21 03:09:00,985 [trainer.py] => init_cls: 20
2025-06-21 03:09:00,986 [trainer.py] => increment: 20
2025-06-21 03:09:00,986 [trainer.py] => k: 20
2025-06-21 03:09:00,986 [trainer.py] => model_name: ncm
2025-06-21 03:09:00,986 [trainer.py] => convnet_type: pretrained_vit_b16_224_in21k
2025-06-21 03:09:00,986 [trainer.py] => device: [0]
2025-06-21 03:09:00,986 [trainer.py] => seed: 4202
2025-06-21 03:09:00,986 [trainer.py] => batch_size: 128
2025-06-21 03:09:00,986 [trainer.py] => tuned_epoch: 0
2025-06-21 03:09:00,986 [trainer.py] => body_lr: 0
2025-06-21 03:09:00,986 [trainer.py] => head_lr: 0
2025-06-21 03:09:00,986 [trainer.py] => weight_decay: 0.0005
2025-06-21 03:09:00,986 [trainer.py] => min_lr: 0
2025-06-21 03:09:00,986 [trainer.py] => use_RP: True
2025-06-21 03:09:00,986 [trainer.py] => M: 10000
2025-06-21 03:09:00,986 [trainer.py] => use_input_norm: False
2025-06-21 03:09:00,986 [trainer.py] => do_not_save: False
2025-06-21 03:09:01,190 [GDDSG.py] => 85,798,656 total parameters.
2025-06-21 03:09:01,191 [GDDSG.py] => 85,798,656 training parameters.
2025-06-21 03:09:01,421 [data_manager.py] => Class Order: [128,157,162,4,33,67,111,144,165,24,167,86,194,18,65,127,15,184,44,91,129,131,182,21,188,171,1,135,93,168,85,180,102,81,132,197,5,60,37,52,170,186,83,172,138,51,166,50,79,161,124,80,27,152,100,13,123,154,117,89,2,58,8,140,151,34,25,181,136,113,150,105,36,173,99,142,179,0,191,185,82,134,56,62,176,196,187,115,87,38,12,164,29,143,74,26,94,92,160,41,195,114,130,104,198,122,118,69,158,59,49,146,28,42,119,7,23,178,64,39,110,53,9,163,116,55,112,66,88,78,84,3,17,156,120,77,95,133,63,75,193,153,61,149,6,30,109,189,108,141,147,96,32,47,175,40,121,183,159,10,107,190,22,19,97,73,57,14,48,199,145,70,192,43,45,35,20,31,126,90,177,106,71,46,98,148,103,139,137,169,72,125,16,155,76,101,11,174,54,68]
2025-06-21 03:09:01,452 [trainer.py] => Pre-trained network parameters: 85798656
2025-06-21 03:09:01,452 [GDDSG.py] => Starting CIL Task 1
2025-06-21 03:09:01,452 [GDDSG.py] => Learning on classes 0-19
2025-06-21 03:09:10,010 [GDDSG.py] => Class Groups: {0: [0, 1, 2, 3, 4, 5, 6, 7, 8, 9, 10, 11, 12, 13, 14, 15, 16, 17, 18, 19], 1: []}
2025-06-21 03:09:11,647 [GDDSG.py] => Optimal lambda: 1000000.0
2025-06-21 03:09:12,760 [GDDSG.py] => 93,678,657 total parameters.
2025-06-21 03:09:12,761 [GDDSG.py] => 7,880,001 training parameters.
2025-06-21 03:09:15,650 [predictitid.py] => Best parameters: a=0.499853296083984, b=0.39086562122443147, c=0.10928108269158454
2025-06-21 03:09:15,650 [predictitid.py] => Best accuracy: 1.0
2025-06-21 03:09:34,370 [GDDSG.py] => Task 0, Backtest 0, Accuracy 0.99169921875, ID Accuracy 1.0
2025-06-21 03:09:34,370 [GDDSG.py] => Now Task 0, Average Accuracy 0.99169921875
2025-06-21 03:09:34,372 [GDDSG.py] => Starting CIL Task 2
2025-06-21 03:09:34,372 [GDDSG.py] => Learning on classes 20-39
2025-06-21 03:09:46,389 [GDDSG.py] => Class Groups: {0: [0, 1, 2, 3, 4, 5, 6, 7, 8, 9, 10, 11, 12, 13, 14, 15, 16, 17, 18, 19], 1: [20, 22, 23, 24, 25, 26, 27, 28, 30, 31, 32, 33, 34, 35, 36, 37, 39], 2: [21, 29, 38], 3: []}
2025-06-21 03:09:48,839 [GDDSG.py] => Optimal lambda: 1000.0
2025-06-21 03:09:51,300 [GDDSG.py] => Optimal lambda: 1000000.0
2025-06-21 03:09:53,815 [GDDSG.py] => Optimal lambda: 1000.0
2025-06-21 03:09:54,695 [GDDSG.py] => 93,509,377 total parameters.
2025-06-21 03:09:54,696 [GDDSG.py] => 7,710,721 training parameters.
2025-06-21 03:10:03,451 [predictitid.py] => Best parameters: a=0.12821764316954531, b=0.6078734742008933, c=0.26390888262956136
2025-06-21 03:10:03,452 [predictitid.py] => Best accuracy: 0.9968068121341139
2025-06-21 03:10:11,930 [GDDSG.py] => Task 1, Backtest 0, Accuracy 0.97998046875, ID Accuracy 0.9959677419354839
2025-06-21 03:10:31,149 [GDDSG.py] => Task 1, Backtest 1, Accuracy 0.9736328125, ID Accuracy 0.9601769911504425
2025-06-21 03:10:31,149 [GDDSG.py] => Now Task 1, Average Accuracy 0.976806640625
2025-06-21 03:10:31,155 [GDDSG.py] => Starting CIL Task 3
2025-06-21 03:10:31,155 [GDDSG.py] => Learning on classes 40-59
2025-06-21 03:10:42,803 [GDDSG.py] => Class Groups: {0: [0, 1, 2, 3, 4, 5, 6, 7, 8, 9, 10, 11, 12, 13, 14, 15, 16, 17, 18, 19], 1: [20, 22, 23, 24, 25, 26, 27, 28, 30, 31, 32, 33, 34, 35, 36, 37, 39, 40, 41, 42], 2: [21, 29, 38, 43, 44, 45, 47, 48, 50, 52, 54, 55, 57, 58, 59], 3: [46, 51, 53, 56], 4: [49], 5: []}
2025-06-21 03:10:45,221 [GDDSG.py] => Optimal lambda: 1000.0
2025-06-21 03:10:49,449 [GDDSG.py] => Optimal lambda: 100000.0
2025-06-21 03:10:52,485 [GDDSG.py] => Optimal lambda: 1000000.0
2025-06-21 03:10:54,743 [GDDSG.py] => Optimal lambda: 100.0
2025-06-21 03:10:57,120 [GDDSG.py] => Optimal lambda: 10000000.0
2025-06-21 03:10:57,992 [GDDSG.py] => 93,524,737 total parameters.
2025-06-21 03:10:57,992 [GDDSG.py] => 7,726,081 training parameters.
2025-06-21 03:11:12,408 [predictitid.py] => Best parameters: a=0.4484871158619046, b=0.6911423810790995, c=-0.13962949694100413
2025-06-21 03:11:12,409 [predictitid.py] => Best accuracy: 0.9932624113475177
2025-06-21 03:11:21,091 [GDDSG.py] => Task 2, Backtest 0, Accuracy 0.9716796875, ID Accuracy 0.9838709677419355
2025-06-21 03:11:31,087 [GDDSG.py] => Task 2, Backtest 1, Accuracy 0.96923828125, ID Accuracy 0.9513274336283186
2025-06-21 03:11:42,071 [GDDSG.py] => Task 2, Backtest 2, Accuracy 0.88134765625, ID Accuracy 0.8728070175438597
2025-06-21 03:11:42,072 [GDDSG.py] => Now Task 2, Average Accuracy 0.9407552083333334
2025-06-21 03:11:42,079 [GDDSG.py] => Starting CIL Task 4
2025-06-21 03:11:42,079 [GDDSG.py] => Learning on classes 60-79
2025-06-21 03:11:53,795 [GDDSG.py] => Class Groups: {0: [0, 1, 2, 3, 4, 5, 6, 7, 8, 9, 10, 11, 12, 13, 14, 15, 16, 17, 18, 19], 1: [20, 22, 23, 24, 25, 26, 27, 28, 30, 31, 32, 33, 34, 35, 36, 37, 39, 40, 41, 42], 2: [21, 29, 38, 43, 44, 45, 47, 48, 50, 52, 54, 55, 57, 58, 59, 60, 61, 62, 63, 65], 3: [46, 51, 53, 56, 66, 68, 69, 71, 72, 73, 74, 75, 77, 78, 79], 4: [49, 64, 76], 5: [67, 70], 6: []}
2025-06-21 03:11:56,252 [GDDSG.py] => Optimal lambda: 1000.0
2025-06-21 03:11:59,628 [GDDSG.py] => Optimal lambda: 10000000.0
2025-06-21 03:12:02,739 [GDDSG.py] => Optimal lambda: 1000000.0
2025-06-21 03:12:05,798 [GDDSG.py] => Optimal lambda: 1000000.0
2025-06-21 03:12:08,858 [GDDSG.py] => Optimal lambda: 1000000.0
2025-06-21 03:12:11,085 [GDDSG.py] => Optimal lambda: 1000.0
2025-06-21 03:12:11,983 [GDDSG.py] => 93,540,097 total parameters.
2025-06-21 03:12:11,984 [GDDSG.py] => 7,741,441 training parameters.
2025-06-21 03:12:32,793 [predictitid.py] => Best parameters: a=0.29055420397128007, b=0.6831961694840963, c=0.026249626544623594
2025-06-21 03:12:32,793 [predictitid.py] => Best accuracy: 0.9904433235996815
2025-06-21 03:12:41,841 [GDDSG.py] => Task 3, Backtest 0, Accuracy 0.9755859375, ID Accuracy 0.9879032258064516
2025-06-21 03:12:52,025 [GDDSG.py] => Task 3, Backtest 1, Accuracy 0.95556640625, ID Accuracy 0.9513274336283186
2025-06-21 03:13:02,273 [GDDSG.py] => Task 3, Backtest 2, Accuracy 0.89013671875, ID Accuracy 0.881578947368421
2025-06-21 03:13:13,466 [GDDSG.py] => Task 3, Backtest 3, Accuracy 0.86572265625, ID Accuracy 0.865546218487395
2025-06-21 03:13:13,467 [GDDSG.py] => Now Task 3, Average Accuracy 0.9217529296875
2025-06-21 03:13:13,477 [GDDSG.py] => Starting CIL Task 5
2025-06-21 03:13:13,477 [GDDSG.py] => Learning on classes 80-99
2025-06-21 03:13:24,913 [GDDSG.py] => Class Groups: {0: [0, 1, 2, 3, 4, 5, 6, 7, 8, 9, 10, 11, 12, 13, 14, 15, 16, 17, 18, 19], 1: [20, 22, 23, 24, 25, 26, 27, 28, 30, 31, 32, 33, 34, 35, 36, 37, 39, 40, 41, 42], 2: [21, 29, 38, 43, 44, 45, 47, 48, 50, 52, 54, 55, 57, 58, 59, 60, 61, 62, 63, 65], 3: [46, 51, 53, 56, 66, 68, 69, 71, 72, 73, 74, 75, 77, 78, 79, 80, 82, 83, 85, 86], 4: [49, 64, 76, 81, 87, 88, 89, 90, 91, 92, 93, 94, 96, 97, 99], 5: [67, 70, 95, 98], 6: [84], 7: []}
2025-06-21 03:13:27,318 [GDDSG.py] => Optimal lambda: 1000.0
2025-06-21 03:13:30,647 [GDDSG.py] => Optimal lambda: 10000000.0
2025-06-21 03:13:33,786 [GDDSG.py] => Optimal lambda: 1000.0
2025-06-21 03:13:36,958 [GDDSG.py] => Optimal lambda: 100000.0
2025-06-21 03:13:39,990 [GDDSG.py] => Optimal lambda: 1000000.0
2025-06-21 03:13:43,052 [GDDSG.py] => Optimal lambda: 100000.0
2025-06-21 03:13:45,266 [GDDSG.py] => Optimal lambda: 1000.0
2025-06-21 03:13:46,171 [GDDSG.py] => 93,555,457 total parameters.
2025-06-21 03:13:46,172 [GDDSG.py] => 7,756,801 training parameters.
2025-06-21 03:14:12,523 [predictitid.py] => Best parameters: a=0.09144044184528013, b=0.7657098857932203, c=0.1428496723614996
2025-06-21 03:14:12,523 [predictitid.py] => Best accuracy: 0.9885252868678283
2025-06-21 03:14:21,499 [GDDSG.py] => Task 4, Backtest 0, Accuracy 0.9716796875, ID Accuracy 0.9838709677419355
2025-06-21 03:14:31,579 [GDDSG.py] => Task 4, Backtest 1, Accuracy 0.94677734375, ID Accuracy 0.9424778761061947
2025-06-21 03:14:41,414 [GDDSG.py] => Task 4, Backtest 2, Accuracy 0.8857421875, ID Accuracy 0.8859649122807017
2025-06-21 03:14:51,554 [GDDSG.py] => Task 4, Backtest 3, Accuracy 0.86962890625, ID Accuracy 0.8739495798319328
2025-06-21 03:15:12,051 [GDDSG.py] => Task 4, Backtest 4, Accuracy 0.953125, ID Accuracy 0.93359375
2025-06-21 03:15:12,051 [GDDSG.py] => Now Task 4, Average Accuracy 0.925390625
2025-06-21 03:15:12,061 [GDDSG.py] => Starting CIL Task 6
2025-06-21 03:15:12,061 [GDDSG.py] => Learning on classes 100-119
2025-06-21 03:15:23,666 [GDDSG.py] => Class Groups: {0: [0, 1, 2, 3, 4, 5, 6, 7, 8, 9, 10, 11, 12, 13, 14, 15, 16, 17, 18, 19], 1: [20, 22, 23, 24, 25, 26, 27, 28, 30, 31, 32, 33, 34, 35, 36, 37, 39, 40, 41, 42], 2: [21, 29, 38, 43, 44, 45, 47, 48, 50, 52, 54, 55, 57, 58, 59, 60, 61, 62, 63, 65], 3: [46, 51, 53, 56, 66, 68, 69, 71, 72, 73, 74, 75, 77, 78, 79, 80, 82, 83, 85, 86], 4: [49, 64, 76, 81, 87, 88, 89, 90, 91, 92, 93, 94, 96, 97, 99, 100, 102, 103, 107, 109], 5: [67, 70, 95, 98, 101, 104, 108, 110, 111, 112, 113, 114, 115, 116, 118], 6: [84, 105, 106, 117, 119], 7: []}
2025-06-21 03:15:26,091 [GDDSG.py] => Optimal lambda: 1000.0
2025-06-21 03:15:29,439 [GDDSG.py] => Optimal lambda: 10000000.0
2025-06-21 03:15:32,633 [GDDSG.py] => Optimal lambda: 1000.0
2025-06-21 03:15:35,819 [GDDSG.py] => Optimal lambda: 1000.0
2025-06-21 03:15:38,961 [GDDSG.py] => Optimal lambda: 1000000.0
2025-06-21 03:15:42,025 [GDDSG.py] => Optimal lambda: 1000000.0
2025-06-21 03:15:45,054 [GDDSG.py] => Optimal lambda: 100.0
2025-06-21 03:15:45,761 [GDDSG.py] => 93,570,817 total parameters.
2025-06-21 03:15:45,761 [GDDSG.py] => 7,772,161 training parameters.
2025-06-21 03:16:17,711 [predictitid.py] => Best parameters: a=0.09509897982822335, b=0.6874610135682857, c=0.21744000660349094
2025-06-21 03:16:17,711 [predictitid.py] => Best accuracy: 0.9879282797798686
2025-06-21 03:16:26,782 [GDDSG.py] => Task 5, Backtest 0, Accuracy 0.9716796875, ID Accuracy 0.9838709677419355
2025-06-21 03:16:36,967 [GDDSG.py] => Task 5, Backtest 1, Accuracy 0.94677734375, ID Accuracy 0.9424778761061947
2025-06-21 03:16:47,048 [GDDSG.py] => Task 5, Backtest 2, Accuracy 0.89892578125, ID Accuracy 0.8859649122807017
2025-06-21 03:16:57,302 [GDDSG.py] => Task 5, Backtest 3, Accuracy 0.861328125, ID Accuracy 0.8571428571428571
2025-06-21 03:17:07,909 [GDDSG.py] => Task 5, Backtest 4, Accuracy 0.93359375, ID Accuracy 0.93359375
2025-06-21 03:17:18,064 [GDDSG.py] => Task 5, Backtest 5, Accuracy 0.88037109375, ID Accuracy 0.8672566371681416
2025-06-21 03:17:18,065 [GDDSG.py] => Now Task 5, Average Accuracy 0.9154459635416666
2025-06-21 03:17:18,075 [GDDSG.py] => Starting CIL Task 7
2025-06-21 03:17:18,075 [GDDSG.py] => Learning on classes 120-139
2025-06-21 03:17:30,082 [GDDSG.py] => Class Groups: {0: [0, 1, 2, 3, 4, 5, 6, 7, 8, 9, 10, 11, 12, 13, 14, 15, 16, 17, 18, 19], 1: [20, 22, 23, 24, 25, 26, 27, 28, 30, 31, 32, 33, 34, 35, 36, 37, 39, 40, 41, 42], 2: [21, 29, 38, 43, 44, 45, 47, 48, 50, 52, 54, 55, 57, 58, 59, 60, 61, 62, 63, 65], 3: [46, 51, 53, 56, 66, 68, 69, 71, 72, 73, 74, 75, 77, 78, 79, 80, 82, 83, 85, 86], 4: [49, 64, 76, 81, 87, 88, 89, 90, 91, 92, 93, 94, 96, 97, 99, 100, 102, 103, 107, 109], 5: [67, 70, 95, 98, 101, 104, 108, 110, 111, 112, 113, 114, 115, 116, 118, 120, 121, 122, 125, 127], 6: [84, 105, 106, 117, 119, 123, 128, 129, 130, 131, 132, 135, 136, 137, 138, 139], 7: [124, 133], 8: [126], 9: [134], 10: []}
2025-06-21 03:17:32,491 [GDDSG.py] => Optimal lambda: 1000.0
2025-06-21 03:17:35,844 [GDDSG.py] => Optimal lambda: 10000000.0
2025-06-21 03:17:39,010 [GDDSG.py] => Optimal lambda: 1000.0
2025-06-21 03:17:42,172 [GDDSG.py] => Optimal lambda: 1000.0
2025-06-21 03:17:45,330 [GDDSG.py] => Optimal lambda: 1000.0
2025-06-21 03:17:48,440 [GDDSG.py] => Optimal lambda: 1000000.0
2025-06-21 03:17:51,522 [GDDSG.py] => Optimal lambda: 1000000.0
2025-06-21 03:17:53,764 [GDDSG.py] => Optimal lambda: 1000.0
2025-06-21 03:17:56,149 [GDDSG.py] => Optimal lambda: 100.0
2025-06-21 03:17:58,553 [GDDSG.py] => Optimal lambda: 100.0
2025-06-21 03:17:59,457 [GDDSG.py] => 93,586,177 total parameters.
2025-06-21 03:17:59,458 [GDDSG.py] => 7,787,521 training parameters.
2025-06-21 03:18:39,350 [predictitid.py] => Best parameters: a=0.04761921683965773, b=0.7643493868477931, c=0.18803139631254917
2025-06-21 03:18:39,350 [predictitid.py] => Best accuracy: 0.9881584940033399
2025-06-21 03:18:48,645 [GDDSG.py] => Task 6, Backtest 0, Accuracy 0.9677734375, ID Accuracy 0.9798387096774194
2025-06-21 03:18:58,793 [GDDSG.py] => Task 6, Backtest 1, Accuracy 0.951171875, ID Accuracy 0.9513274336283186
2025-06-21 03:19:08,882 [GDDSG.py] => Task 6, Backtest 2, Accuracy 0.88134765625, ID Accuracy 0.8859649122807017
2025-06-21 03:19:18,956 [GDDSG.py] => Task 6, Backtest 3, Accuracy 0.85693359375, ID Accuracy 0.865546218487395
2025-06-21 03:19:29,590 [GDDSG.py] => Task 6, Backtest 4, Accuracy 0.9296875, ID Accuracy 0.9375
2025-06-21 03:19:39,818 [GDDSG.py] => Task 6, Backtest 5, Accuracy 0.86279296875, ID Accuracy 0.8539823008849557
2025-06-21 03:19:50,828 [GDDSG.py] => Task 6, Backtest 6, Accuracy 0.94482421875, ID Accuracy 0.9403669724770642
2025-06-21 03:19:50,829 [GDDSG.py] => Now Task 6, Average Accuracy 0.9135044642857143
2025-06-21 03:19:50,840 [GDDSG.py] => Starting CIL Task 8
2025-06-21 03:19:50,840 [GDDSG.py] => Learning on classes 140-159
2025-06-21 03:20:02,515 [GDDSG.py] => Class Groups: {0: [0, 1, 2, 3, 4, 5, 6, 7, 8, 9, 10, 11, 12, 13, 14, 15, 16, 17, 18, 19], 1: [20, 22, 23, 24, 25, 26, 27, 28, 30, 31, 32, 33, 34, 35, 36, 37, 39, 40, 41, 42], 2: [21, 29, 38, 43, 44, 45, 47, 48, 50, 52, 54, 55, 57, 58, 59, 60, 61, 62, 63, 65], 3: [46, 51, 53, 56, 66, 68, 69, 71, 72, 73, 74, 75, 77, 78, 79, 80, 82, 83, 85, 86], 4: [49, 64, 76, 81, 87, 88, 89, 90, 91, 92, 93, 94, 96, 97, 99, 100, 102, 103, 107, 109], 5: [67, 70, 95, 98, 101, 104, 108, 110, 111, 112, 113, 114, 115, 116, 118, 120, 121, 122, 125, 127], 6: [84, 105, 106, 117, 119, 123, 128, 129, 130, 131, 132, 135, 136, 137, 138, 139, 140, 143, 144, 145], 7: [124, 133, 141, 142, 146, 147, 148, 149, 150, 151, 152, 153, 154, 155, 157, 158, 159], 8: [126], 9: [134], 10: [156], 11: []}
2025-06-21 03:20:04,933 [GDDSG.py] => Optimal lambda: 1000.0
2025-06-21 03:20:08,312 [GDDSG.py] => Optimal lambda: 10000000.0
2025-06-21 03:20:11,465 [GDDSG.py] => Optimal lambda: 1000.0
2025-06-21 03:20:14,615 [GDDSG.py] => Optimal lambda: 1000.0
2025-06-21 03:20:17,798 [GDDSG.py] => Optimal lambda: 1000.0
2025-06-21 03:20:21,013 [GDDSG.py] => Optimal lambda: 1000.0
2025-06-21 03:20:24,129 [GDDSG.py] => Optimal lambda: 1000000.0
2025-06-21 03:20:27,138 [GDDSG.py] => Optimal lambda: 1000000.0
2025-06-21 03:20:30,139 [GDDSG.py] => Optimal lambda: 1.0
2025-06-21 03:20:33,135 [GDDSG.py] => Optimal lambda: 1000.0
2025-06-21 03:20:35,332 [GDDSG.py] => Optimal lambda: 10000.0
2025-06-21 03:20:36,220 [GDDSG.py] => 93,601,537 total parameters.
2025-06-21 03:20:36,221 [GDDSG.py] => 7,802,881 training parameters.
2025-06-21 03:21:21,530 [predictitid.py] => Best parameters: a=0.0013320748110688188, b=0.7595104937340982, c=0.23915743145483304
2025-06-21 03:21:21,530 [predictitid.py] => Best accuracy: 0.9879262305957277
2025-06-21 03:21:30,819 [GDDSG.py] => Task 7, Backtest 0, Accuracy 0.36279296875, ID Accuracy 0.9879032258064516
2025-06-21 03:21:40,873 [GDDSG.py] => Task 7, Backtest 1, Accuracy 0.36279296875, ID Accuracy 0.9513274336283186
2025-06-21 03:21:50,869 [GDDSG.py] => Task 7, Backtest 2, Accuracy 0.368408203125, ID Accuracy 0.881578947368421
2025-06-21 03:22:01,104 [GDDSG.py] => Task 7, Backtest 3, Accuracy 0.344482421875, ID Accuracy 0.8529411764705882
2025-06-21 03:22:11,651 [GDDSG.py] => Task 7, Backtest 4, Accuracy 0.34765625, ID Accuracy 0.94140625
2025-06-21 03:22:21,929 [GDDSG.py] => Task 7, Backtest 5, Accuracy 0.380615234375, ID Accuracy 0.8672566371681416
2025-06-21 03:22:32,013 [GDDSG.py] => Task 7, Backtest 6, Accuracy 0.330322265625, ID Accuracy 0.9403669724770642
2025-06-21 03:22:42,387 [GDDSG.py] => Task 7, Backtest 7, Accuracy 0.453857421875, ID Accuracy 0.9369747899159664
2025-06-21 03:22:42,388 [GDDSG.py] => Now Task 7, Average Accuracy 0.368865966796875
2025-06-21 03:22:42,403 [GDDSG.py] => Starting CIL Task 9
2025-06-21 03:22:42,403 [GDDSG.py] => Learning on classes 160-179
2025-06-21 03:22:54,266 [GDDSG.py] => Class Groups: {0: [0, 1, 2, 3, 4, 5, 6, 7, 8, 9, 10, 11, 12, 13, 14, 15, 16, 17, 18, 19], 1: [20, 22, 23, 24, 25, 26, 27, 28, 30, 31, 32, 33, 34, 35, 36, 37, 39, 40, 41, 42], 2: [21, 29, 38, 43, 44, 45, 47, 48, 50, 52, 54, 55, 57, 58, 59, 60, 61, 62, 63, 65], 3: [46, 51, 53, 56, 66, 68, 69, 71, 72, 73, 74, 75, 77, 78, 79, 80, 82, 83, 85, 86], 4: [49, 64, 76, 81, 87, 88, 89, 90, 91, 92, 93, 94, 96, 97, 99, 100, 102, 103, 107, 109], 5: [67, 70, 95, 98, 101, 104, 108, 110, 111, 112, 113, 114, 115, 116, 118, 120, 121, 122, 125, 127], 6: [84, 105, 106, 117, 119, 123, 128, 129, 130, 131, 132, 135, 136, 137, 138, 139, 140, 143, 144, 145], 7: [124, 133, 141, 142, 146, 147, 148, 149, 150, 151, 152, 153, 154, 155, 157, 158, 159, 160, 161, 162], 8: [126, 163, 164, 165, 166, 167, 168, 169, 170, 171, 172, 173, 174, 175, 176, 177, 179], 9: [134], 10: [156], 11: [178], 12: []}
2025-06-21 03:22:56,672 [GDDSG.py] => Optimal lambda: 1000.0
2025-06-21 03:23:00,020 [GDDSG.py] => Optimal lambda: 10000000.0
2025-06-21 03:23:03,148 [GDDSG.py] => Optimal lambda: 1000.0
2025-06-21 03:23:06,309 [GDDSG.py] => Optimal lambda: 1000.0
2025-06-21 03:23:09,455 [GDDSG.py] => Optimal lambda: 1000.0
2025-06-21 03:23:12,610 [GDDSG.py] => Optimal lambda: 1000.0
2025-06-21 03:23:15,766 [GDDSG.py] => Optimal lambda: 100000000.0
2025-06-21 03:23:18,907 [GDDSG.py] => Optimal lambda: 1000000.0
2025-06-21 03:23:21,910 [GDDSG.py] => Optimal lambda: 1000000.0
2025-06-21 03:23:24,952 [GDDSG.py] => Optimal lambda: 1000.0
2025-06-21 03:23:27,935 [GDDSG.py] => Optimal lambda: 1000.0
2025-06-21 03:23:30,121 [GDDSG.py] => Optimal lambda: 100.0
2025-06-21 03:23:30,979 [GDDSG.py] => 93,616,897 total parameters.
2025-06-21 03:23:30,979 [GDDSG.py] => 7,818,241 training parameters.
2025-06-21 03:24:24,173 [predictitid.py] => Best parameters: a=0.0763137384870204, b=0.7347780646288693, c=0.1889081968841103
2025-06-21 03:24:24,173 [predictitid.py] => Best accuracy: 0.9883185840707964
2025-06-21 03:24:33,594 [GDDSG.py] => Task 8, Backtest 0, Accuracy 0.9638671875, ID Accuracy 0.9838709677419355
2025-06-21 03:24:43,759 [GDDSG.py] => Task 8, Backtest 1, Accuracy 0.9423828125, ID Accuracy 0.9424778761061947
2025-06-21 03:24:53,775 [GDDSG.py] => Task 8, Backtest 2, Accuracy 0.876953125, ID Accuracy 0.8771929824561403
2025-06-21 03:25:04,131 [GDDSG.py] => Task 8, Backtest 3, Accuracy 0.85302734375, ID Accuracy 0.8571428571428571
2025-06-21 03:25:14,818 [GDDSG.py] => Task 8, Backtest 4, Accuracy 0.9296875, ID Accuracy 0.93359375
2025-06-21 03:25:25,150 [GDDSG.py] => Task 8, Backtest 5, Accuracy 0.8408203125, ID Accuracy 0.8628318584070797
2025-06-21 03:25:34,983 [GDDSG.py] => Task 8, Backtest 6, Accuracy 0.94482421875, ID Accuracy 0.9495412844036697
2025-06-21 03:25:45,247 [GDDSG.py] => Task 8, Backtest 7, Accuracy 0.9453125, ID Accuracy 0.9369747899159664
2025-06-21 03:26:05,817 [GDDSG.py] => Task 8, Backtest 8, Accuracy 0.9638671875, ID Accuracy 0.9317269076305221
2025-06-21 03:26:05,818 [GDDSG.py] => Now Task 8, Average Accuracy 0.9178602430555556
2025-06-21 03:26:05,831 [GDDSG.py] => Starting CIL Task 10
2025-06-21 03:26:05,831 [GDDSG.py] => Learning on classes 180-199
2025-06-21 03:26:17,823 [GDDSG.py] => Class Groups: {0: [0, 1, 2, 3, 4, 5, 6, 7, 8, 9, 10, 11, 12, 13, 14, 15, 16, 17, 18, 19], 1: [20, 22, 23, 24, 25, 26, 27, 28, 30, 31, 32, 33, 34, 35, 36, 37, 39, 40, 41, 42], 2: [21, 29, 38, 43, 44, 45, 47, 48, 50, 52, 54, 55, 57, 58, 59, 60, 61, 62, 63, 65], 3: [46, 51, 53, 56, 66, 68, 69, 71, 72, 73, 74, 75, 77, 78, 79, 80, 82, 83, 85, 86], 4: [49, 64, 76, 81, 87, 88, 89, 90, 91, 92, 93, 94, 96, 97, 99, 100, 102, 103, 107, 109], 5: [67, 70, 95, 98, 101, 104, 108, 110, 111, 112, 113, 114, 115, 116, 118, 120, 121, 122, 125, 127], 6: [84, 105, 106, 117, 119, 123, 128, 129, 130, 131, 132, 135, 136, 137, 138, 139, 140, 143, 144, 145], 7: [124, 133, 141, 142, 146, 147, 148, 149, 150, 151, 152, 153, 154, 155, 157, 158, 159, 160, 161, 162], 8: [126, 163, 164, 165, 166, 167, 168, 169, 170, 171, 172, 173, 174, 175, 176, 177, 179, 180, 181, 183], 9: [134, 182, 184, 185, 186, 187, 188, 189, 190, 192, 193, 194, 195, 196, 197, 198, 199], 10: [156], 11: [178, 191], 12: []}
2025-06-21 03:26:20,227 [GDDSG.py] => Optimal lambda: 1000.0
2025-06-21 03:26:23,612 [GDDSG.py] => Optimal lambda: 10000000.0
2025-06-21 03:26:26,804 [GDDSG.py] => Optimal lambda: 1000.0
2025-06-21 03:26:29,953 [GDDSG.py] => Optimal lambda: 1000.0
2025-06-21 03:26:33,094 [GDDSG.py] => Optimal lambda: 1000.0
2025-06-21 03:26:36,230 [GDDSG.py] => Optimal lambda: 1000.0
2025-06-21 03:26:39,380 [GDDSG.py] => Optimal lambda: 100000000.0
2025-06-21 03:26:42,518 [GDDSG.py] => Optimal lambda: 10000000.0
2025-06-21 03:26:45,655 [GDDSG.py] => Optimal lambda: 100000.0
2025-06-21 03:26:48,697 [GDDSG.py] => Optimal lambda: 1000000.0
2025-06-21 03:26:51,739 [GDDSG.py] => Optimal lambda: 1000.0
2025-06-21 03:26:54,778 [GDDSG.py] => Optimal lambda: 1000000.0
2025-06-21 03:26:55,473 [GDDSG.py] => 93,632,257 total parameters.
2025-06-21 03:26:55,473 [GDDSG.py] => 7,833,601 training parameters.
2025-06-21 03:27:54,291 [predictitid.py] => Best parameters: a=0.03081561239490379, b=0.7036251029806062, c=0.26555928462448997
2025-06-21 03:27:54,291 [predictitid.py] => Best accuracy: 0.9881230116648992
2025-06-21 03:28:03,899 [GDDSG.py] => Task 9, Backtest 0, Accuracy 0.9677734375, ID Accuracy 0.9879032258064516
2025-06-21 03:28:14,284 [GDDSG.py] => Task 9, Backtest 1, Accuracy 0.93798828125, ID Accuracy 0.9380530973451328
2025-06-21 03:28:24,461 [GDDSG.py] => Task 9, Backtest 2, Accuracy 0.8857421875, ID Accuracy 0.8771929824561403
2025-06-21 03:28:34,667 [GDDSG.py] => Task 9, Backtest 3, Accuracy 0.8486328125, ID Accuracy 0.8613445378151261
2025-06-21 03:28:45,347 [GDDSG.py] => Task 9, Backtest 4, Accuracy 0.92578125, ID Accuracy 0.92578125
2025-06-21 03:28:55,571 [GDDSG.py] => Task 9, Backtest 5, Accuracy 0.8408203125, ID Accuracy 0.8672566371681416
2025-06-21 03:29:05,562 [GDDSG.py] => Task 9, Backtest 6, Accuracy 0.93115234375, ID Accuracy 0.9357798165137615
2025-06-21 03:29:15,928 [GDDSG.py] => Task 9, Backtest 7, Accuracy 0.9326171875, ID Accuracy 0.9285714285714286
2025-06-21 03:29:26,409 [GDDSG.py] => Task 9, Backtest 8, Accuracy 0.9638671875, ID Accuracy 0.9477911646586346
2025-06-21 03:29:46,164 [GDDSG.py] => Task 9, Backtest 9, Accuracy 0.95654296875, ID Accuracy 0.9523809523809523
2025-06-21 03:29:46,164 [GDDSG.py] => Now Task 9, Average Accuracy 0.919091796875
2025-06-21 03:29:46,185 [trainer.py] => Loss history saved to logs/ncm/cub/0/20/ _4202_pretrained_vit_b16_224_in21k_loss_history.csv
2025-06-21 03:29:46,185 [trainer.py] => Total training time: 1245.20 seconds
2025-06-21 03:29:46,186 [trainer.py] => Finishing run
2025-06-21 03:29:46,186 [trainer.py] => 
